#
# There is insufficient memory for the Java Runtime Environment to continue.
# Native memory allocation (malloc) failed to allocate 1995856 bytes for Chunk::new
# Possible reasons:
#   The system is out of physical RAM or swap space
#   The process is running with CompressedOops enabled, and the Java Heap may be blocking the growth of the native heap
# Possible solutions:
#   Reduce memory load on the system
#   Increase physical memory or swap space
#   Check if swap backing store is full
#   Decrease Java heap size (-Xmx/-Xms)
#   Decrease number of Java threads
#   Decrease Java thread stack sizes (-Xss)
#   Set larger code cache with -XX:ReservedCodeCacheSize=
#   JVM is running with Unscaled Compressed Oops mode in which the Java heap is
#     placed in the first 4GB address space. The Java Heap base address is the
#     maximum limit for the native heap growth. Please use -XX:HeapBaseMinAddress
#     to set the Java Heap base and to place the Java Heap above 4GB virtual address.
# This output file may be truncated or incomplete.
#
#  Out of Memory Error (arena.cpp:189), pid=2204, tid=17200
#
# JRE version: Java(TM) SE Runtime Environment (17.0.1+12) (build 17.0.1+12-LTS-39)
# Java VM: Java HotSpot(TM) 64-Bit Server VM (17.0.1+12-LTS-39, mixed mode, sharing, tiered, compressed oops, compressed class ptrs, g1 gc, windows-amd64)
# No core dump will be written. Minidumps are not enabled by default on client versions of Windows
#

---------------  S U M M A R Y ------------

Command Line: c:\Users\shiks\.vscode\extensions\salesforce.salesforce-vscode-slds-2.0.12\lsp-2.0.12-executable.jar --PORT=52142

Host: 11th Gen Intel(R) Core(TM) i3-1115G4 @ 3.00GHz, 4 cores, 7G,  Windows 10 , 64 bit Build 19041 (10.0.19041.1503)
Time: Tue Oct  7 22:06:12 2025 India Standard Time elapsed time: 3.641676 seconds (0d 0h 0m 3s)

---------------  T H R E A D  ---------------

Current thread (0x00000115a2034ed0):  JavaThread "C2 CompilerThread1" daemon [_thread_in_native, id=17200, stack(0x00000004de200000,0x00000004de300000)]


Current CompileTask:
C2:   3641 1218       4       org.springframework.boot.loader.net.protocol.jar.Handler::openConnection (5 bytes)

Stack: [0x00000004de200000,0x00000004de300000]
Native frames: (J=compiled Java code, j=interpreted, Vv=VM code, C=native code)
V  [jvm.dll+0x66fa1a]
V  [jvm.dll+0x7ce5a4]
V  [jvm.dll+0x7cfd4e]
V  [jvm.dll+0x7d03b3]
V  [jvm.dll+0x242b05]
V  [jvm.dll+0xaa05b]
V  [jvm.dll+0xaa5ec]
V  [jvm.dll+0x35f9b2]
V  [jvm.dll+0x329f51]
V  [jvm.dll+0x3293fa]
V  [jvm.dll+0x215bf1]
V  [jvm.dll+0x215011]
V  [jvm.dll+0x1a168d]
V  [jvm.dll+0x224848]
V  [jvm.dll+0x2229ac]
V  [jvm.dll+0x78435b]
V  [jvm.dll+0x77e91a]
V  [jvm.dll+0x66e845]
C  [ucrtbase.dll+0x21bb2]
C  [KERNEL32.DLL+0x17034]
C  [ntdll.dll+0x52651]


---------------  P R O C E S S  ---------------

Threads class SMR info:
_java_thread_list=0x00000115a18d9940, length=14, elements={
0x000001158328c440, 0x00000115a084f4c0, 0x00000115a0852280, 0x00000115a08687f0,
0x00000115a08691a0, 0x00000115a086bb60, 0x00000115a086c510, 0x00000115a086d2a0,
0x00000115a086dd40, 0x00000115a0871b00, 0x00000115a14a53f0, 0x00000115a14a9f70,
0x00000115a1646c80, 0x00000115a2034ed0
}

Java Threads: ( => current thread )
  0x000001158328c440 JavaThread "main" [_thread_in_native, id=11512, stack(0x00000004dca00000,0x00000004dcb00000)]
  0x00000115a084f4c0 JavaThread "Reference Handler" daemon [_thread_blocked, id=968, stack(0x00000004dd200000,0x00000004dd300000)]
  0x00000115a0852280 JavaThread "Finalizer" daemon [_thread_blocked, id=14916, stack(0x00000004dd300000,0x00000004dd400000)]
  0x00000115a08687f0 JavaThread "Signal Dispatcher" daemon [_thread_blocked, id=15140, stack(0x00000004dd400000,0x00000004dd500000)]
  0x00000115a08691a0 JavaThread "Attach Listener" daemon [_thread_blocked, id=9616, stack(0x00000004dd500000,0x00000004dd600000)]
  0x00000115a086bb60 JavaThread "Service Thread" daemon [_thread_blocked, id=8828, stack(0x00000004dd600000,0x00000004dd700000)]
  0x00000115a086c510 JavaThread "Monitor Deflation Thread" daemon [_thread_blocked, id=17276, stack(0x00000004dd700000,0x00000004dd800000)]
  0x00000115a086d2a0 JavaThread "C2 CompilerThread0" daemon [_thread_in_native, id=9520, stack(0x00000004dd800000,0x00000004dd900000)]
  0x00000115a086dd40 JavaThread "C1 CompilerThread0" daemon [_thread_blocked, id=14980, stack(0x00000004dd900000,0x00000004dda00000)]
  0x00000115a0871b00 JavaThread "Sweeper thread" daemon [_thread_blocked, id=11736, stack(0x00000004dda00000,0x00000004ddb00000)]
  0x00000115a14a53f0 JavaThread "Notification Thread" daemon [_thread_blocked, id=12424, stack(0x00000004ddb00000,0x00000004ddc00000)]
  0x00000115a14a9f70 JavaThread "Common-Cleaner" daemon [_thread_blocked, id=5408, stack(0x00000004ddd00000,0x00000004dde00000)]
  0x00000115a1646c80 JavaThread "Cleaner-0" daemon [_thread_blocked, id=8124, stack(0x00000004dde00000,0x00000004ddf00000)]
=>0x00000115a2034ed0 JavaThread "C2 CompilerThread1" daemon [_thread_in_native, id=17200, stack(0x00000004de200000,0x00000004de300000)]

Other Threads:
  0x00000115a08489b0 VMThread "VM Thread" [stack: 0x00000004dd100000,0x00000004dd200000] [id=12680]
  0x00000115a14a98d0 WatcherThread [stack: 0x00000004ddc00000,0x00000004ddd00000] [id=8432]
  0x00000115832ca8b0 GCTaskThread "GC Thread#0" [stack: 0x00000004dcc00000,0x00000004dcd00000] [id=13504]
  0x00000115a19a7000 GCTaskThread "GC Thread#1" [stack: 0x00000004ddf00000,0x00000004de000000] [id=13424]
  0x00000115a19de980 GCTaskThread "GC Thread#2" [stack: 0x00000004de000000,0x00000004de100000] [id=1844]
  0x00000115a19dec30 GCTaskThread "GC Thread#3" [stack: 0x00000004de100000,0x00000004de200000] [id=11068]
  0x00000115832dae70 ConcurrentGCThread "G1 Main Marker" [stack: 0x00000004dcd00000,0x00000004dce00000] [id=12352]
  0x00000115832db880 ConcurrentGCThread "G1 Conc#0" [stack: 0x00000004dce00000,0x00000004dcf00000] [id=8368]
  0x0000011583340d80 ConcurrentGCThread "G1 Refine#0" [stack: 0x00000004dcf00000,0x00000004dd000000] [id=15300]
  0x00000115833417a0 ConcurrentGCThread "G1 Service" [stack: 0x00000004dd000000,0x00000004dd100000] [id=16976]

Threads with active compile tasks:
C2 CompilerThread0     3660 1175   !   4       jdk.internal.loader.URLClassPath$Loader::getResource (92 bytes)
C2 CompilerThread1     3660 1218       4       org.springframework.boot.loader.net.protocol.jar.Handler::openConnection (5 bytes)

VM state: not at safepoint (normal execution)

VM Mutex/Monitor currently owned by a thread: None

Heap address: 0x0000000084c00000, size: 1972 MB, Compressed Oops mode: 32-bit

CDS archive(s) mapped at: [0x0000000800000000-0x0000000800bc0000-0x0000000800bc0000), size 12320768, SharedBaseAddress: 0x0000000800000000, ArchiveRelocationMode: 0.
Compressed class space mapped at: 0x0000000800c00000-0x0000000840c00000, reserved size: 1073741824
Narrow klass base: 0x0000000800000000, Narrow klass shift: 0, Narrow klass range: 0x100000000

GC Precious Log:
 CPUs: 4 total, 4 available
 Memory: 7886M
 Large Page Support: Disabled
 NUMA Support: Disabled
 Compressed Oops: Enabled (32-bit)
 Heap Region Size: 1M
 Heap Min Capacity: 8M
 Heap Initial Capacity: 124M
 Heap Max Capacity: 1972M
 Pre-touch: Disabled
 Parallel Workers: 4
 Concurrent Workers: 1
 Concurrent Refinement Workers: 4
 Periodic GC: Disabled

Heap:
 garbage-first heap   total 126976K, used 16192K [0x0000000084c00000, 0x0000000100000000)
  region size 1024K, 17 young (17408K), 2 survivors (2048K)
 Metaspace       used 3959K, committed 4224K, reserved 1056768K
  class space    used 427K, committed 512K, reserved 1048576K

Heap Regions: E=young(eden), S=young(survivor), O=old, HS=humongous(starts), HC=humongous(continues), CS=collection set, F=free, OA=open archive, CA=closed archive, TAMS=top-at-mark-start (previous, next)
|   0|0x0000000084c00000, 0x0000000084c00000, 0x0000000084d00000|  0%| F|  |TAMS 0x0000000084c00000, 0x0000000084c00000| Untracked 
|   1|0x0000000084d00000, 0x0000000084d00000, 0x0000000084e00000|  0%| F|  |TAMS 0x0000000084d00000, 0x0000000084d00000| Untracked 
|   2|0x0000000084e00000, 0x0000000084e00000, 0x0000000084f00000|  0%| F|  |TAMS 0x0000000084e00000, 0x0000000084e00000| Untracked 
|   3|0x0000000084f00000, 0x0000000084f00000, 0x0000000085000000|  0%| F|  |TAMS 0x0000000084f00000, 0x0000000084f00000| Untracked 
|   4|0x0000000085000000, 0x0000000085000000, 0x0000000085100000|  0%| F|  |TAMS 0x0000000085000000, 0x0000000085000000| Untracked 
|   5|0x0000000085100000, 0x0000000085100000, 0x0000000085200000|  0%| F|  |TAMS 0x0000000085100000, 0x0000000085100000| Untracked 
|   6|0x0000000085200000, 0x0000000085200000, 0x0000000085300000|  0%| F|  |TAMS 0x0000000085200000, 0x0000000085200000| Untracked 
|   7|0x0000000085300000, 0x0000000085300000, 0x0000000085400000|  0%| F|  |TAMS 0x0000000085300000, 0x0000000085300000| Untracked 
|   8|0x0000000085400000, 0x0000000085400000, 0x0000000085500000|  0%| F|  |TAMS 0x0000000085400000, 0x0000000085400000| Untracked 
|   9|0x0000000085500000, 0x0000000085500000, 0x0000000085600000|  0%| F|  |TAMS 0x0000000085500000, 0x0000000085500000| Untracked 
|  10|0x0000000085600000, 0x0000000085600000, 0x0000000085700000|  0%| F|  |TAMS 0x0000000085600000, 0x0000000085600000| Untracked 
|  11|0x0000000085700000, 0x0000000085700000, 0x0000000085800000|  0%| F|  |TAMS 0x0000000085700000, 0x0000000085700000| Untracked 
|  12|0x0000000085800000, 0x0000000085800000, 0x0000000085900000|  0%| F|  |TAMS 0x0000000085800000, 0x0000000085800000| Untracked 
|  13|0x0000000085900000, 0x0000000085900000, 0x0000000085a00000|  0%| F|  |TAMS 0x0000000085900000, 0x0000000085900000| Untracked 
|  14|0x0000000085a00000, 0x0000000085a00000, 0x0000000085b00000|  0%| F|  |TAMS 0x0000000085a00000, 0x0000000085a00000| Untracked 
|  15|0x0000000085b00000, 0x0000000085b00000, 0x0000000085c00000|  0%| F|  |TAMS 0x0000000085b00000, 0x0000000085b00000| Untracked 
|  16|0x0000000085c00000, 0x0000000085c00000, 0x0000000085d00000|  0%| F|  |TAMS 0x0000000085c00000, 0x0000000085c00000| Untracked 
|  17|0x0000000085d00000, 0x0000000085d00000, 0x0000000085e00000|  0%| F|  |TAMS 0x0000000085d00000, 0x0000000085d00000| Untracked 
|  18|0x0000000085e00000, 0x0000000085e00000, 0x0000000085f00000|  0%| F|  |TAMS 0x0000000085e00000, 0x0000000085e00000| Untracked 
|  19|0x0000000085f00000, 0x0000000085f00000, 0x0000000086000000|  0%| F|  |TAMS 0x0000000085f00000, 0x0000000085f00000| Untracked 
|  20|0x0000000086000000, 0x0000000086000000, 0x0000000086100000|  0%| F|  |TAMS 0x0000000086000000, 0x0000000086000000| Untracked 
|  21|0x0000000086100000, 0x0000000086100000, 0x0000000086200000|  0%| F|  |TAMS 0x0000000086100000, 0x0000000086100000| Untracked 
|  22|0x0000000086200000, 0x0000000086200000, 0x0000000086300000|  0%| F|  |TAMS 0x0000000086200000, 0x0000000086200000| Untracked 
|  23|0x0000000086300000, 0x0000000086300000, 0x0000000086400000|  0%| F|  |TAMS 0x0000000086300000, 0x0000000086300000| Untracked 
|  24|0x0000000086400000, 0x0000000086400000, 0x0000000086500000|  0%| F|  |TAMS 0x0000000086400000, 0x0000000086400000| Untracked 
|  25|0x0000000086500000, 0x0000000086500000, 0x0000000086600000|  0%| F|  |TAMS 0x0000000086500000, 0x0000000086500000| Untracked 
|  26|0x0000000086600000, 0x0000000086600000, 0x0000000086700000|  0%| F|  |TAMS 0x0000000086600000, 0x0000000086600000| Untracked 
|  27|0x0000000086700000, 0x0000000086700000, 0x0000000086800000|  0%| F|  |TAMS 0x0000000086700000, 0x0000000086700000| Untracked 
|  28|0x0000000086800000, 0x0000000086800000, 0x0000000086900000|  0%| F|  |TAMS 0x0000000086800000, 0x0000000086800000| Untracked 
|  29|0x0000000086900000, 0x0000000086900000, 0x0000000086a00000|  0%| F|  |TAMS 0x0000000086900000, 0x0000000086900000| Untracked 
|  30|0x0000000086a00000, 0x0000000086a00000, 0x0000000086b00000|  0%| F|  |TAMS 0x0000000086a00000, 0x0000000086a00000| Untracked 
|  31|0x0000000086b00000, 0x0000000086b00000, 0x0000000086c00000|  0%| F|  |TAMS 0x0000000086b00000, 0x0000000086b00000| Untracked 
|  32|0x0000000086c00000, 0x0000000086c00000, 0x0000000086d00000|  0%| F|  |TAMS 0x0000000086c00000, 0x0000000086c00000| Untracked 
|  33|0x0000000086d00000, 0x0000000086d00000, 0x0000000086e00000|  0%| F|  |TAMS 0x0000000086d00000, 0x0000000086d00000| Untracked 
|  34|0x0000000086e00000, 0x0000000086e00000, 0x0000000086f00000|  0%| F|  |TAMS 0x0000000086e00000, 0x0000000086e00000| Untracked 
|  35|0x0000000086f00000, 0x0000000086f00000, 0x0000000087000000|  0%| F|  |TAMS 0x0000000086f00000, 0x0000000086f00000| Untracked 
|  36|0x0000000087000000, 0x0000000087000000, 0x0000000087100000|  0%| F|  |TAMS 0x0000000087000000, 0x0000000087000000| Untracked 
|  37|0x0000000087100000, 0x0000000087100000, 0x0000000087200000|  0%| F|  |TAMS 0x0000000087100000, 0x0000000087100000| Untracked 
|  38|0x0000000087200000, 0x0000000087200000, 0x0000000087300000|  0%| F|  |TAMS 0x0000000087200000, 0x0000000087200000| Untracked 
|  39|0x0000000087300000, 0x0000000087300000, 0x0000000087400000|  0%| F|  |TAMS 0x0000000087300000, 0x0000000087300000| Untracked 
|  40|0x0000000087400000, 0x0000000087400000, 0x0000000087500000|  0%| F|  |TAMS 0x0000000087400000, 0x0000000087400000| Untracked 
|  41|0x0000000087500000, 0x0000000087500000, 0x0000000087600000|  0%| F|  |TAMS 0x0000000087500000, 0x0000000087500000| Untracked 
|  42|0x0000000087600000, 0x0000000087600000, 0x0000000087700000|  0%| F|  |TAMS 0x0000000087600000, 0x0000000087600000| Untracked 
|  43|0x0000000087700000, 0x0000000087700000, 0x0000000087800000|  0%| F|  |TAMS 0x0000000087700000, 0x0000000087700000| Untracked 
|  44|0x0000000087800000, 0x0000000087800000, 0x0000000087900000|  0%| F|  |TAMS 0x0000000087800000, 0x0000000087800000| Untracked 
|  45|0x0000000087900000, 0x0000000087900000, 0x0000000087a00000|  0%| F|  |TAMS 0x0000000087900000, 0x0000000087900000| Untracked 
|  46|0x0000000087a00000, 0x0000000087a00000, 0x0000000087b00000|  0%| F|  |TAMS 0x0000000087a00000, 0x0000000087a00000| Untracked 
|  47|0x0000000087b00000, 0x0000000087b00000, 0x0000000087c00000|  0%| F|  |TAMS 0x0000000087b00000, 0x0000000087b00000| Untracked 
|  48|0x0000000087c00000, 0x0000000087c00000, 0x0000000087d00000|  0%| F|  |TAMS 0x0000000087c00000, 0x0000000087c00000| Untracked 
|  49|0x0000000087d00000, 0x0000000087d00000, 0x0000000087e00000|  0%| F|  |TAMS 0x0000000087d00000, 0x0000000087d00000| Untracked 
|  50|0x0000000087e00000, 0x0000000087e00000, 0x0000000087f00000|  0%| F|  |TAMS 0x0000000087e00000, 0x0000000087e00000| Untracked 
|  51|0x0000000087f00000, 0x0000000087f00000, 0x0000000088000000|  0%| F|  |TAMS 0x0000000087f00000, 0x0000000087f00000| Untracked 
|  52|0x0000000088000000, 0x0000000088000000, 0x0000000088100000|  0%| F|  |TAMS 0x0000000088000000, 0x0000000088000000| Untracked 
|  53|0x0000000088100000, 0x0000000088100000, 0x0000000088200000|  0%| F|  |TAMS 0x0000000088100000, 0x0000000088100000| Untracked 
|  54|0x0000000088200000, 0x0000000088200000, 0x0000000088300000|  0%| F|  |TAMS 0x0000000088200000, 0x0000000088200000| Untracked 
|  55|0x0000000088300000, 0x0000000088300000, 0x0000000088400000|  0%| F|  |TAMS 0x0000000088300000, 0x0000000088300000| Untracked 
|  56|0x0000000088400000, 0x0000000088400000, 0x0000000088500000|  0%| F|  |TAMS 0x0000000088400000, 0x0000000088400000| Untracked 
|  57|0x0000000088500000, 0x0000000088500000, 0x0000000088600000|  0%| F|  |TAMS 0x0000000088500000, 0x0000000088500000| Untracked 
|  58|0x0000000088600000, 0x0000000088600000, 0x0000000088700000|  0%| F|  |TAMS 0x0000000088600000, 0x0000000088600000| Untracked 
|  59|0x0000000088700000, 0x0000000088700000, 0x0000000088800000|  0%| F|  |TAMS 0x0000000088700000, 0x0000000088700000| Untracked 
|  60|0x0000000088800000, 0x0000000088800000, 0x0000000088900000|  0%| F|  |TAMS 0x0000000088800000, 0x0000000088800000| Untracked 
|  61|0x0000000088900000, 0x0000000088900000, 0x0000000088a00000|  0%| F|  |TAMS 0x0000000088900000, 0x0000000088900000| Untracked 
|  62|0x0000000088a00000, 0x0000000088a00000, 0x0000000088b00000|  0%| F|  |TAMS 0x0000000088a00000, 0x0000000088a00000| Untracked 
|  63|0x0000000088b00000, 0x0000000088b00000, 0x0000000088c00000|  0%| F|  |TAMS 0x0000000088b00000, 0x0000000088b00000| Untracked 
|  64|0x0000000088c00000, 0x0000000088c00000, 0x0000000088d00000|  0%| F|  |TAMS 0x0000000088c00000, 0x0000000088c00000| Untracked 
|  65|0x0000000088d00000, 0x0000000088d00000, 0x0000000088e00000|  0%| F|  |TAMS 0x0000000088d00000, 0x0000000088d00000| Untracked 
|  66|0x0000000088e00000, 0x0000000088e00000, 0x0000000088f00000|  0%| F|  |TAMS 0x0000000088e00000, 0x0000000088e00000| Untracked 
|  67|0x0000000088f00000, 0x0000000088f00000, 0x0000000089000000|  0%| F|  |TAMS 0x0000000088f00000, 0x0000000088f00000| Untracked 
|  68|0x0000000089000000, 0x0000000089000000, 0x0000000089100000|  0%| F|  |TAMS 0x0000000089000000, 0x0000000089000000| Untracked 
|  69|0x0000000089100000, 0x0000000089100000, 0x0000000089200000|  0%| F|  |TAMS 0x0000000089100000, 0x0000000089100000| Untracked 
|  70|0x0000000089200000, 0x0000000089200000, 0x0000000089300000|  0%| F|  |TAMS 0x0000000089200000, 0x0000000089200000| Untracked 
|  71|0x0000000089300000, 0x0000000089300000, 0x0000000089400000|  0%| F|  |TAMS 0x0000000089300000, 0x0000000089300000| Untracked 
|  72|0x0000000089400000, 0x0000000089400000, 0x0000000089500000|  0%| F|  |TAMS 0x0000000089400000, 0x0000000089400000| Untracked 
|  73|0x0000000089500000, 0x0000000089500000, 0x0000000089600000|  0%| F|  |TAMS 0x0000000089500000, 0x0000000089500000| Untracked 
|  74|0x0000000089600000, 0x0000000089600000, 0x0000000089700000|  0%| F|  |TAMS 0x0000000089600000, 0x0000000089600000| Untracked 
|  75|0x0000000089700000, 0x0000000089700000, 0x0000000089800000|  0%| F|  |TAMS 0x0000000089700000, 0x0000000089700000| Untracked 
|  76|0x0000000089800000, 0x0000000089800000, 0x0000000089900000|  0%| F|  |TAMS 0x0000000089800000, 0x0000000089800000| Untracked 
|  77|0x0000000089900000, 0x0000000089900000, 0x0000000089a00000|  0%| F|  |TAMS 0x0000000089900000, 0x0000000089900000| Untracked 
|  78|0x0000000089a00000, 0x0000000089a00000, 0x0000000089b00000|  0%| F|  |TAMS 0x0000000089a00000, 0x0000000089a00000| Untracked 
|  79|0x0000000089b00000, 0x0000000089b00000, 0x0000000089c00000|  0%| F|  |TAMS 0x0000000089b00000, 0x0000000089b00000| Untracked 
|  80|0x0000000089c00000, 0x0000000089c00000, 0x0000000089d00000|  0%| F|  |TAMS 0x0000000089c00000, 0x0000000089c00000| Untracked 
|  81|0x0000000089d00000, 0x0000000089d00000, 0x0000000089e00000|  0%| F|  |TAMS 0x0000000089d00000, 0x0000000089d00000| Untracked 
|  82|0x0000000089e00000, 0x0000000089e00000, 0x0000000089f00000|  0%| F|  |TAMS 0x0000000089e00000, 0x0000000089e00000| Untracked 
|  83|0x0000000089f00000, 0x0000000089f00000, 0x000000008a000000|  0%| F|  |TAMS 0x0000000089f00000, 0x0000000089f00000| Untracked 
|  84|0x000000008a000000, 0x000000008a000000, 0x000000008a100000|  0%| F|  |TAMS 0x000000008a000000, 0x000000008a000000| Untracked 
|  85|0x000000008a100000, 0x000000008a100000, 0x000000008a200000|  0%| F|  |TAMS 0x000000008a100000, 0x000000008a100000| Untracked 
|  86|0x000000008a200000, 0x000000008a200000, 0x000000008a300000|  0%| F|  |TAMS 0x000000008a200000, 0x000000008a200000| Untracked 
|  87|0x000000008a300000, 0x000000008a300000, 0x000000008a400000|  0%| F|  |TAMS 0x000000008a300000, 0x000000008a300000| Untracked 
|  88|0x000000008a400000, 0x000000008a400000, 0x000000008a500000|  0%| F|  |TAMS 0x000000008a400000, 0x000000008a400000| Untracked 
|  89|0x000000008a500000, 0x000000008a500000, 0x000000008a600000|  0%| F|  |TAMS 0x000000008a500000, 0x000000008a500000| Untracked 
|  90|0x000000008a600000, 0x000000008a600000, 0x000000008a700000|  0%| F|  |TAMS 0x000000008a600000, 0x000000008a600000| Untracked 
|  91|0x000000008a700000, 0x000000008a700000, 0x000000008a800000|  0%| F|  |TAMS 0x000000008a700000, 0x000000008a700000| Untracked 
|  92|0x000000008a800000, 0x000000008a800000, 0x000000008a900000|  0%| F|  |TAMS 0x000000008a800000, 0x000000008a800000| Untracked 
|  93|0x000000008a900000, 0x000000008a900000, 0x000000008aa00000|  0%| F|  |TAMS 0x000000008a900000, 0x000000008a900000| Untracked 
|  94|0x000000008aa00000, 0x000000008aa00000, 0x000000008ab00000|  0%| F|  |TAMS 0x000000008aa00000, 0x000000008aa00000| Untracked 
|  95|0x000000008ab00000, 0x000000008ab00000, 0x000000008ac00000|  0%| F|  |TAMS 0x000000008ab00000, 0x000000008ab00000| Untracked 
|  96|0x000000008ac00000, 0x000000008ac00000, 0x000000008ad00000|  0%| F|  |TAMS 0x000000008ac00000, 0x000000008ac00000| Untracked 
|  97|0x000000008ad00000, 0x000000008ad00000, 0x000000008ae00000|  0%| F|  |TAMS 0x000000008ad00000, 0x000000008ad00000| Untracked 
|  98|0x000000008ae00000, 0x000000008ae00000, 0x000000008af00000|  0%| F|  |TAMS 0x000000008ae00000, 0x000000008ae00000| Untracked 
|  99|0x000000008af00000, 0x000000008af00000, 0x000000008b000000|  0%| F|  |TAMS 0x000000008af00000, 0x000000008af00000| Untracked 
| 100|0x000000008b000000, 0x000000008b000000, 0x000000008b100000|  0%| F|  |TAMS 0x000000008b000000, 0x000000008b000000| Untracked 
| 101|0x000000008b100000, 0x000000008b100000, 0x000000008b200000|  0%| F|  |TAMS 0x000000008b100000, 0x000000008b100000| Untracked 
| 102|0x000000008b200000, 0x000000008b200000, 0x000000008b300000|  0%| F|  |TAMS 0x000000008b200000, 0x000000008b200000| Untracked 
| 103|0x000000008b300000, 0x000000008b300000, 0x000000008b400000|  0%| F|  |TAMS 0x000000008b300000, 0x000000008b300000| Untracked 
| 104|0x000000008b400000, 0x000000008b400000, 0x000000008b500000|  0%| F|  |TAMS 0x000000008b400000, 0x000000008b400000| Untracked 
| 105|0x000000008b500000, 0x000000008b500000, 0x000000008b600000|  0%| F|  |TAMS 0x000000008b500000, 0x000000008b500000| Untracked 
| 106|0x000000008b600000, 0x000000008b600000, 0x000000008b700000|  0%| F|  |TAMS 0x000000008b600000, 0x000000008b600000| Untracked 
| 107|0x000000008b700000, 0x000000008b7ab100, 0x000000008b800000| 66%| E|  |TAMS 0x000000008b700000, 0x000000008b700000| Complete 
| 108|0x000000008b800000, 0x000000008b900000, 0x000000008b900000|100%| E|CS|TAMS 0x000000008b800000, 0x000000008b800000| Complete 
| 109|0x000000008b900000, 0x000000008b9d0000, 0x000000008ba00000| 81%| S|CS|TAMS 0x000000008b900000, 0x000000008b900000| Complete 
| 110|0x000000008ba00000, 0x000000008bb00000, 0x000000008bb00000|100%| S|CS|TAMS 0x000000008ba00000, 0x000000008ba00000| Complete 
| 111|0x000000008bb00000, 0x000000008bc00000, 0x000000008bc00000|100%| E|CS|TAMS 0x000000008bb00000, 0x000000008bb00000| Complete 
| 112|0x000000008bc00000, 0x000000008bd00000, 0x000000008bd00000|100%| E|CS|TAMS 0x000000008bc00000, 0x000000008bc00000| Complete 
| 113|0x000000008bd00000, 0x000000008be00000, 0x000000008be00000|100%| E|CS|TAMS 0x000000008bd00000, 0x000000008bd00000| Complete 
| 114|0x000000008be00000, 0x000000008bf00000, 0x000000008bf00000|100%| E|CS|TAMS 0x000000008be00000, 0x000000008be00000| Complete 
| 115|0x000000008bf00000, 0x000000008c000000, 0x000000008c000000|100%| E|CS|TAMS 0x000000008bf00000, 0x000000008bf00000| Complete 
| 116|0x000000008c000000, 0x000000008c100000, 0x000000008c100000|100%| E|CS|TAMS 0x000000008c000000, 0x000000008c000000| Complete 
| 117|0x000000008c100000, 0x000000008c200000, 0x000000008c200000|100%| E|CS|TAMS 0x000000008c100000, 0x000000008c100000| Complete 
| 118|0x000000008c200000, 0x000000008c300000, 0x000000008c300000|100%| E|CS|TAMS 0x000000008c200000, 0x000000008c200000| Complete 
| 119|0x000000008c300000, 0x000000008c400000, 0x000000008c400000|100%| E|CS|TAMS 0x000000008c300000, 0x000000008c300000| Complete 
| 120|0x000000008c400000, 0x000000008c500000, 0x000000008c500000|100%| E|CS|TAMS 0x000000008c400000, 0x000000008c400000| Complete 
| 121|0x000000008c500000, 0x000000008c600000, 0x000000008c600000|100%| E|CS|TAMS 0x000000008c500000, 0x000000008c500000| Complete 
| 122|0x000000008c600000, 0x000000008c700000, 0x000000008c700000|100%| E|CS|TAMS 0x000000008c600000, 0x000000008c600000| Complete 
| 123|0x000000008c700000, 0x000000008c800000, 0x000000008c800000|100%| E|CS|TAMS 0x000000008c700000, 0x000000008c700000| Complete 

Card table byte_map: [0x0000011599e80000,0x000001159a260000] _byte_map_base: 0x0000011599a5a000

Marking Bits (Prev, Next): (CMBitMap*) 0x00000115832caec0, (CMBitMap*) 0x00000115832caf00
 Prev Bits: [0x000001159a640000, 0x000001159c510000)
 Next Bits: [0x000001159c510000, 0x000001159e3e0000)

Polling page: 0x0000011581190000

Metaspace:

Usage:
  Non-class:      3.45 MB used.
      Class:    427.88 KB used.
       Both:      3.87 MB used.

Virtual space:
  Non-class space:        8.00 MB reserved,       3.62 MB ( 45%) committed,  1 nodes.
      Class space:        1.00 GB reserved,     512.00 KB ( <1%) committed,  1 nodes.
             Both:        1.01 GB reserved,       4.12 MB ( <1%) committed. 

Chunk freelists:
   Non-Class:  2.23 MB
       Class:  3.44 MB
        Both:  5.67 MB

MaxMetaspaceSize: unlimited
CompressedClassSpaceSize: 1.00 GB
Initial GC threshold: 21.00 MB
Current GC threshold: 21.00 MB
CDS: on
MetaspaceReclaimPolicy: balanced
 - commit_granule_bytes: 65536.
 - commit_granule_words: 8192.
 - virtual_space_node_default_size: 1048576.
 - enlarge_chunks_in_place: 1.
 - new_chunks_are_fully_committed: 0.
 - uncommit_free_chunks: 1.
 - use_allocation_guard: 0.
 - handle_deallocations: 1.


Internal statistics:

num_allocs_failed_limit: 0.
num_arena_births: 192.
num_arena_deaths: 0.
num_vsnodes_births: 2.
num_vsnodes_deaths: 0.
num_space_committed: 66.
num_space_uncommitted: 0.
num_chunks_returned_to_freelist: 0.
num_chunks_taken_from_freelist: 326.
num_chunk_merges: 0.
num_chunk_splits: 200.
num_chunks_enlarged: 117.
num_purges: 0.
num_inconsistent_stats: 0.

CodeHeap 'non-profiled nmethods': size=120000Kb used=611Kb max_used=611Kb free=119388Kb
 bounds [0x0000011592570000, 0x00000115927e0000, 0x0000011599aa0000]
CodeHeap 'profiled nmethods': size=120000Kb used=2180Kb max_used=2180Kb free=117819Kb
 bounds [0x000001158b040000, 0x000001158b2b0000, 0x0000011592570000]
CodeHeap 'non-nmethods': size=5760Kb used=1160Kb max_used=1199Kb free=4599Kb
 bounds [0x000001158aaa0000, 0x000001158ad10000, 0x000001158b040000]
 total_blobs=1702 nmethods=1264 adapters=351
 compilation: enabled
              stopped_count=0, restarted_count=0
 full_count=0

Compilation events (20 events):
Event: 3.576 Thread 0x00000115a086dd40 1265  s    3       java.lang.Throwable::fillInStackTrace (29 bytes)
Event: 3.576 Thread 0x00000115a086dd40 nmethod 1265 0x000001158b25b410 code [0x000001158b25b5c0, 0x000001158b25b8a8]
Event: 3.578 Thread 0x00000115a086dd40 1267       3       java.lang.AbstractStringBuilder::append (55 bytes)
Event: 3.579 Thread 0x00000115a086dd40 nmethod 1267 0x000001158b25b990 code [0x000001158b25bb60, 0x000001158b25be98]
Event: 3.579 Thread 0x00000115a086dd40 1268       3       java.lang.StringBuilder::append (8 bytes)
Event: 3.579 Thread 0x00000115a086dd40 nmethod 1268 0x000001158b25c010 code [0x000001158b25c1a0, 0x000001158b25c2e8]
Event: 3.586 Thread 0x00000115a086dd40 1269       3       java.lang.invoke.MemberName::getType (19 bytes)
Event: 3.586 Thread 0x00000115a086dd40 nmethod 1269 0x000001158b25c390 code [0x000001158b25c560, 0x000001158b25c918]
Event: 3.586 Thread 0x00000115a086dd40 1270       3       java.lang.invoke.MethodHandleNatives::refKindIsField (32 bytes)
Event: 3.586 Thread 0x00000115a086dd40 nmethod 1270 0x000001158b25ca90 code [0x000001158b25cc20, 0x000001158b25cd78]
Event: 3.587 Thread 0x00000115a086dd40 1271       3       java.lang.ref.ReferenceQueue::<init> (21 bytes)
Event: 3.587 Thread 0x00000115a086dd40 nmethod 1271 0x000001158b25ce10 code [0x000001158b25cfc0, 0x000001158b25d2b8]
Event: 3.597 Thread 0x00000115a086dd40 1273       3       java.lang.invoke.MethodHandles$Lookup::checkAccess (232 bytes)
Event: 3.599 Thread 0x00000115a086dd40 nmethod 1273 0x000001158b25d410 code [0x000001158b25d700, 0x000001158b25e798]
Event: 3.599 Thread 0x00000115a086dd40 1274       3       java.lang.invoke.DirectMethodHandle::<init> (148 bytes)
Event: 3.600 Thread 0x00000115a086dd40 nmethod 1274 0x000001158b25ec10 code [0x000001158b25eec0, 0x000001158b25fe08]
Event: 3.604 Thread 0x00000115a086dd40 1275       1       java.util.concurrent.CopyOnWriteArrayList::setArray (6 bytes)
Event: 3.604 Thread 0x00000115a086dd40 nmethod 1275 0x0000011592608a90 code [0x0000011592608c20, 0x0000011592608d38]
Event: 3.608 Thread 0x00000115a086dd40 1278   !   3       org.springframework.boot.loader.net.protocol.jar.JarUrlClassLoader::loadClass (53 bytes)
Event: 3.609 Thread 0x00000115a086dd40 nmethod 1278 0x000001158b260310 code [0x000001158b260560, 0x000001158b260f88]

GC Heap History (2 events):
Event: 2.876 GC heap before
{Heap before GC invocations=0 (full 0):
 garbage-first heap   total 126976K, used 13312K [0x0000000084c00000, 0x0000000100000000)
  region size 1024K, 13 young (13312K), 0 survivors (0K)
 Metaspace       used 1883K, committed 2112K, reserved 1056768K
  class space    used 189K, committed 320K, reserved 1048576K
}
Event: 2.929 GC heap after
{Heap after GC invocations=1 (full 0):
 garbage-first heap   total 126976K, used 1856K [0x0000000084c00000, 0x0000000100000000)
  region size 1024K, 2 young (2048K), 2 survivors (2048K)
 Metaspace       used 1883K, committed 2112K, reserved 1056768K
  class space    used 189K, committed 320K, reserved 1048576K
}

Deoptimization events (20 events):
Event: 3.278 Thread 0x000001158328c440 Uncommon trap: trap_request=0xffffffde fr.pc=0x00000115925ec2b4 relative=0x0000000000000114
Event: 3.278 Thread 0x000001158328c440 Uncommon trap: reason=class_check action=maybe_recompile pc=0x00000115925ec2b4 method=jdk.internal.misc.Unsafe.allocateUninitializedArray(Ljava/lang/Class;I)Ljava/lang/Object; @ 51 c2
Event: 3.278 Thread 0x000001158328c440 DEOPT PACKING pc=0x00000115925ec2b4 sp=0x00000004dcaf8fc0
Event: 3.278 Thread 0x000001158328c440 DEOPT UNPACKING pc=0x000001158aaf5c23 sp=0x00000004dcaf8f48 mode 2
Event: 3.278 Thread 0x000001158328c440 Uncommon trap: trap_request=0xffffffde fr.pc=0x00000115925ec2b4 relative=0x0000000000000114
Event: 3.278 Thread 0x000001158328c440 Uncommon trap: reason=class_check action=maybe_recompile pc=0x00000115925ec2b4 method=jdk.internal.misc.Unsafe.allocateUninitializedArray(Ljava/lang/Class;I)Ljava/lang/Object; @ 51 c2
Event: 3.278 Thread 0x000001158328c440 DEOPT PACKING pc=0x00000115925ec2b4 sp=0x00000004dcaf8fc0
Event: 3.278 Thread 0x000001158328c440 DEOPT UNPACKING pc=0x000001158aaf5c23 sp=0x00000004dcaf8f48 mode 2
Event: 3.278 Thread 0x000001158328c440 Uncommon trap: trap_request=0xffffffde fr.pc=0x00000115925ec2b4 relative=0x0000000000000114
Event: 3.278 Thread 0x000001158328c440 Uncommon trap: reason=class_check action=maybe_recompile pc=0x00000115925ec2b4 method=jdk.internal.misc.Unsafe.allocateUninitializedArray(Ljava/lang/Class;I)Ljava/lang/Object; @ 51 c2
Event: 3.278 Thread 0x000001158328c440 DEOPT PACKING pc=0x00000115925ec2b4 sp=0x00000004dcaf8fc0
Event: 3.278 Thread 0x000001158328c440 DEOPT UNPACKING pc=0x000001158aaf5c23 sp=0x00000004dcaf8f48 mode 2
Event: 3.278 Thread 0x000001158328c440 Uncommon trap: trap_request=0xffffffde fr.pc=0x00000115925ec2b4 relative=0x0000000000000114
Event: 3.278 Thread 0x000001158328c440 Uncommon trap: reason=class_check action=maybe_recompile pc=0x00000115925ec2b4 method=jdk.internal.misc.Unsafe.allocateUninitializedArray(Ljava/lang/Class;I)Ljava/lang/Object; @ 51 c2
Event: 3.278 Thread 0x000001158328c440 DEOPT PACKING pc=0x00000115925ec2b4 sp=0x00000004dcaf8fc0
Event: 3.278 Thread 0x000001158328c440 DEOPT UNPACKING pc=0x000001158aaf5c23 sp=0x00000004dcaf8f48 mode 2
Event: 3.572 Thread 0x000001158328c440 Uncommon trap: trap_request=0xffffffde fr.pc=0x00000115925d1574 relative=0x00000000000002b4
Event: 3.572 Thread 0x000001158328c440 Uncommon trap: reason=class_check action=maybe_recompile pc=0x00000115925d1574 method=java.util.HashMap.getNode(Ljava/lang/Object;)Ljava/util/HashMap$Node; @ 128 c2
Event: 3.572 Thread 0x000001158328c440 DEOPT PACKING pc=0x00000115925d1574 sp=0x00000004dcafe6d0
Event: 3.572 Thread 0x000001158328c440 DEOPT UNPACKING pc=0x000001158aaf5c23 sp=0x00000004dcafe648 mode 2

Classes unloaded (0 events):
No events

Classes redefined (0 events):
No events

Internal exceptions (20 events):
Event: 1.946 Thread 0x000001158328c440 Exception <a 'java/lang/NoSuchMethodError'{0x000000008c4261d8}: 'int java.lang.invoke.DirectMethodHandle$Holder.invokeVirtual(java.lang.Object, java.lang.Object)'> (0x000000008c4261d8) 
thrown [t:\workspace\open\src\hotspot\share\interpreter\linkResolver.cpp, line 766]
Event: 1.947 Thread 0x000001158328c440 Exception <a 'java/lang/NoSuchMethodError'{0x000000008c42a950}: 'int java.lang.invoke.DirectMethodHandle$Holder.invokeStaticInit(java.lang.Object, java.lang.Object, java.lang.Object)'> (0x000000008c42a950) 
thrown [t:\workspace\open\src\hotspot\share\interpreter\linkResolver.cpp, line 766]
Event: 1.947 Thread 0x000001158328c440 Exception <a 'java/lang/NoSuchMethodError'{0x000000008c42e948}: 'int java.lang.invoke.DirectMethodHandle$Holder.invokeStaticInit(java.lang.Object, int, int)'> (0x000000008c42e948) 
thrown [t:\workspace\open\src\hotspot\share\interpreter\linkResolver.cpp, line 766]
Event: 1.950 Thread 0x000001158328c440 Exception <a 'java/lang/NoSuchMethodError'{0x000000008c4362b8}: 'int java.lang.invoke.DirectMethodHandle$Holder.invokeStaticInit(java.lang.Object, long, long)'> (0x000000008c4362b8) 
thrown [t:\workspace\open\src\hotspot\share\interpreter\linkResolver.cpp, line 766]
Event: 1.951 Thread 0x000001158328c440 Exception <a 'java/lang/NoSuchMethodError'{0x000000008c43d108}: 'int java.lang.invoke.DirectMethodHandle$Holder.invokeStaticInit(java.lang.Object, float, float)'> (0x000000008c43d108) 
thrown [t:\workspace\open\src\hotspot\share\interpreter\linkResolver.cpp, line 766]
Event: 1.952 Thread 0x000001158328c440 Exception <a 'java/lang/NoSuchMethodError'{0x000000008c4442d8}: 'int java.lang.invoke.DirectMethodHandle$Holder.invokeStaticInit(java.lang.Object, double, double)'> (0x000000008c4442d8) 
thrown [t:\workspace\open\src\hotspot\share\interpreter\linkResolver.cpp, line 766]
Event: 1.953 Thread 0x000001158328c440 Exception <a 'java/lang/NoSuchMethodError'{0x000000008c448df0}: 'int java.lang.invoke.DirectMethodHandle$Holder.invokeStatic(java.lang.Object, long)'> (0x000000008c448df0) 
thrown [t:\workspace\open\src\hotspot\share\interpreter\linkResolver.cpp, line 766]
Event: 2.019 Thread 0x000001158328c440 Exception <a 'java/lang/NoSuchMethodError'{0x000000008c46d390}: 'int java.lang.invoke.Invokers$Holder.linkToTargetMethod(java.lang.Object, java.lang.Object)'> (0x000000008c46d390) 
thrown [t:\workspace\open\src\hotspot\share\interpreter\linkResolver.cpp, line 766]
Event: 2.161 Thread 0x000001158328c440 Exception <a 'java/lang/NoSuchMethodError'{0x000000008c4f5af8}: 'java.lang.Object java.lang.invoke.DirectMethodHandle$Holder.invokeSpecial(java.lang.Object, java.lang.Object, int, java.lang.Object, java.lang.Object)'> (0x000000008c4f5af8) 
thrown [t:\workspace\open\src\hotspot\share\interpreter\linkResolver.cpp, line 766]
Event: 2.161 Thread 0x000001158328c440 Exception <a 'java/lang/NoSuchMethodError'{0x000000008c4f96e8}: 'java.lang.Object java.lang.invoke.DelegatingMethodHandle$Holder.delegate(java.lang.Object, int, java.lang.Object, java.lang.Object)'> (0x000000008c4f96e8) 
thrown [t:\workspace\open\src\hotspot\share\interpreter\linkResolver.cpp, line 766]
Event: 2.163 Thread 0x000001158328c440 Exception <a 'java/lang/NoSuchMethodError'{0x000000008c30ab00}: 'int java.lang.invoke.Invokers$Holder.linkToTargetMethod(java.lang.Object, java.lang.Object, java.lang.Object)'> (0x000000008c30ab00) 
thrown [t:\workspace\open\src\hotspot\share\interpreter\linkResolver.cpp, line 766]
Event: 2.273 Thread 0x000001158328c440 Exception <a 'java/lang/NoSuchMethodError'{0x000000008c331d20}: 'void java.lang.invoke.DirectMethodHandle$Holder.invokeSpecial(java.lang.Object, java.lang.Object, java.lang.Object, java.lang.Object, java.lang.Object)'> (0x000000008c331d20) 
thrown [t:\workspace\open\src\hotspot\share\interpreter\linkResolver.cpp, line 766]
Event: 2.305 Thread 0x000001158328c440 Exception <a 'java/lang/NoSuchMethodError'{0x000000008c397f90}: 'java.lang.Object java.lang.invoke.DirectMethodHandle$Holder.invokeStaticInit(java.lang.Object, int)'> (0x000000008c397f90) 
thrown [t:\workspace\open\src\hotspot\share\interpreter\linkResolver.cpp, line 766]
Event: 3.080 Thread 0x000001158328c440 Exception <a 'java/lang/NoSuchMethodError'{0x000000008c39e8c8}: 'void java.lang.invoke.DirectMethodHandle$Holder.invokeVirtual(java.lang.Object, java.lang.Object)'> (0x000000008c39e8c8) 
thrown [t:\workspace\open\src\hotspot\share\interpreter\linkResolver.cpp, line 766]
Event: 3.243 Thread 0x000001158328c440 Exception <a 'java/lang/ClassNotFoundException'{0x000000008c156240}: javax/smartcardio/CardPermission> (0x000000008c156240) 
thrown [t:\workspace\open\src\hotspot\share\classfile\systemDictionary.cpp, line 256]
Event: 3.247 Thread 0x000001158328c440 Exception <a 'java/io/FileNotFoundException'{0x000000008c164700}> (0x000000008c164700) 
thrown [t:\workspace\open\src\hotspot\share\prims\jni.cpp, line 516]
Event: 3.269 Thread 0x000001158328c440 Exception <a 'java/lang/NoSuchMethodError'{0x000000008c0189c8}: 'java.lang.Object java.lang.invoke.DirectMethodHandle$Holder.invokeSpecial(java.lang.Object, java.lang.Object, java.lang.Object, long, java.lang.Object)'> (0x000000008c0189c8) 
thrown [t:\workspace\open\src\hotspot\share\interpreter\linkResolver.cpp, line 766]
Event: 3.270 Thread 0x000001158328c440 Exception <a 'java/lang/NoSuchMethodError'{0x000000008c01c598}: 'java.lang.Object java.lang.invoke.Invokers$Holder.linkToTargetMethod(java.lang.Object, long, java.lang.Object, java.lang.Object)'> (0x000000008c01c598) 
thrown [t:\workspace\open\src\hotspot\share\interpreter\linkResolver.cpp, line 766]
Event: 3.477 Thread 0x000001158328c440 Exception <a 'java/lang/NoSuchMethodError'{0x000000008bc6fe70}: 'void java.lang.invoke.DirectMethodHandle$Holder.invokeStatic(java.lang.Object, java.lang.Object, java.lang.Object, java.lang.Object)'> (0x000000008bc6fe70) 
thrown [t:\workspace\open\src\hotspot\share\interpreter\linkResolver.cpp, line 766]
Event: 3.596 Thread 0x000001158328c440 Exception <a 'java/lang/NoSuchMethodError'{0x000000008b8e45b0}: 'void java.lang.invoke.DirectMethodHandle$Holder.invokeInterface(java.lang.Object, java.lang.Object, java.lang.Object, java.lang.Object)'> (0x000000008b8e45b0) 
thrown [t:\workspace\open\src\hotspot\share\interpreter\linkResolver.cpp, line 766]

VM Operations (12 events):
Event: 1.675 Executing VM operation: HandshakeAllThreads
Event: 1.675 Executing VM operation: HandshakeAllThreads done
Event: 1.675 Executing VM operation: Cleanup
Event: 1.675 Executing VM operation: Cleanup done
Event: 2.687 Executing VM operation: Cleanup
Event: 2.749 Executing VM operation: Cleanup done
Event: 2.875 Executing VM operation: G1CollectForAllocation
Event: 2.929 Executing VM operation: G1CollectForAllocation done
Event: 3.075 Executing VM operation: HandshakeAllThreads
Event: 3.075 Executing VM operation: HandshakeAllThreads done
Event: 3.417 Executing VM operation: HandshakeAllThreads
Event: 3.417 Executing VM operation: HandshakeAllThreads done

Events (20 events):
Event: 3.530 loading class java/nio/file/FileSystemException done
Event: 3.530 loading class java/nio/file/NoSuchFileException done
Event: 3.537 loading class java/net/URLDecoder
Event: 3.537 loading class java/net/URLDecoder done
Event: 3.537 loading class java/net/URLEncoder
Event: 3.537 loading class java/net/URLEncoder done
Event: 3.562 loading class java/util/ImmutableCollections$Access
Event: 3.562 loading class java/util/ImmutableCollections$Access done
Event: 3.562 loading class java/util/ImmutableCollections$Access$1
Event: 3.562 loading class jdk/internal/access/JavaUtilCollectionAccess
Event: 3.562 loading class jdk/internal/access/JavaUtilCollectionAccess done
Event: 3.562 loading class java/util/ImmutableCollections$Access$1 done
Event: 3.563 loading class java/util/stream/Nodes$SpinedNodeBuilder
Event: 3.563 loading class java/util/stream/SpinedBuffer
Event: 3.563 loading class java/util/stream/AbstractSpinedBuffer
Event: 3.563 loading class java/util/stream/AbstractSpinedBuffer done
Event: 3.563 loading class java/util/stream/SpinedBuffer done
Event: 3.563 loading class java/util/stream/Nodes$SpinedNodeBuilder done
Event: 3.584 loading class java/lang/reflect/UndeclaredThrowableException
Event: 3.584 loading class java/lang/reflect/UndeclaredThrowableException done


Dynamic libraries:
0x00007ff6dda90000 - 0x00007ff6ddaa0000 	C:\Program Files\Java\jdk-17.0.1\bin\java.exe
0x00007ffca3950000 - 0x00007ffca3b45000 	C:\Windows\SYSTEM32\ntdll.dll
0x00007ffca2e50000 - 0x00007ffca2f0e000 	C:\Windows\System32\KERNEL32.DLL
0x00007ffca11a0000 - 0x00007ffca1468000 	C:\Windows\System32\KERNELBASE.dll
0x00007ffca1760000 - 0x00007ffca1860000 	C:\Windows\System32\ucrtbase.dll
0x00007ffc8f790000 - 0x00007ffc8f7a8000 	C:\Program Files\Java\jdk-17.0.1\bin\jli.dll
0x00007ffca1c40000 - 0x00007ffca1cee000 	C:\Windows\System32\ADVAPI32.dll
0x00007ffca1fb0000 - 0x00007ffca204e000 	C:\Windows\System32\msvcrt.dll
0x00007ffca1cf0000 - 0x00007ffca1d8c000 	C:\Windows\System32\sechost.dll
0x00007ffca3770000 - 0x00007ffca3895000 	C:\Windows\System32\RPCRT4.dll
0x00007ffca2f20000 - 0x00007ffca30c0000 	C:\Windows\System32\USER32.dll
0x00007ffca1970000 - 0x00007ffca1992000 	C:\Windows\System32\win32u.dll
0x00007ffca2e00000 - 0x00007ffca2e2b000 	C:\Windows\System32\GDI32.dll
0x00007ffca15d0000 - 0x00007ffca16dd000 	C:\Windows\System32\gdi32full.dll
0x00007ffca18d0000 - 0x00007ffca196d000 	C:\Windows\System32\msvcp_win.dll
0x00007ffc8edd0000 - 0x00007ffc8edea000 	C:\Program Files\Java\jdk-17.0.1\bin\VCRUNTIME140.dll
0x00007ffc8a220000 - 0x00007ffc8a4ba000 	C:\Windows\WinSxS\amd64_microsoft.windows.common-controls_6595b64144ccf1df_6.0.19041.1110_none_60b5254171f9507e\COMCTL32.dll
0x00007ffc90920000 - 0x00007ffc9092a000 	C:\Windows\SYSTEM32\VERSION.dll
0x00007ffca2050000 - 0x00007ffca2080000 	C:\Windows\System32\IMM32.DLL
0x00007ffc971d0000 - 0x00007ffc971dc000 	C:\Program Files\Java\jdk-17.0.1\bin\vcruntime140_1.dll
0x00007ffc72660000 - 0x00007ffc726ed000 	C:\Program Files\Java\jdk-17.0.1\bin\msvcp140.dll
0x00007ffc39150000 - 0x00007ffc39d0e000 	C:\Program Files\Java\jdk-17.0.1\bin\server\jvm.dll
0x00007ffca1fa0000 - 0x00007ffca1fa8000 	C:\Windows\System32\PSAPI.DLL
0x00007ffc99d40000 - 0x00007ffc99d49000 	C:\Windows\SYSTEM32\WSOCK32.dll
0x00007ffca38a0000 - 0x00007ffca390b000 	C:\Windows\System32\WS2_32.dll
0x00007ffc89f40000 - 0x00007ffc89f67000 	C:\Windows\SYSTEM32\WINMM.dll
0x00007ffc9f8e0000 - 0x00007ffc9f8f2000 	C:\Windows\SYSTEM32\kernel.appcore.dll
0x00007ffc95880000 - 0x00007ffc9588a000 	C:\Program Files\Java\jdk-17.0.1\bin\jimage.dll
0x00007ffc9ee40000 - 0x00007ffc9f024000 	C:\Windows\SYSTEM32\DBGHELP.DLL
0x00007ffc86b20000 - 0x00007ffc86b4c000 	C:\Windows\SYSTEM32\dbgcore.DLL
0x00007ffca1110000 - 0x00007ffca1192000 	C:\Windows\System32\bcryptPrimitives.dll
0x00007ffc8c180000 - 0x00007ffc8c1a5000 	C:\Program Files\Java\jdk-17.0.1\bin\java.dll
0x00007ffc6e4b0000 - 0x00007ffc6e586000 	C:\Program Files\Java\jdk-17.0.1\bin\svml.dll
0x00007ffca2590000 - 0x00007ffca2cd4000 	C:\Windows\System32\SHELL32.dll
0x00007ffc9f130000 - 0x00007ffc9f8c4000 	C:\Windows\SYSTEM32\windows.storage.dll
0x00007ffca30c0000 - 0x00007ffca3415000 	C:\Windows\System32\combase.dll
0x00007ffca0ab0000 - 0x00007ffca0ade000 	C:\Windows\SYSTEM32\Wldp.dll
0x00007ffca1a70000 - 0x00007ffca1b1d000 	C:\Windows\System32\SHCORE.dll
0x00007ffca2d90000 - 0x00007ffca2de5000 	C:\Windows\System32\shlwapi.dll
0x00007ffca0fa0000 - 0x00007ffca0fbf000 	C:\Windows\SYSTEM32\profapi.dll
0x00007ffc8c2c0000 - 0x00007ffc8c2d9000 	C:\Program Files\Java\jdk-17.0.1\bin\net.dll
0x00007ffc982a0000 - 0x00007ffc983ac000 	C:\Windows\SYSTEM32\WINHTTP.dll
0x00007ffca0810000 - 0x00007ffca087a000 	C:\Windows\system32\mswsock.dll
0x00007ffc8c130000 - 0x00007ffc8c145000 	C:\Program Files\Java\jdk-17.0.1\bin\nio.dll
0x00007ffc8c110000 - 0x00007ffc8c128000 	C:\Program Files\Java\jdk-17.0.1\bin\zip.dll
0x00007ffc93ce0000 - 0x00007ffc93cf0000 	C:\Program Files\Java\jdk-17.0.1\bin\verify.dll

dbghelp: loaded successfully - version: 4.0.5 - missing functions: none
symbol engine: initialized successfully - sym options: 0x614 - pdb path: .;C:\Program Files\Java\jdk-17.0.1\bin;C:\Windows\SYSTEM32;C:\Windows\WinSxS\amd64_microsoft.windows.common-controls_6595b64144ccf1df_6.0.19041.1110_none_60b5254171f9507e;C:\Program Files\Java\jdk-17.0.1\bin\server

VM Arguments:
java_command: c:\Users\shiks\.vscode\extensions\salesforce.salesforce-vscode-slds-2.0.12\lsp-2.0.12-executable.jar --PORT=52142
java_class_path (initial): c:\Users\shiks\.vscode\extensions\salesforce.salesforce-vscode-slds-2.0.12\lsp-2.0.12-executable.jar
Launcher Type: SUN_STANDARD

[Global flags]
     intx CICompilerCount                          = 3                                         {product} {ergonomic}
     uint ConcGCThreads                            = 1                                         {product} {ergonomic}
     uint G1ConcRefinementThreads                  = 4                                         {product} {ergonomic}
   size_t G1HeapRegionSize                         = 1048576                                   {product} {ergonomic}
    uintx GCDrainStackTargetSize                   = 64                                        {product} {ergonomic}
   size_t InitialHeapSize                          = 130023424                                 {product} {ergonomic}
   size_t MarkStackSize                            = 4194304                                   {product} {ergonomic}
   size_t MaxHeapSize                              = 2067791872                                {product} {ergonomic}
   size_t MaxNewSize                               = 1240465408                                {product} {ergonomic}
   size_t MinHeapDeltaBytes                        = 1048576                                   {product} {ergonomic}
   size_t MinHeapSize                              = 8388608                                   {product} {ergonomic}
    uintx NonNMethodCodeHeapSize                   = 5832780                                {pd product} {ergonomic}
    uintx NonProfiledCodeHeapSize                  = 122912730                              {pd product} {ergonomic}
    uintx ProfiledCodeHeapSize                     = 122912730                              {pd product} {ergonomic}
    uintx ReservedCodeCacheSize                    = 251658240                              {pd product} {ergonomic}
     bool SegmentedCodeCache                       = true                                      {product} {ergonomic}
   size_t SoftMaxHeapSize                          = 2067791872                             {manageable} {ergonomic}
     bool UseCompressedClassPointers               = true                           {product lp64_product} {ergonomic}
     bool UseCompressedOops                        = true                           {product lp64_product} {ergonomic}
     bool UseG1GC                                  = true                                      {product} {ergonomic}
     bool UseLargePagesIndividualAllocation        = false                                  {pd product} {ergonomic}

Logging:
Log output configuration:
 #0: stdout all=warning uptime,level,tags
 #1: stderr all=off uptime,level,tags

Environment Variables:
JAVA_HOME=C:\Program Files\Java\jdk-17.0.1
PATH=C:\Program Files\Common Files\Oracle\Java\javapath;C:\Program Files (x86)\Common Files\Oracle\Java\java8path;C:\Program Files (x86)\Common Files\Oracle\Java\javapath;C:\Windows\system32;C:\Windows;C:\Windows\System32\Wbem;C:\Windows\System32\WindowsPowerShell\v1.0\;C:\Windows\System32\OpenSSH\;C:\apache-tomcat-9.0.62\bin;C:\Program Files\Java\jdk-17.0.1\bin;C:\Program Files\Java\jdk-17.0.1\bin;C:\Program Files\Git\cmd;C:\Users\shiks\AppData\Roaming\npm;C:\Program Files\MySQL\MySQL Server 8.0\bin;C:\Users\shiks\AppData\Local\nvm;C:\nvm4w\nodejs;C:\Program Files\MySQL\MySQL Shell 8.0\bin\;C:\Users\shiks\AppData\Local\Microsoft\WindowsApps;C:\Users\shiks\AppData\Local\Programs\Microsoft VS Code\bin;C:\Program Files\sfdx\bin;C:\MinGW\bin;C:\Users\shiks\AppData\Local\GitHubDesktop\bin;C:\Program Files\MySQL\MySQL Server 8.0\bin;C:\Program Files\JetBrains\IntelliJ IDEA Community Edition 2025.2\bin;C:\Users\shiks\AppData\Roaming\npm;C:\Users\shiks\AppData\Local\nvm;C:\nvm4w\nodejs
USERNAME=shiks
OS=Windows_NT
PROCESSOR_IDENTIFIER=Intel64 Family 6 Model 140 Stepping 1, GenuineIntel



---------------  S Y S T E M  ---------------

OS:
 Windows 10 , 64 bit Build 19041 (10.0.19041.1503)
OS uptime: 0 days 9:54 hours

CPU: total 4 (initial active 4) (2 cores per cpu, 2 threads per core) family 6 model 140 stepping 1 microcode 0x86, cx8, cmov, fxsr, ht, mmx, 3dnowpref, sse, sse2, sse3, ssse3, sse4.1, sse4.2, popcnt, lzcnt, tsc, tscinvbit, avx, avx2, aes, erms, clmul, bmi1, bmi2, adx, avx512f, avx512dq, avx512cd, avx512bw, avx512vl, sha, fma, vzeroupper, avx512_vpopcntdq, avx512_vpclmulqdq, avx512_vaes, avx512_vnni, clflush, clflushopt, clwb, avx512_vbmi2, avx512_vbmi

Memory: 4k page, system-wide physical 7886M (445M free)
TotalPageFile size 10602M (AvailPageFile size 0M)
current process WorkingSet (physical memory assigned to process): 93M, peak: 94M
current process commit charge ("private bytes"): 241M, peak: 243M

vm_info: Java HotSpot(TM) 64-Bit Server VM (17.0.1+12-LTS-39) for windows-amd64 JRE (17.0.1+12-LTS-39), built on Sep 27 2021 18:41:35 by "mach5one" with MS VC++ 16.8 (VS2019)

END.
