#
# There is insufficient memory for the Java Runtime Environment to continue.
# Native memory allocation (malloc) failed to allocate 32744 bytes for ChunkPool::allocate
# Possible reasons:
#   The system is out of physical RAM or swap space
#   The process is running with CompressedOops enabled, and the Java Heap may be blocking the growth of the native heap
# Possible solutions:
#   Reduce memory load on the system
#   Increase physical memory or swap space
#   Check if swap backing store is full
#   Decrease Java heap size (-Xmx/-Xms)
#   Decrease number of Java threads
#   Decrease Java thread stack sizes (-Xss)
#   Set larger code cache with -XX:ReservedCodeCacheSize=
#   JVM is running with Unscaled Compressed Oops mode in which the Java heap is
#     placed in the first 4GB address space. The Java Heap base address is the
#     maximum limit for the native heap growth. Please use -XX:HeapBaseMinAddress
#     to set the Java Heap base and to place the Java Heap above 4GB virtual address.
# This output file may be truncated or incomplete.
#
#  Out of Memory Error (arena.cpp:78), pid=8968, tid=5456
#
# JRE version: Java(TM) SE Runtime Environment (17.0.1+12) (build 17.0.1+12-LTS-39)
# Java VM: Java HotSpot(TM) 64-Bit Server VM (17.0.1+12-LTS-39, mixed mode, sharing, tiered, compressed oops, compressed class ptrs, g1 gc, windows-amd64)
# No core dump will be written. Minidumps are not enabled by default on client versions of Windows
#

---------------  S U M M A R Y ------------

Command Line: c:\Users\shiks\.vscode\extensions\salesforce.salesforce-vscode-slds-2.0.12\lsp-2.0.12-executable.jar --PORT=51020

Host: 11th Gen Intel(R) Core(TM) i3-1115G4 @ 3.00GHz, 4 cores, 7G,  Windows 10 , 64 bit Build 19041 (10.0.19041.1503)
Time: Tue Oct  7 21:32:47 2025 India Standard Time elapsed time: 1.357187 seconds (0d 0h 0m 1s)

---------------  T H R E A D  ---------------

Current thread (0x000001853082dd80):  JavaThread "C2 CompilerThread0" daemon [_thread_in_native, id=5456, stack(0x0000002d10c00000,0x0000002d10d00000)]


Current CompileTask:
C2:   1357  913   !   4       java.net.URL::<init> (543 bytes)

Stack: [0x0000002d10c00000,0x0000002d10d00000]
Native frames: (J=compiled Java code, j=interpreted, Vv=VM code, C=native code)
V  [jvm.dll+0x66fa1a]
V  [jvm.dll+0x7ce5a4]
V  [jvm.dll+0x7cfd4e]
V  [jvm.dll+0x7d03b3]
V  [jvm.dll+0x242b05]
V  [jvm.dll+0xaa2a0]
V  [jvm.dll+0xaa5ec]
V  [jvm.dll+0xaa16b]
V  [jvm.dll+0x7b7c7c]
V  [jvm.dll+0x57d58d]
V  [jvm.dll+0x5799a3]
V  [jvm.dll+0x579754]
V  [jvm.dll+0x5789c8]
V  [jvm.dll+0x21dd7d]
V  [jvm.dll+0x21e15f]
V  [jvm.dll+0x217a2a]
V  [jvm.dll+0x214f05]
V  [jvm.dll+0x1a168d]
V  [jvm.dll+0x224848]
V  [jvm.dll+0x2229ac]
V  [jvm.dll+0x78435b]
V  [jvm.dll+0x77e91a]
V  [jvm.dll+0x66e845]
C  [ucrtbase.dll+0x21bb2]
C  [KERNEL32.DLL+0x17034]
C  [ntdll.dll+0x52651]


---------------  P R O C E S S  ---------------

Threads class SMR info:
_java_thread_list=0x00000185316f0570, length=14, elements={
0x000001851323cf50, 0x000001853080efa0, 0x0000018530811d60, 0x00000185308292d0,
0x0000018530829c80, 0x000001853082c640, 0x000001853082cff0, 0x000001853082dd80,
0x000001853082e820, 0x00000185308954b0, 0x0000018531414820, 0x0000018531418140,
0x00000185316a55c0, 0x000001853175b1d0
}

Java Threads: ( => current thread )
  0x000001851323cf50 JavaThread "main" [_thread_in_vm, id=15272, stack(0x0000002d0ff00000,0x0000002d10000000)]
  0x000001853080efa0 JavaThread "Reference Handler" daemon [_thread_blocked, id=5496, stack(0x0000002d10600000,0x0000002d10700000)]
  0x0000018530811d60 JavaThread "Finalizer" daemon [_thread_blocked, id=1312, stack(0x0000002d10700000,0x0000002d10800000)]
  0x00000185308292d0 JavaThread "Signal Dispatcher" daemon [_thread_blocked, id=3088, stack(0x0000002d10800000,0x0000002d10900000)]
  0x0000018530829c80 JavaThread "Attach Listener" daemon [_thread_blocked, id=9832, stack(0x0000002d10900000,0x0000002d10a00000)]
  0x000001853082c640 JavaThread "Service Thread" daemon [_thread_blocked, id=4276, stack(0x0000002d10a00000,0x0000002d10b00000)]
  0x000001853082cff0 JavaThread "Monitor Deflation Thread" daemon [_thread_blocked, id=9528, stack(0x0000002d10b00000,0x0000002d10c00000)]
=>0x000001853082dd80 JavaThread "C2 CompilerThread0" daemon [_thread_in_native, id=5456, stack(0x0000002d10c00000,0x0000002d10d00000)]
  0x000001853082e820 JavaThread "C1 CompilerThread0" daemon [_thread_blocked, id=11912, stack(0x0000002d10d00000,0x0000002d10e00000)]
  0x00000185308954b0 JavaThread "Sweeper thread" daemon [_thread_blocked, id=11476, stack(0x0000002d10e00000,0x0000002d10f00000)]
  0x0000018531414820 JavaThread "Notification Thread" daemon [_thread_blocked, id=16072, stack(0x0000002d10f00000,0x0000002d11000000)]
  0x0000018531418140 JavaThread "Common-Cleaner" daemon [_thread_blocked, id=6348, stack(0x0000002d11100000,0x0000002d11200000)]
  0x00000185316a55c0 JavaThread "Cleaner-0" daemon [_thread_blocked, id=8716, stack(0x0000002d11200000,0x0000002d11300000)]
  0x000001853175b1d0 JavaThread "C2 CompilerThread1" daemon [_thread_in_native, id=11780, stack(0x0000002d11300000,0x0000002d11400000)]

Other Threads:
  0x0000018530806550 VMThread "VM Thread" [stack: 0x0000002d10500000,0x0000002d10600000] [id=4932]
  0x0000018531417d10 WatcherThread [stack: 0x0000002d11000000,0x0000002d11100000] [id=12884]
  0x000001851327a3b0 GCTaskThread "GC Thread#0" [stack: 0x0000002d10000000,0x0000002d10100000] [id=12936]
  0x000001853186b5a0 GCTaskThread "GC Thread#1" [stack: 0x0000002d11400000,0x0000002d11500000] [id=9608]
  0x0000018531699600 GCTaskThread "GC Thread#2" [stack: 0x0000002d11500000,0x0000002d11600000] [id=13708]
  0x00000185319fd0e0 GCTaskThread "GC Thread#3" [stack: 0x0000002d11600000,0x0000002d11700000] [id=9312]
  0x000001851328a970 ConcurrentGCThread "G1 Main Marker" [stack: 0x0000002d10100000,0x0000002d10200000] [id=15388]
  0x000001851328b380 ConcurrentGCThread "G1 Conc#0" [stack: 0x0000002d10200000,0x0000002d10300000] [id=12656]
  0x00000185132f0880 ConcurrentGCThread "G1 Refine#0" [stack: 0x0000002d10300000,0x0000002d10400000] [id=1456]
  0x00000185132f12a0 ConcurrentGCThread "G1 Service" [stack: 0x0000002d10400000,0x0000002d10500000] [id=3228]

Threads with active compile tasks:
C2 CompilerThread0     1378  913   !   4       java.net.URL::<init> (543 bytes)
C2 CompilerThread1     1378  945       4       org.springframework.boot.loader.zip.ZipString::compare (327 bytes)

VM state: not at safepoint (normal execution)

VM Mutex/Monitor currently owned by a thread:  ([mutex/lock_event])
[0x00000185132357c0] Metaspace_lock - owner thread: 0x000001851323cf50

Heap address: 0x0000000084c00000, size: 1972 MB, Compressed Oops mode: 32-bit

CDS archive(s) mapped at: [0x0000000800000000-0x0000000800bc0000-0x0000000800bc0000), size 12320768, SharedBaseAddress: 0x0000000800000000, ArchiveRelocationMode: 0.
Compressed class space mapped at: 0x0000000800c00000-0x0000000840c00000, reserved size: 1073741824
Narrow klass base: 0x0000000800000000, Narrow klass shift: 0, Narrow klass range: 0x100000000

GC Precious Log:
 CPUs: 4 total, 4 available
 Memory: 7886M
 Large Page Support: Disabled
 NUMA Support: Disabled
 Compressed Oops: Enabled (32-bit)
 Heap Region Size: 1M
 Heap Min Capacity: 8M
 Heap Initial Capacity: 124M
 Heap Max Capacity: 1972M
 Pre-touch: Disabled
 Parallel Workers: 4
 Concurrent Workers: 1
 Concurrent Refinement Workers: 4
 Periodic GC: Disabled

Heap:
 garbage-first heap   total 126976K, used 4888K [0x0000000084c00000, 0x0000000100000000)
  region size 1024K, 6 young (6144K), 2 survivors (2048K)
 Metaspace       used 2352K, committed 2560K, reserved 1056768K
  class space    used 225K, committed 320K, reserved 1048576K

Heap Regions: E=young(eden), S=young(survivor), O=old, HS=humongous(starts), HC=humongous(continues), CS=collection set, F=free, OA=open archive, CA=closed archive, TAMS=top-at-mark-start (previous, next)
|   0|0x0000000084c00000, 0x0000000084c00000, 0x0000000084d00000|  0%| F|  |TAMS 0x0000000084c00000, 0x0000000084c00000| Untracked 
|   1|0x0000000084d00000, 0x0000000084d00000, 0x0000000084e00000|  0%| F|  |TAMS 0x0000000084d00000, 0x0000000084d00000| Untracked 
|   2|0x0000000084e00000, 0x0000000084e00000, 0x0000000084f00000|  0%| F|  |TAMS 0x0000000084e00000, 0x0000000084e00000| Untracked 
|   3|0x0000000084f00000, 0x0000000084f00000, 0x0000000085000000|  0%| F|  |TAMS 0x0000000084f00000, 0x0000000084f00000| Untracked 
|   4|0x0000000085000000, 0x0000000085000000, 0x0000000085100000|  0%| F|  |TAMS 0x0000000085000000, 0x0000000085000000| Untracked 
|   5|0x0000000085100000, 0x0000000085100000, 0x0000000085200000|  0%| F|  |TAMS 0x0000000085100000, 0x0000000085100000| Untracked 
|   6|0x0000000085200000, 0x0000000085200000, 0x0000000085300000|  0%| F|  |TAMS 0x0000000085200000, 0x0000000085200000| Untracked 
|   7|0x0000000085300000, 0x0000000085300000, 0x0000000085400000|  0%| F|  |TAMS 0x0000000085300000, 0x0000000085300000| Untracked 
|   8|0x0000000085400000, 0x0000000085400000, 0x0000000085500000|  0%| F|  |TAMS 0x0000000085400000, 0x0000000085400000| Untracked 
|   9|0x0000000085500000, 0x0000000085500000, 0x0000000085600000|  0%| F|  |TAMS 0x0000000085500000, 0x0000000085500000| Untracked 
|  10|0x0000000085600000, 0x0000000085600000, 0x0000000085700000|  0%| F|  |TAMS 0x0000000085600000, 0x0000000085600000| Untracked 
|  11|0x0000000085700000, 0x0000000085700000, 0x0000000085800000|  0%| F|  |TAMS 0x0000000085700000, 0x0000000085700000| Untracked 
|  12|0x0000000085800000, 0x0000000085800000, 0x0000000085900000|  0%| F|  |TAMS 0x0000000085800000, 0x0000000085800000| Untracked 
|  13|0x0000000085900000, 0x0000000085900000, 0x0000000085a00000|  0%| F|  |TAMS 0x0000000085900000, 0x0000000085900000| Untracked 
|  14|0x0000000085a00000, 0x0000000085a00000, 0x0000000085b00000|  0%| F|  |TAMS 0x0000000085a00000, 0x0000000085a00000| Untracked 
|  15|0x0000000085b00000, 0x0000000085b00000, 0x0000000085c00000|  0%| F|  |TAMS 0x0000000085b00000, 0x0000000085b00000| Untracked 
|  16|0x0000000085c00000, 0x0000000085c00000, 0x0000000085d00000|  0%| F|  |TAMS 0x0000000085c00000, 0x0000000085c00000| Untracked 
|  17|0x0000000085d00000, 0x0000000085d00000, 0x0000000085e00000|  0%| F|  |TAMS 0x0000000085d00000, 0x0000000085d00000| Untracked 
|  18|0x0000000085e00000, 0x0000000085e00000, 0x0000000085f00000|  0%| F|  |TAMS 0x0000000085e00000, 0x0000000085e00000| Untracked 
|  19|0x0000000085f00000, 0x0000000085f00000, 0x0000000086000000|  0%| F|  |TAMS 0x0000000085f00000, 0x0000000085f00000| Untracked 
|  20|0x0000000086000000, 0x0000000086000000, 0x0000000086100000|  0%| F|  |TAMS 0x0000000086000000, 0x0000000086000000| Untracked 
|  21|0x0000000086100000, 0x0000000086100000, 0x0000000086200000|  0%| F|  |TAMS 0x0000000086100000, 0x0000000086100000| Untracked 
|  22|0x0000000086200000, 0x0000000086200000, 0x0000000086300000|  0%| F|  |TAMS 0x0000000086200000, 0x0000000086200000| Untracked 
|  23|0x0000000086300000, 0x0000000086300000, 0x0000000086400000|  0%| F|  |TAMS 0x0000000086300000, 0x0000000086300000| Untracked 
|  24|0x0000000086400000, 0x0000000086400000, 0x0000000086500000|  0%| F|  |TAMS 0x0000000086400000, 0x0000000086400000| Untracked 
|  25|0x0000000086500000, 0x0000000086500000, 0x0000000086600000|  0%| F|  |TAMS 0x0000000086500000, 0x0000000086500000| Untracked 
|  26|0x0000000086600000, 0x0000000086600000, 0x0000000086700000|  0%| F|  |TAMS 0x0000000086600000, 0x0000000086600000| Untracked 
|  27|0x0000000086700000, 0x0000000086700000, 0x0000000086800000|  0%| F|  |TAMS 0x0000000086700000, 0x0000000086700000| Untracked 
|  28|0x0000000086800000, 0x0000000086800000, 0x0000000086900000|  0%| F|  |TAMS 0x0000000086800000, 0x0000000086800000| Untracked 
|  29|0x0000000086900000, 0x0000000086900000, 0x0000000086a00000|  0%| F|  |TAMS 0x0000000086900000, 0x0000000086900000| Untracked 
|  30|0x0000000086a00000, 0x0000000086a00000, 0x0000000086b00000|  0%| F|  |TAMS 0x0000000086a00000, 0x0000000086a00000| Untracked 
|  31|0x0000000086b00000, 0x0000000086b00000, 0x0000000086c00000|  0%| F|  |TAMS 0x0000000086b00000, 0x0000000086b00000| Untracked 
|  32|0x0000000086c00000, 0x0000000086c00000, 0x0000000086d00000|  0%| F|  |TAMS 0x0000000086c00000, 0x0000000086c00000| Untracked 
|  33|0x0000000086d00000, 0x0000000086d00000, 0x0000000086e00000|  0%| F|  |TAMS 0x0000000086d00000, 0x0000000086d00000| Untracked 
|  34|0x0000000086e00000, 0x0000000086e00000, 0x0000000086f00000|  0%| F|  |TAMS 0x0000000086e00000, 0x0000000086e00000| Untracked 
|  35|0x0000000086f00000, 0x0000000086f00000, 0x0000000087000000|  0%| F|  |TAMS 0x0000000086f00000, 0x0000000086f00000| Untracked 
|  36|0x0000000087000000, 0x0000000087000000, 0x0000000087100000|  0%| F|  |TAMS 0x0000000087000000, 0x0000000087000000| Untracked 
|  37|0x0000000087100000, 0x0000000087100000, 0x0000000087200000|  0%| F|  |TAMS 0x0000000087100000, 0x0000000087100000| Untracked 
|  38|0x0000000087200000, 0x0000000087200000, 0x0000000087300000|  0%| F|  |TAMS 0x0000000087200000, 0x0000000087200000| Untracked 
|  39|0x0000000087300000, 0x0000000087300000, 0x0000000087400000|  0%| F|  |TAMS 0x0000000087300000, 0x0000000087300000| Untracked 
|  40|0x0000000087400000, 0x0000000087400000, 0x0000000087500000|  0%| F|  |TAMS 0x0000000087400000, 0x0000000087400000| Untracked 
|  41|0x0000000087500000, 0x0000000087500000, 0x0000000087600000|  0%| F|  |TAMS 0x0000000087500000, 0x0000000087500000| Untracked 
|  42|0x0000000087600000, 0x0000000087600000, 0x0000000087700000|  0%| F|  |TAMS 0x0000000087600000, 0x0000000087600000| Untracked 
|  43|0x0000000087700000, 0x0000000087700000, 0x0000000087800000|  0%| F|  |TAMS 0x0000000087700000, 0x0000000087700000| Untracked 
|  44|0x0000000087800000, 0x0000000087800000, 0x0000000087900000|  0%| F|  |TAMS 0x0000000087800000, 0x0000000087800000| Untracked 
|  45|0x0000000087900000, 0x0000000087900000, 0x0000000087a00000|  0%| F|  |TAMS 0x0000000087900000, 0x0000000087900000| Untracked 
|  46|0x0000000087a00000, 0x0000000087a00000, 0x0000000087b00000|  0%| F|  |TAMS 0x0000000087a00000, 0x0000000087a00000| Untracked 
|  47|0x0000000087b00000, 0x0000000087b00000, 0x0000000087c00000|  0%| F|  |TAMS 0x0000000087b00000, 0x0000000087b00000| Untracked 
|  48|0x0000000087c00000, 0x0000000087c00000, 0x0000000087d00000|  0%| F|  |TAMS 0x0000000087c00000, 0x0000000087c00000| Untracked 
|  49|0x0000000087d00000, 0x0000000087d00000, 0x0000000087e00000|  0%| F|  |TAMS 0x0000000087d00000, 0x0000000087d00000| Untracked 
|  50|0x0000000087e00000, 0x0000000087e00000, 0x0000000087f00000|  0%| F|  |TAMS 0x0000000087e00000, 0x0000000087e00000| Untracked 
|  51|0x0000000087f00000, 0x0000000087f00000, 0x0000000088000000|  0%| F|  |TAMS 0x0000000087f00000, 0x0000000087f00000| Untracked 
|  52|0x0000000088000000, 0x0000000088000000, 0x0000000088100000|  0%| F|  |TAMS 0x0000000088000000, 0x0000000088000000| Untracked 
|  53|0x0000000088100000, 0x0000000088100000, 0x0000000088200000|  0%| F|  |TAMS 0x0000000088100000, 0x0000000088100000| Untracked 
|  54|0x0000000088200000, 0x0000000088200000, 0x0000000088300000|  0%| F|  |TAMS 0x0000000088200000, 0x0000000088200000| Untracked 
|  55|0x0000000088300000, 0x0000000088300000, 0x0000000088400000|  0%| F|  |TAMS 0x0000000088300000, 0x0000000088300000| Untracked 
|  56|0x0000000088400000, 0x0000000088400000, 0x0000000088500000|  0%| F|  |TAMS 0x0000000088400000, 0x0000000088400000| Untracked 
|  57|0x0000000088500000, 0x0000000088500000, 0x0000000088600000|  0%| F|  |TAMS 0x0000000088500000, 0x0000000088500000| Untracked 
|  58|0x0000000088600000, 0x0000000088600000, 0x0000000088700000|  0%| F|  |TAMS 0x0000000088600000, 0x0000000088600000| Untracked 
|  59|0x0000000088700000, 0x0000000088700000, 0x0000000088800000|  0%| F|  |TAMS 0x0000000088700000, 0x0000000088700000| Untracked 
|  60|0x0000000088800000, 0x0000000088800000, 0x0000000088900000|  0%| F|  |TAMS 0x0000000088800000, 0x0000000088800000| Untracked 
|  61|0x0000000088900000, 0x0000000088900000, 0x0000000088a00000|  0%| F|  |TAMS 0x0000000088900000, 0x0000000088900000| Untracked 
|  62|0x0000000088a00000, 0x0000000088a00000, 0x0000000088b00000|  0%| F|  |TAMS 0x0000000088a00000, 0x0000000088a00000| Untracked 
|  63|0x0000000088b00000, 0x0000000088b00000, 0x0000000088c00000|  0%| F|  |TAMS 0x0000000088b00000, 0x0000000088b00000| Untracked 
|  64|0x0000000088c00000, 0x0000000088c00000, 0x0000000088d00000|  0%| F|  |TAMS 0x0000000088c00000, 0x0000000088c00000| Untracked 
|  65|0x0000000088d00000, 0x0000000088d00000, 0x0000000088e00000|  0%| F|  |TAMS 0x0000000088d00000, 0x0000000088d00000| Untracked 
|  66|0x0000000088e00000, 0x0000000088e00000, 0x0000000088f00000|  0%| F|  |TAMS 0x0000000088e00000, 0x0000000088e00000| Untracked 
|  67|0x0000000088f00000, 0x0000000088f00000, 0x0000000089000000|  0%| F|  |TAMS 0x0000000088f00000, 0x0000000088f00000| Untracked 
|  68|0x0000000089000000, 0x0000000089000000, 0x0000000089100000|  0%| F|  |TAMS 0x0000000089000000, 0x0000000089000000| Untracked 
|  69|0x0000000089100000, 0x0000000089100000, 0x0000000089200000|  0%| F|  |TAMS 0x0000000089100000, 0x0000000089100000| Untracked 
|  70|0x0000000089200000, 0x0000000089200000, 0x0000000089300000|  0%| F|  |TAMS 0x0000000089200000, 0x0000000089200000| Untracked 
|  71|0x0000000089300000, 0x0000000089300000, 0x0000000089400000|  0%| F|  |TAMS 0x0000000089300000, 0x0000000089300000| Untracked 
|  72|0x0000000089400000, 0x0000000089400000, 0x0000000089500000|  0%| F|  |TAMS 0x0000000089400000, 0x0000000089400000| Untracked 
|  73|0x0000000089500000, 0x0000000089500000, 0x0000000089600000|  0%| F|  |TAMS 0x0000000089500000, 0x0000000089500000| Untracked 
|  74|0x0000000089600000, 0x0000000089600000, 0x0000000089700000|  0%| F|  |TAMS 0x0000000089600000, 0x0000000089600000| Untracked 
|  75|0x0000000089700000, 0x0000000089700000, 0x0000000089800000|  0%| F|  |TAMS 0x0000000089700000, 0x0000000089700000| Untracked 
|  76|0x0000000089800000, 0x0000000089800000, 0x0000000089900000|  0%| F|  |TAMS 0x0000000089800000, 0x0000000089800000| Untracked 
|  77|0x0000000089900000, 0x0000000089900000, 0x0000000089a00000|  0%| F|  |TAMS 0x0000000089900000, 0x0000000089900000| Untracked 
|  78|0x0000000089a00000, 0x0000000089a00000, 0x0000000089b00000|  0%| F|  |TAMS 0x0000000089a00000, 0x0000000089a00000| Untracked 
|  79|0x0000000089b00000, 0x0000000089b00000, 0x0000000089c00000|  0%| F|  |TAMS 0x0000000089b00000, 0x0000000089b00000| Untracked 
|  80|0x0000000089c00000, 0x0000000089c00000, 0x0000000089d00000|  0%| F|  |TAMS 0x0000000089c00000, 0x0000000089c00000| Untracked 
|  81|0x0000000089d00000, 0x0000000089d00000, 0x0000000089e00000|  0%| F|  |TAMS 0x0000000089d00000, 0x0000000089d00000| Untracked 
|  82|0x0000000089e00000, 0x0000000089e00000, 0x0000000089f00000|  0%| F|  |TAMS 0x0000000089e00000, 0x0000000089e00000| Untracked 
|  83|0x0000000089f00000, 0x0000000089f00000, 0x000000008a000000|  0%| F|  |TAMS 0x0000000089f00000, 0x0000000089f00000| Untracked 
|  84|0x000000008a000000, 0x000000008a000000, 0x000000008a100000|  0%| F|  |TAMS 0x000000008a000000, 0x000000008a000000| Untracked 
|  85|0x000000008a100000, 0x000000008a100000, 0x000000008a200000|  0%| F|  |TAMS 0x000000008a100000, 0x000000008a100000| Untracked 
|  86|0x000000008a200000, 0x000000008a200000, 0x000000008a300000|  0%| F|  |TAMS 0x000000008a200000, 0x000000008a200000| Untracked 
|  87|0x000000008a300000, 0x000000008a300000, 0x000000008a400000|  0%| F|  |TAMS 0x000000008a300000, 0x000000008a300000| Untracked 
|  88|0x000000008a400000, 0x000000008a400000, 0x000000008a500000|  0%| F|  |TAMS 0x000000008a400000, 0x000000008a400000| Untracked 
|  89|0x000000008a500000, 0x000000008a500000, 0x000000008a600000|  0%| F|  |TAMS 0x000000008a500000, 0x000000008a500000| Untracked 
|  90|0x000000008a600000, 0x000000008a600000, 0x000000008a700000|  0%| F|  |TAMS 0x000000008a600000, 0x000000008a600000| Untracked 
|  91|0x000000008a700000, 0x000000008a700000, 0x000000008a800000|  0%| F|  |TAMS 0x000000008a700000, 0x000000008a700000| Untracked 
|  92|0x000000008a800000, 0x000000008a800000, 0x000000008a900000|  0%| F|  |TAMS 0x000000008a800000, 0x000000008a800000| Untracked 
|  93|0x000000008a900000, 0x000000008a900000, 0x000000008aa00000|  0%| F|  |TAMS 0x000000008a900000, 0x000000008a900000| Untracked 
|  94|0x000000008aa00000, 0x000000008aa00000, 0x000000008ab00000|  0%| F|  |TAMS 0x000000008aa00000, 0x000000008aa00000| Untracked 
|  95|0x000000008ab00000, 0x000000008ab00000, 0x000000008ac00000|  0%| F|  |TAMS 0x000000008ab00000, 0x000000008ab00000| Untracked 
|  96|0x000000008ac00000, 0x000000008ac00000, 0x000000008ad00000|  0%| F|  |TAMS 0x000000008ac00000, 0x000000008ac00000| Untracked 
|  97|0x000000008ad00000, 0x000000008ad00000, 0x000000008ae00000|  0%| F|  |TAMS 0x000000008ad00000, 0x000000008ad00000| Untracked 
|  98|0x000000008ae00000, 0x000000008ae00000, 0x000000008af00000|  0%| F|  |TAMS 0x000000008ae00000, 0x000000008ae00000| Untracked 
|  99|0x000000008af00000, 0x000000008af00000, 0x000000008b000000|  0%| F|  |TAMS 0x000000008af00000, 0x000000008af00000| Untracked 
| 100|0x000000008b000000, 0x000000008b000000, 0x000000008b100000|  0%| F|  |TAMS 0x000000008b000000, 0x000000008b000000| Untracked 
| 101|0x000000008b100000, 0x000000008b100000, 0x000000008b200000|  0%| F|  |TAMS 0x000000008b100000, 0x000000008b100000| Untracked 
| 102|0x000000008b200000, 0x000000008b200000, 0x000000008b300000|  0%| F|  |TAMS 0x000000008b200000, 0x000000008b200000| Untracked 
| 103|0x000000008b300000, 0x000000008b300000, 0x000000008b400000|  0%| F|  |TAMS 0x000000008b300000, 0x000000008b300000| Untracked 
| 104|0x000000008b400000, 0x000000008b400000, 0x000000008b500000|  0%| F|  |TAMS 0x000000008b400000, 0x000000008b400000| Untracked 
| 105|0x000000008b500000, 0x000000008b500000, 0x000000008b600000|  0%| F|  |TAMS 0x000000008b500000, 0x000000008b500000| Untracked 
| 106|0x000000008b600000, 0x000000008b600000, 0x000000008b700000|  0%| F|  |TAMS 0x000000008b600000, 0x000000008b600000| Untracked 
| 107|0x000000008b700000, 0x000000008b700000, 0x000000008b800000|  0%| F|  |TAMS 0x000000008b700000, 0x000000008b700000| Untracked 
| 108|0x000000008b800000, 0x000000008b800000, 0x000000008b900000|  0%| F|  |TAMS 0x000000008b800000, 0x000000008b800000| Untracked 
| 109|0x000000008b900000, 0x000000008b9c6020, 0x000000008ba00000| 77%| S|CS|TAMS 0x000000008b900000, 0x000000008b900000| Complete 
| 110|0x000000008ba00000, 0x000000008bb00000, 0x000000008bb00000|100%| S|CS|TAMS 0x000000008ba00000, 0x000000008ba00000| Complete 
| 111|0x000000008bb00000, 0x000000008bb00000, 0x000000008bc00000|  0%| F|  |TAMS 0x000000008bb00000, 0x000000008bb00000| Untracked 
| 112|0x000000008bc00000, 0x000000008bc00000, 0x000000008bd00000|  0%| F|  |TAMS 0x000000008bc00000, 0x000000008bc00000| Untracked 
| 113|0x000000008bd00000, 0x000000008bd00000, 0x000000008be00000|  0%| F|  |TAMS 0x000000008bd00000, 0x000000008bd00000| Untracked 
| 114|0x000000008be00000, 0x000000008be00000, 0x000000008bf00000|  0%| F|  |TAMS 0x000000008be00000, 0x000000008be00000| Untracked 
| 115|0x000000008bf00000, 0x000000008bf00000, 0x000000008c000000|  0%| F|  |TAMS 0x000000008bf00000, 0x000000008bf00000| Untracked 
| 116|0x000000008c000000, 0x000000008c000000, 0x000000008c100000|  0%| F|  |TAMS 0x000000008c000000, 0x000000008c000000| Untracked 
| 117|0x000000008c100000, 0x000000008c100000, 0x000000008c200000|  0%| F|  |TAMS 0x000000008c100000, 0x000000008c100000| Untracked 
| 118|0x000000008c200000, 0x000000008c200000, 0x000000008c300000|  0%| F|  |TAMS 0x000000008c200000, 0x000000008c200000| Untracked 
| 119|0x000000008c300000, 0x000000008c300000, 0x000000008c400000|  0%| F|  |TAMS 0x000000008c300000, 0x000000008c300000| Untracked 
| 120|0x000000008c400000, 0x000000008c4ffe40, 0x000000008c500000| 99%| E|  |TAMS 0x000000008c400000, 0x000000008c400000| Complete 
| 121|0x000000008c500000, 0x000000008c600000, 0x000000008c600000|100%| E|CS|TAMS 0x000000008c500000, 0x000000008c500000| Complete 
| 122|0x000000008c600000, 0x000000008c700000, 0x000000008c700000|100%| E|CS|TAMS 0x000000008c600000, 0x000000008c600000| Complete 
| 123|0x000000008c700000, 0x000000008c800000, 0x000000008c800000|100%| E|CS|TAMS 0x000000008c700000, 0x000000008c700000| Complete 

Card table byte_map: [0x0000018529e30000,0x000001852a210000] _byte_map_base: 0x0000018529a0a000

Marking Bits (Prev, Next): (CMBitMap*) 0x000001851327a9c0, (CMBitMap*) 0x000001851327aa00
 Prev Bits: [0x000001852a5f0000, 0x000001852c4c0000)
 Next Bits: [0x000001852c4c0000, 0x000001852e390000)

Polling page: 0x0000018511180000

Metaspace:

Usage:
  Non-class:      2.08 MB used.
      Class:    225.64 KB used.
       Both:      2.30 MB used.

Virtual space:
  Non-class space:        8.00 MB reserved,       2.19 MB ( 27%) committed,  1 nodes.
      Class space:        1.00 GB reserved,     320.00 KB ( <1%) committed,  1 nodes.
             Both:        1.01 GB reserved,       2.50 MB ( <1%) committed. 

Chunk freelists:
   Non-Class:  3.05 MB
       Class:  3.59 MB
        Both:  6.63 MB

MaxMetaspaceSize: unlimited
CompressedClassSpaceSize: 1.00 GB
Initial GC threshold: 21.00 MB
Current GC threshold: 21.00 MB
CDS: on
MetaspaceReclaimPolicy: balanced
 - commit_granule_bytes: 65536.
 - commit_granule_words: 8192.
 - virtual_space_node_default_size: 1048576.
 - enlarge_chunks_in_place: 1.
 - new_chunks_are_fully_committed: 0.
 - uncommit_free_chunks: 1.
 - use_allocation_guard: 0.
 - handle_deallocations: 1.


Internal statistics:

num_allocs_failed_limit: 0.
num_arena_births: 154.
num_arena_deaths: 0.
num_vsnodes_births: 2.
num_vsnodes_deaths: 0.
num_space_committed: 40.
num_space_uncommitted: 0.
num_chunks_returned_to_freelist: 0.
num_chunks_taken_from_freelist: 235.
num_chunk_merges: 0.
num_chunk_splits: 143.
num_chunks_enlarged: 76.
num_purges: 0.
num_inconsistent_stats: 0.

CodeHeap 'non-profiled nmethods': size=120000Kb used=354Kb max_used=354Kb free=119645Kb
 bounds [0x0000018522520000, 0x0000018522790000, 0x0000018529a50000]
CodeHeap 'profiled nmethods': size=120000Kb used=1553Kb max_used=1553Kb free=118447Kb
 bounds [0x000001851aff0000, 0x000001851b260000, 0x0000018522520000]
CodeHeap 'non-nmethods': size=5760Kb used=1135Kb max_used=1169Kb free=4624Kb
 bounds [0x000001851aa50000, 0x000001851acc0000, 0x000001851aff0000]
 total_blobs=1349 nmethods=943 adapters=319
 compilation: enabled
              stopped_count=0, restarted_count=0
 full_count=0

Compilation events (20 events):
Event: 1.320 Thread 0x000001853082e820 nmethod 936 0x000001851b171a10 code [0x000001851b171ba0, 0x000001851b171ce8]
Event: 1.320 Thread 0x000001853082e820  937       3       java.util.zip.ZipEntry::<init> (84 bytes)
Event: 1.320 Thread 0x000001853082e820 nmethod 937 0x000001851b171d90 code [0x000001851b171f80, 0x000001851b172518]
Event: 1.320 Thread 0x000001853082e820  935       3       java.util.jar.Attributes::getValue (9 bytes)
Event: 1.320 Thread 0x000001853082e820 nmethod 935 0x000001851b172710 code [0x000001851b1728c0, 0x000001851b172c08]
Event: 1.321 Thread 0x000001853175b1d0  938       4       java.lang.String::getBytes (44 bytes)
Event: 1.322 Thread 0x000001853175b1d0 nmethod 938 0x0000018522576c10 code [0x0000018522576d80, 0x0000018522576ed8]
Event: 1.322 Thread 0x000001853175b1d0  939       4       java.lang.StringConcatHelper::prepend (37 bytes)
Event: 1.324 Thread 0x000001853175b1d0 nmethod 939 0x0000018522577010 code [0x00000185225771a0, 0x0000018522577338]
Event: 1.324 Thread 0x000001853175b1d0  940       4       java.util.HashMap::getNode (150 bytes)
Event: 1.324 Thread 0x000001853082e820  941  s    3       jdk.internal.loader.Resource::cachedInputStream (20 bytes)
Event: 1.324 Thread 0x000001853082e820 nmethod 941 0x000001851b172d10 code [0x000001851b172ec0, 0x000001851b1731e8]
Event: 1.324 Thread 0x000001853082e820  942       3       java.security.CodeSource::getCertificates (98 bytes)
Event: 1.325 Thread 0x000001853082e820 nmethod 942 0x000001851b173290 code [0x000001851b173500, 0x000001851b174138]
Event: 1.330 Thread 0x000001853175b1d0 nmethod 940 0x0000018522577510 code [0x00000185225776c0, 0x0000018522577a18]
Event: 1.330 Thread 0x000001853175b1d0  943       4       java.lang.StringConcatHelper::mix (27 bytes)
Event: 1.331 Thread 0x000001853175b1d0 nmethod 943 0x0000018522577d10 code [0x0000018522577e80, 0x0000018522577f38]
Event: 1.333 Thread 0x000001853175b1d0  944       4       java.util.HashMap::get (19 bytes)
Event: 1.351 Thread 0x000001853175b1d0 nmethod 944 0x0000018522578090 code [0x0000018522578240, 0x0000018522578598]
Event: 1.351 Thread 0x000001853175b1d0  945       4       org.springframework.boot.loader.zip.ZipString::compare (327 bytes)

GC Heap History (2 events):
Event: 1.169 GC heap before
{Heap before GC invocations=0 (full 0):
 garbage-first heap   total 126976K, used 13312K [0x0000000084c00000, 0x0000000100000000)
  region size 1024K, 13 young (13312K), 0 survivors (0K)
 Metaspace       used 1868K, committed 2112K, reserved 1056768K
  class space    used 189K, committed 320K, reserved 1048576K
}
Event: 1.184 GC heap after
{Heap after GC invocations=1 (full 0):
 garbage-first heap   total 126976K, used 1816K [0x0000000084c00000, 0x0000000100000000)
  region size 1024K, 2 young (2048K), 2 survivors (2048K)
 Metaspace       used 1868K, committed 2112K, reserved 1056768K
  class space    used 189K, committed 320K, reserved 1048576K
}

Deoptimization events (20 events):
Event: 1.159 Thread 0x000001851323cf50 DEOPT PACKING pc=0x000001851b0b59e8 sp=0x0000002d0fff9b80
Event: 1.159 Thread 0x000001851323cf50 DEOPT UNPACKING pc=0x000001851aaa6763 sp=0x0000002d0fff9010 mode 0
Event: 1.163 Thread 0x000001851323cf50 DEOPT PACKING pc=0x000001851b0b59e8 sp=0x0000002d0fff9b80
Event: 1.163 Thread 0x000001851323cf50 DEOPT UNPACKING pc=0x000001851aaa6763 sp=0x0000002d0fff9010 mode 0
Event: 1.165 Thread 0x000001851323cf50 DEOPT PACKING pc=0x000001851b0b59e8 sp=0x0000002d0fff9b80
Event: 1.165 Thread 0x000001851323cf50 DEOPT UNPACKING pc=0x000001851aaa6763 sp=0x0000002d0fff9010 mode 0
Event: 1.257 Thread 0x000001851323cf50 DEOPT PACKING pc=0x000001851b1165e7 sp=0x0000002d0fff9d50
Event: 1.257 Thread 0x000001851323cf50 DEOPT UNPACKING pc=0x000001851aaa6763 sp=0x0000002d0fff9268 mode 0
Event: 1.307 Thread 0x000001851323cf50 Uncommon trap: trap_request=0xffffffde fr.pc=0x00000185225579c0 relative=0x00000000000001a0
Event: 1.307 Thread 0x000001851323cf50 Uncommon trap: reason=class_check action=maybe_recompile pc=0x00000185225579c0 method=java.nio.Buffer.<init>(IIIILjdk/internal/access/foreign/MemorySegmentProxy;)V @ 39 c2
Event: 1.307 Thread 0x000001851323cf50 DEOPT PACKING pc=0x00000185225579c0 sp=0x0000002d0fffd950
Event: 1.307 Thread 0x000001851323cf50 DEOPT UNPACKING pc=0x000001851aaa5c23 sp=0x0000002d0fffd928 mode 2
Event: 1.307 Thread 0x000001851323cf50 Uncommon trap: trap_request=0xffffffde fr.pc=0x00000185225579c0 relative=0x00000000000001a0
Event: 1.307 Thread 0x000001851323cf50 Uncommon trap: reason=class_check action=maybe_recompile pc=0x00000185225579c0 method=java.nio.Buffer.<init>(IIIILjdk/internal/access/foreign/MemorySegmentProxy;)V @ 39 c2
Event: 1.307 Thread 0x000001851323cf50 DEOPT PACKING pc=0x00000185225579c0 sp=0x0000002d0fffd950
Event: 1.307 Thread 0x000001851323cf50 DEOPT UNPACKING pc=0x000001851aaa5c23 sp=0x0000002d0fffd928 mode 2
Event: 1.312 Thread 0x000001851323cf50 Uncommon trap: trap_request=0xffffffde fr.pc=0x00000185225579c0 relative=0x00000000000001a0
Event: 1.312 Thread 0x000001851323cf50 Uncommon trap: reason=class_check action=maybe_recompile pc=0x00000185225579c0 method=java.nio.Buffer.<init>(IIIILjdk/internal/access/foreign/MemorySegmentProxy;)V @ 39 c2
Event: 1.312 Thread 0x000001851323cf50 DEOPT PACKING pc=0x00000185225579c0 sp=0x0000002d0fffcc40
Event: 1.312 Thread 0x000001851323cf50 DEOPT UNPACKING pc=0x000001851aaa5c23 sp=0x0000002d0fffcc18 mode 2

Classes unloaded (0 events):
No events

Classes redefined (0 events):
No events

Internal exceptions (20 events):
Event: 0.764 Thread 0x000001851323cf50 Exception <a 'java/lang/NoSuchMethodError'{0x000000008c588ce8}: 'java.lang.Object java.lang.invoke.DirectMethodHandle$Holder.invokeStaticInit(java.lang.Object)'> (0x000000008c588ce8) 
thrown [t:\workspace\open\src\hotspot\share\interpreter\linkResolver.cpp, line 766]
Event: 0.772 Thread 0x000001851323cf50 Exception <a 'java/lang/NoSuchMethodError'{0x000000008c5b0bc8}: 'void java.lang.invoke.DirectMethodHandle$Holder.invokeSpecial(java.lang.Object, java.lang.Object, java.lang.Object)'> (0x000000008c5b0bc8) 
thrown [t:\workspace\open\src\hotspot\share\interpreter\linkResolver.cpp, line 766]
Event: 0.781 Thread 0x000001851323cf50 Exception <a 'java/lang/NoSuchMethodError'{0x000000008c5e5488}: 'java.lang.Object java.lang.invoke.DirectMethodHandle$Holder.invokeStaticInit(java.lang.Object, java.lang.Object, java.lang.Object, java.lang.Object, java.lang.Object, java.lang.Object, java.lang.Object)'> (0x000000008c5e5488) 
thrown [t:\workspace\open\src\hotspot\share\interpreter\linkResolver.cpp, line 766]
Event: 0.782 Thread 0x000001851323cf50 Exception <a 'java/lang/NoSuchMethodError'{0x000000008c5eed60}: 'java.lang.Object java.lang.invoke.DirectMethodHandle$Holder.invokeSpecial(java.lang.Object, java.lang.Object, java.lang.Object, java.lang.Object, java.lang.Object, java.lang.Object, java.lang.Object, java.lang.Object, java.lang.Object)'> (0x000000008c5eed60) 
thrown [t:\workspace\open\src\hotspot\share\interpreter\linkResolver.cpp, line 766]
Event: 0.783 Thread 0x000001851323cf50 Exception <a 'java/lang/NoSuchMethodError'{0x000000008c5f3a00}: 'java.lang.Object java.lang.invoke.Invokers$Holder.invoke_MT(java.lang.Object, java.lang.Object, java.lang.Object, java.lang.Object, java.lang.Object, java.lang.Object, java.lang.Object, java.lang.Object, java.lang.Object)'> (0x000000008c5f3a00) 
thrown [t:\workspace\open\src\hotspot\share\interpreter\linkResolver.cpp, line 766]
Event: 0.785 Thread 0x000001851323cf50 Exception <a 'java/lang/NoSuchMethodError'{0x000000008c5f9e40}: 'java.lang.Object java.lang.invoke.DirectMethodHandle$Holder.invokeStatic(java.lang.Object, java.lang.Object, int)'> (0x000000008c5f9e40) 
thrown [t:\workspace\open\src\hotspot\share\interpreter\linkResolver.cpp, line 766]
Event: 0.797 Thread 0x000001851323cf50 Exception <a 'java/lang/NoSuchMethodError'{0x000000008c410b38}: 'void java.lang.invoke.DelegatingMethodHandle$Holder.delegate(java.lang.Object, java.lang.Object, int, java.lang.Object)'> (0x000000008c410b38) 
thrown [t:\workspace\open\src\hotspot\share\interpreter\linkResolver.cpp, line 766]
Event: 0.808 Thread 0x000001851323cf50 Exception <a 'java/lang/NoSuchMethodError'{0x000000008c431010}: 'int java.lang.invoke.DirectMethodHandle$Holder.invokeVirtual(java.lang.Object, java.lang.Object)'> (0x000000008c431010) 
thrown [t:\workspace\open\src\hotspot\share\interpreter\linkResolver.cpp, line 766]
Event: 0.814 Thread 0x000001851323cf50 Exception <a 'java/lang/NoSuchMethodError'{0x000000008c435788}: 'int java.lang.invoke.DirectMethodHandle$Holder.invokeStaticInit(java.lang.Object, java.lang.Object, java.lang.Object)'> (0x000000008c435788) 
thrown [t:\workspace\open\src\hotspot\share\interpreter\linkResolver.cpp, line 766]
Event: 0.816 Thread 0x000001851323cf50 Exception <a 'java/lang/NoSuchMethodError'{0x000000008c439780}: 'int java.lang.invoke.DirectMethodHandle$Holder.invokeStaticInit(java.lang.Object, int, int)'> (0x000000008c439780) 
thrown [t:\workspace\open\src\hotspot\share\interpreter\linkResolver.cpp, line 766]
Event: 0.817 Thread 0x000001851323cf50 Exception <a 'java/lang/NoSuchMethodError'{0x000000008c4410f0}: 'int java.lang.invoke.DirectMethodHandle$Holder.invokeStaticInit(java.lang.Object, long, long)'> (0x000000008c4410f0) 
thrown [t:\workspace\open\src\hotspot\share\interpreter\linkResolver.cpp, line 766]
Event: 0.818 Thread 0x000001851323cf50 Exception <a 'java/lang/NoSuchMethodError'{0x000000008c448198}: 'int java.lang.invoke.DirectMethodHandle$Holder.invokeStaticInit(java.lang.Object, float, float)'> (0x000000008c448198) 
thrown [t:\workspace\open\src\hotspot\share\interpreter\linkResolver.cpp, line 766]
Event: 0.820 Thread 0x000001851323cf50 Exception <a 'java/lang/NoSuchMethodError'{0x000000008c44eff0}: 'int java.lang.invoke.DirectMethodHandle$Holder.invokeStaticInit(java.lang.Object, double, double)'> (0x000000008c44eff0) 
thrown [t:\workspace\open\src\hotspot\share\interpreter\linkResolver.cpp, line 766]
Event: 0.822 Thread 0x000001851323cf50 Exception <a 'java/lang/NoSuchMethodError'{0x000000008c453b08}: 'int java.lang.invoke.DirectMethodHandle$Holder.invokeStatic(java.lang.Object, long)'> (0x000000008c453b08) 
thrown [t:\workspace\open\src\hotspot\share\interpreter\linkResolver.cpp, line 766]
Event: 0.835 Thread 0x000001851323cf50 Exception <a 'java/lang/NoSuchMethodError'{0x000000008c478168}: 'int java.lang.invoke.Invokers$Holder.linkToTargetMethod(java.lang.Object, java.lang.Object)'> (0x000000008c478168) 
thrown [t:\workspace\open\src\hotspot\share\interpreter\linkResolver.cpp, line 766]
Event: 0.880 Thread 0x000001851323cf50 Exception <a 'java/lang/NoSuchMethodError'{0x000000008c3001a0}: 'java.lang.Object java.lang.invoke.DirectMethodHandle$Holder.invokeSpecial(java.lang.Object, java.lang.Object, int, java.lang.Object, java.lang.Object)'> (0x000000008c3001a0) 
thrown [t:\workspace\open\src\hotspot\share\interpreter\linkResolver.cpp, line 766]
Event: 0.881 Thread 0x000001851323cf50 Exception <a 'java/lang/NoSuchMethodError'{0x000000008c304018}: 'java.lang.Object java.lang.invoke.DelegatingMethodHandle$Holder.delegate(java.lang.Object, int, java.lang.Object, java.lang.Object)'> (0x000000008c304018) 
thrown [t:\workspace\open\src\hotspot\share\interpreter\linkResolver.cpp, line 766]
Event: 0.883 Thread 0x000001851323cf50 Exception <a 'java/lang/NoSuchMethodError'{0x000000008c314c78}: 'int java.lang.invoke.Invokers$Holder.linkToTargetMethod(java.lang.Object, java.lang.Object, java.lang.Object)'> (0x000000008c314c78) 
thrown [t:\workspace\open\src\hotspot\share\interpreter\linkResolver.cpp, line 766]
Event: 0.889 Thread 0x000001851323cf50 Exception <a 'java/lang/NoSuchMethodError'{0x000000008c33be98}: 'void java.lang.invoke.DirectMethodHandle$Holder.invokeSpecial(java.lang.Object, java.lang.Object, java.lang.Object, java.lang.Object, java.lang.Object)'> (0x000000008c33be98) 
thrown [t:\workspace\open\src\hotspot\share\interpreter\linkResolver.cpp, line 766]
Event: 0.921 Thread 0x000001851323cf50 Exception <a 'java/lang/NoSuchMethodError'{0x000000008c3a2b68}: 'java.lang.Object java.lang.invoke.DirectMethodHandle$Holder.invokeStaticInit(java.lang.Object, int)'> (0x000000008c3a2b68) 
thrown [t:\workspace\open\src\hotspot\share\interpreter\linkResolver.cpp, line 766]

VM Operations (2 events):
Event: 1.168 Executing VM operation: G1CollectForAllocation
Event: 1.185 Executing VM operation: G1CollectForAllocation done

Events (20 events):
Event: 1.287 loading class java/io/UnsupportedEncodingException
Event: 1.287 loading class java/io/UnsupportedEncodingException done
Event: 1.288 loading class java/io/Reader
Event: 1.290 loading class java/io/Reader done
Event: 1.290 loading class java/io/InputStreamReader
Event: 1.291 loading class java/io/InputStreamReader done
Event: 1.300 loading class java/net/URLClassLoader$3
Event: 1.300 loading class java/net/URLClassLoader$3 done
Event: 1.300 loading class java/net/URLClassLoader$3$1
Event: 1.300 loading class java/net/URLClassLoader$3$1 done
Event: 1.301 loading class java/net/HttpURLConnection
Event: 1.301 loading class java/net/HttpURLConnection done
Event: 1.305 loading class java/net/URLClassLoader$2
Event: 1.305 loading class java/net/URLClassLoader$2 done
Event: 1.305 loading class java/io/BufferedReader
Event: 1.306 loading class java/io/BufferedReader done
Event: 1.306 loading class sun/nio/cs/StreamDecoder
Event: 1.306 loading class sun/nio/cs/StreamDecoder done
Event: 1.306 loading class sun/nio/cs/UTF_8$Decoder
Event: 1.307 loading class sun/nio/cs/UTF_8$Decoder done


Dynamic libraries:
0x00007ff74c840000 - 0x00007ff74c850000 	C:\Program Files\Java\jdk-17.0.1\bin\java.exe
0x00007ffca3950000 - 0x00007ffca3b45000 	C:\Windows\SYSTEM32\ntdll.dll
0x00007ffca2e50000 - 0x00007ffca2f0e000 	C:\Windows\System32\KERNEL32.DLL
0x00007ffca11a0000 - 0x00007ffca1468000 	C:\Windows\System32\KERNELBASE.dll
0x00007ffca1760000 - 0x00007ffca1860000 	C:\Windows\System32\ucrtbase.dll
0x00007ffc99d50000 - 0x00007ffc99d68000 	C:\Program Files\Java\jdk-17.0.1\bin\jli.dll
0x00007ffca1c40000 - 0x00007ffca1cee000 	C:\Windows\System32\ADVAPI32.dll
0x00007ffca1fb0000 - 0x00007ffca204e000 	C:\Windows\System32\msvcrt.dll
0x00007ffca1cf0000 - 0x00007ffca1d8c000 	C:\Windows\System32\sechost.dll
0x00007ffca3770000 - 0x00007ffca3895000 	C:\Windows\System32\RPCRT4.dll
0x00007ffc95a40000 - 0x00007ffc95a5a000 	C:\Program Files\Java\jdk-17.0.1\bin\VCRUNTIME140.dll
0x00007ffca2f20000 - 0x00007ffca30c0000 	C:\Windows\System32\USER32.dll
0x00007ffca1970000 - 0x00007ffca1992000 	C:\Windows\System32\win32u.dll
0x00007ffca2e00000 - 0x00007ffca2e2b000 	C:\Windows\System32\GDI32.dll
0x00007ffca15d0000 - 0x00007ffca16dd000 	C:\Windows\System32\gdi32full.dll
0x00007ffca18d0000 - 0x00007ffca196d000 	C:\Windows\System32\msvcp_win.dll
0x00007ffc8a220000 - 0x00007ffc8a4ba000 	C:\Windows\WinSxS\amd64_microsoft.windows.common-controls_6595b64144ccf1df_6.0.19041.1110_none_60b5254171f9507e\COMCTL32.dll
0x00007ffc90920000 - 0x00007ffc9092a000 	C:\Windows\SYSTEM32\VERSION.dll
0x00007ffca2050000 - 0x00007ffca2080000 	C:\Windows\System32\IMM32.DLL
0x00007ffc99c20000 - 0x00007ffc99c2c000 	C:\Program Files\Java\jdk-17.0.1\bin\vcruntime140_1.dll
0x00007ffc8c1e0000 - 0x00007ffc8c26d000 	C:\Program Files\Java\jdk-17.0.1\bin\msvcp140.dll
0x00007ffc32880000 - 0x00007ffc3343e000 	C:\Program Files\Java\jdk-17.0.1\bin\server\jvm.dll
0x00007ffca1fa0000 - 0x00007ffca1fa8000 	C:\Windows\System32\PSAPI.DLL
0x00007ffc99d40000 - 0x00007ffc99d49000 	C:\Windows\SYSTEM32\WSOCK32.dll
0x00007ffca38a0000 - 0x00007ffca390b000 	C:\Windows\System32\WS2_32.dll
0x00007ffc89f40000 - 0x00007ffc89f67000 	C:\Windows\SYSTEM32\WINMM.dll
0x00007ffc9f8e0000 - 0x00007ffc9f8f2000 	C:\Windows\SYSTEM32\kernel.appcore.dll
0x00007ffc98650000 - 0x00007ffc9865a000 	C:\Program Files\Java\jdk-17.0.1\bin\jimage.dll
0x00007ffc9ee40000 - 0x00007ffc9f024000 	C:\Windows\SYSTEM32\DBGHELP.DLL
0x00007ffc86b20000 - 0x00007ffc86b4c000 	C:\Windows\SYSTEM32\dbgcore.DLL
0x00007ffca1110000 - 0x00007ffca1192000 	C:\Windows\System32\bcryptPrimitives.dll
0x00007ffc8edc0000 - 0x00007ffc8ede5000 	C:\Program Files\Java\jdk-17.0.1\bin\java.dll
0x00007ffc6b7e0000 - 0x00007ffc6b8b6000 	C:\Program Files\Java\jdk-17.0.1\bin\svml.dll
0x00007ffca2590000 - 0x00007ffca2cd4000 	C:\Windows\System32\SHELL32.dll
0x00007ffc9f130000 - 0x00007ffc9f8c4000 	C:\Windows\SYSTEM32\windows.storage.dll
0x00007ffca30c0000 - 0x00007ffca3415000 	C:\Windows\System32\combase.dll
0x00007ffca0ab0000 - 0x00007ffca0ade000 	C:\Windows\SYSTEM32\Wldp.dll
0x00007ffca1a70000 - 0x00007ffca1b1d000 	C:\Windows\System32\SHCORE.dll
0x00007ffca2d90000 - 0x00007ffca2de5000 	C:\Windows\System32\shlwapi.dll
0x00007ffca0fa0000 - 0x00007ffca0fbf000 	C:\Windows\SYSTEM32\profapi.dll
0x00007ffc8fa50000 - 0x00007ffc8fa69000 	C:\Program Files\Java\jdk-17.0.1\bin\net.dll
0x00007ffc982a0000 - 0x00007ffc983ac000 	C:\Windows\SYSTEM32\WINHTTP.dll
0x00007ffca0810000 - 0x00007ffca087a000 	C:\Windows\system32\mswsock.dll
0x00007ffc8f790000 - 0x00007ffc8f7a5000 	C:\Program Files\Java\jdk-17.0.1\bin\nio.dll
0x00007ffc8eda0000 - 0x00007ffc8edb8000 	C:\Program Files\Java\jdk-17.0.1\bin\zip.dll
0x00007ffc971c0000 - 0x00007ffc971d0000 	C:\Program Files\Java\jdk-17.0.1\bin\verify.dll

dbghelp: loaded successfully - version: 4.0.5 - missing functions: none
symbol engine: initialized successfully - sym options: 0x614 - pdb path: .;C:\Program Files\Java\jdk-17.0.1\bin;C:\Windows\SYSTEM32;C:\Windows\WinSxS\amd64_microsoft.windows.common-controls_6595b64144ccf1df_6.0.19041.1110_none_60b5254171f9507e;C:\Program Files\Java\jdk-17.0.1\bin\server

VM Arguments:
java_command: c:\Users\shiks\.vscode\extensions\salesforce.salesforce-vscode-slds-2.0.12\lsp-2.0.12-executable.jar --PORT=51020
java_class_path (initial): c:\Users\shiks\.vscode\extensions\salesforce.salesforce-vscode-slds-2.0.12\lsp-2.0.12-executable.jar
Launcher Type: SUN_STANDARD

[Global flags]
     intx CICompilerCount                          = 3                                         {product} {ergonomic}
     uint ConcGCThreads                            = 1                                         {product} {ergonomic}
     uint G1ConcRefinementThreads                  = 4                                         {product} {ergonomic}
   size_t G1HeapRegionSize                         = 1048576                                   {product} {ergonomic}
    uintx GCDrainStackTargetSize                   = 64                                        {product} {ergonomic}
   size_t InitialHeapSize                          = 130023424                                 {product} {ergonomic}
   size_t MarkStackSize                            = 4194304                                   {product} {ergonomic}
   size_t MaxHeapSize                              = 2067791872                                {product} {ergonomic}
   size_t MaxNewSize                               = 1240465408                                {product} {ergonomic}
   size_t MinHeapDeltaBytes                        = 1048576                                   {product} {ergonomic}
   size_t MinHeapSize                              = 8388608                                   {product} {ergonomic}
    uintx NonNMethodCodeHeapSize                   = 5832780                                {pd product} {ergonomic}
    uintx NonProfiledCodeHeapSize                  = 122912730                              {pd product} {ergonomic}
    uintx ProfiledCodeHeapSize                     = 122912730                              {pd product} {ergonomic}
    uintx ReservedCodeCacheSize                    = 251658240                              {pd product} {ergonomic}
     bool SegmentedCodeCache                       = true                                      {product} {ergonomic}
   size_t SoftMaxHeapSize                          = 2067791872                             {manageable} {ergonomic}
     bool UseCompressedClassPointers               = true                           {product lp64_product} {ergonomic}
     bool UseCompressedOops                        = true                           {product lp64_product} {ergonomic}
     bool UseG1GC                                  = true                                      {product} {ergonomic}
     bool UseLargePagesIndividualAllocation        = false                                  {pd product} {ergonomic}

Logging:
Log output configuration:
 #0: stdout all=warning uptime,level,tags
 #1: stderr all=off uptime,level,tags

Environment Variables:
JAVA_HOME=C:\Program Files\Java\jdk-17.0.1
PATH=C:\Program Files\Common Files\Oracle\Java\javapath;C:\Program Files (x86)\Common Files\Oracle\Java\java8path;C:\Program Files (x86)\Common Files\Oracle\Java\javapath;C:\Windows\system32;C:\Windows;C:\Windows\System32\Wbem;C:\Windows\System32\WindowsPowerShell\v1.0\;C:\Windows\System32\OpenSSH\;C:\apache-tomcat-9.0.62\bin;C:\Program Files\Java\jdk-17.0.1\bin;C:\Program Files\Java\jdk-17.0.1\bin;C:\Program Files\Git\cmd;C:\Users\shiks\AppData\Roaming\npm;C:\Program Files\MySQL\MySQL Server 8.0\bin;C:\Users\shiks\AppData\Local\nvm;C:\nvm4w\nodejs;C:\Program Files\MySQL\MySQL Shell 8.0\bin\;C:\Users\shiks\AppData\Local\Microsoft\WindowsApps;C:\Users\shiks\AppData\Local\Programs\Microsoft VS Code\bin;C:\Program Files\sfdx\bin;C:\MinGW\bin;C:\Users\shiks\AppData\Local\GitHubDesktop\bin;C:\Program Files\MySQL\MySQL Server 8.0\bin;C:\Program Files\JetBrains\IntelliJ IDEA Community Edition 2025.2\bin;C:\Users\shiks\AppData\Roaming\npm;C:\Users\shiks\AppData\Local\nvm;C:\nvm4w\nodejs
USERNAME=shiks
OS=Windows_NT
PROCESSOR_IDENTIFIER=Intel64 Family 6 Model 140 Stepping 1, GenuineIntel



---------------  S Y S T E M  ---------------

OS:
 Windows 10 , 64 bit Build 19041 (10.0.19041.1503)
OS uptime: 0 days 9:21 hours

CPU: total 4 (initial active 4) (2 cores per cpu, 2 threads per core) family 6 model 140 stepping 1 microcode 0x86, cx8, cmov, fxsr, ht, mmx, 3dnowpref, sse, sse2, sse3, ssse3, sse4.1, sse4.2, popcnt, lzcnt, tsc, tscinvbit, avx, avx2, aes, erms, clmul, bmi1, bmi2, adx, avx512f, avx512dq, avx512cd, avx512bw, avx512vl, sha, fma, vzeroupper, avx512_vpopcntdq, avx512_vpclmulqdq, avx512_vaes, avx512_vnni, clflush, clflushopt, clwb, avx512_vbmi2, avx512_vbmi

Memory: 4k page, system-wide physical 7886M (525M free)
TotalPageFile size 10602M (AvailPageFile size 7M)
current process WorkingSet (physical memory assigned to process): 60M, peak: 60M
current process commit charge ("private bytes"): 209M, peak: 210M

vm_info: Java HotSpot(TM) 64-Bit Server VM (17.0.1+12-LTS-39) for windows-amd64 JRE (17.0.1+12-LTS-39), built on Sep 27 2021 18:41:35 by "mach5one" with MS VC++ 16.8 (VS2019)

END.
