#
# There is insufficient memory for the Java Runtime Environment to continue.
# Native memory allocation (malloc) failed to allocate 1047744 bytes for Chunk::new
# Possible reasons:
#   The system is out of physical RAM or swap space
#   The process is running with CompressedOops enabled, and the Java Heap may be blocking the growth of the native heap
# Possible solutions:
#   Reduce memory load on the system
#   Increase physical memory or swap space
#   Check if swap backing store is full
#   Decrease Java heap size (-Xmx/-Xms)
#   Decrease number of Java threads
#   Decrease Java thread stack sizes (-Xss)
#   Set larger code cache with -XX:ReservedCodeCacheSize=
#   JVM is running with Unscaled Compressed Oops mode in which the Java heap is
#     placed in the first 4GB address space. The Java Heap base address is the
#     maximum limit for the native heap growth. Please use -XX:HeapBaseMinAddress
#     to set the Java Heap base and to place the Java Heap above 4GB virtual address.
# This output file may be truncated or incomplete.
#
#  Out of Memory Error (arena.cpp:189), pid=11120, tid=3984
#
# JRE version: Java(TM) SE Runtime Environment (17.0.1+12) (build 17.0.1+12-LTS-39)
# Java VM: Java HotSpot(TM) 64-Bit Server VM (17.0.1+12-LTS-39, mixed mode, sharing, tiered, compressed oops, compressed class ptrs, g1 gc, windows-amd64)
# No core dump will be written. Minidumps are not enabled by default on client versions of Windows
#

---------------  S U M M A R Y ------------

Command Line: c:\Users\shiks\.vscode\extensions\salesforce.salesforce-vscode-slds-2.0.12\lsp-2.0.12-executable.jar --PORT=52166

Host: 11th Gen Intel(R) Core(TM) i3-1115G4 @ 3.00GHz, 4 cores, 7G,  Windows 10 , 64 bit Build 19041 (10.0.19041.1503)
Time: Tue Oct  7 22:06:26 2025 India Standard Time elapsed time: 4.603163 seconds (0d 0h 0m 4s)

---------------  T H R E A D  ---------------

Current thread (0x000001e9fea2f5e0):  JavaThread "C2 CompilerThread0" daemon [_thread_in_native, id=3984, stack(0x0000000101200000,0x0000000101300000)]


Current CompileTask:
C2:   4603 1969       4       jdk.internal.org.objectweb.asm.Frame::execute (2305 bytes)

Stack: [0x0000000101200000,0x0000000101300000]
Native frames: (J=compiled Java code, j=interpreted, Vv=VM code, C=native code)
V  [jvm.dll+0x66fa1a]
V  [jvm.dll+0x7ce5a4]
V  [jvm.dll+0x7cfd4e]
V  [jvm.dll+0x7d03b3]
V  [jvm.dll+0x242b05]
V  [jvm.dll+0xaa05b]
V  [jvm.dll+0xaa5ec]
V  [jvm.dll+0x35fa07]
V  [jvm.dll+0x1b9732]
V  [jvm.dll+0x215d49]
V  [jvm.dll+0x215011]
V  [jvm.dll+0x1a168d]
V  [jvm.dll+0x224848]
V  [jvm.dll+0x2229ac]
V  [jvm.dll+0x78435b]
V  [jvm.dll+0x77e91a]
V  [jvm.dll+0x66e845]
C  [ucrtbase.dll+0x21bb2]
C  [KERNEL32.DLL+0x17034]
C  [ntdll.dll+0x52651]


---------------  P R O C E S S  ---------------

Threads class SMR info:
_java_thread_list=0x000001e981812b70, length=14, elements={
0x000001e9e145c4e0, 0x000001e9fea12110, 0x000001e9fea14ad0, 0x000001e9fea2ab30,
0x000001e9fea2b4e0, 0x000001e9fea2dea0, 0x000001e9fea2e850, 0x000001e9fea2f5e0,
0x000001e9fea947c0, 0x000001e9feaa36f0, 0x000001e9ff48b5d0, 0x000001e9ff48fd40,
0x000001e9ff660060, 0x000001e9812942c0
}

Java Threads: ( => current thread )
  0x000001e9e145c4e0 JavaThread "main" [_thread_in_Java, id=8728, stack(0x0000000100500000,0x0000000100600000)]
  0x000001e9fea12110 JavaThread "Reference Handler" daemon [_thread_blocked, id=12776, stack(0x0000000100c00000,0x0000000100d00000)]
  0x000001e9fea14ad0 JavaThread "Finalizer" daemon [_thread_blocked, id=3604, stack(0x0000000100d00000,0x0000000100e00000)]
  0x000001e9fea2ab30 JavaThread "Signal Dispatcher" daemon [_thread_blocked, id=10316, stack(0x0000000100e00000,0x0000000100f00000)]
  0x000001e9fea2b4e0 JavaThread "Attach Listener" daemon [_thread_blocked, id=9388, stack(0x0000000100f00000,0x0000000101000000)]
  0x000001e9fea2dea0 JavaThread "Service Thread" daemon [_thread_blocked, id=6712, stack(0x0000000101000000,0x0000000101100000)]
  0x000001e9fea2e850 JavaThread "Monitor Deflation Thread" daemon [_thread_blocked, id=5948, stack(0x0000000101100000,0x0000000101200000)]
=>0x000001e9fea2f5e0 JavaThread "C2 CompilerThread0" daemon [_thread_in_native, id=3984, stack(0x0000000101200000,0x0000000101300000)]
  0x000001e9fea947c0 JavaThread "C1 CompilerThread0" daemon [_thread_in_vm, id=8800, stack(0x0000000101300000,0x0000000101400000)]
  0x000001e9feaa36f0 JavaThread "Sweeper thread" daemon [_thread_blocked, id=7576, stack(0x0000000101400000,0x0000000101500000)]
  0x000001e9ff48b5d0 JavaThread "Notification Thread" daemon [_thread_blocked, id=15348, stack(0x0000000101500000,0x0000000101600000)]
  0x000001e9ff48fd40 JavaThread "Common-Cleaner" daemon [_thread_blocked, id=8444, stack(0x0000000101700000,0x0000000101800000)]
  0x000001e9ff660060 JavaThread "Cleaner-0" daemon [_thread_blocked, id=16296, stack(0x0000000101800000,0x0000000101900000)]
  0x000001e9812942c0 JavaThread "C2 CompilerThread1" daemon [_thread_in_native, id=2204, stack(0x0000000101c00000,0x0000000101d00000)]

Other Threads:
  0x000001e9fea0a250 VMThread "VM Thread" [stack: 0x0000000100b00000,0x0000000100c00000] [id=5204]
  0x000001e9ff48fab0 WatcherThread [stack: 0x0000000101600000,0x0000000101700000] [id=15052]
  0x000001e9e149a950 GCTaskThread "GC Thread#0" [stack: 0x0000000100600000,0x0000000100700000] [id=12604]
  0x000001e9ff85ddf0 GCTaskThread "GC Thread#1" [stack: 0x0000000101900000,0x0000000101a00000] [id=16144]
  0x000001e9ff88ba30 GCTaskThread "GC Thread#2" [stack: 0x0000000101a00000,0x0000000101b00000] [id=5076]
  0x000001e9ff75c020 GCTaskThread "GC Thread#3" [stack: 0x0000000101b00000,0x0000000101c00000] [id=10976]
  0x000001e9e14aaf10 ConcurrentGCThread "G1 Main Marker" [stack: 0x0000000100700000,0x0000000100800000] [id=2028]
  0x000001e9e14ab920 ConcurrentGCThread "G1 Conc#0" [stack: 0x0000000100800000,0x0000000100900000] [id=9192]
  0x000001e9e1511710 ConcurrentGCThread "G1 Refine#0" [stack: 0x0000000100900000,0x0000000100a00000] [id=10584]
  0x000001e9e1512130 ConcurrentGCThread "G1 Service" [stack: 0x0000000100a00000,0x0000000100b00000] [id=14660]

Threads with active compile tasks:
C2 CompilerThread0     4625 1969       4       jdk.internal.org.objectweb.asm.Frame::execute (2305 bytes)
C2 CompilerThread1     4625 1976 % !   4       java.util.concurrent.ConcurrentHashMap::transfer @ 96 (849 bytes)

VM state: not at safepoint (normal execution)

VM Mutex/Monitor currently owned by a thread: None

Heap address: 0x0000000084c00000, size: 1972 MB, Compressed Oops mode: 32-bit

CDS archive(s) mapped at: [0x0000000800000000-0x0000000800bc0000-0x0000000800bc0000), size 12320768, SharedBaseAddress: 0x0000000800000000, ArchiveRelocationMode: 0.
Compressed class space mapped at: 0x0000000800c00000-0x0000000840c00000, reserved size: 1073741824
Narrow klass base: 0x0000000800000000, Narrow klass shift: 0, Narrow klass range: 0x100000000

GC Precious Log:
 CPUs: 4 total, 4 available
 Memory: 7886M
 Large Page Support: Disabled
 NUMA Support: Disabled
 Compressed Oops: Enabled (32-bit)
 Heap Region Size: 1M
 Heap Min Capacity: 8M
 Heap Initial Capacity: 124M
 Heap Max Capacity: 1972M
 Pre-touch: Disabled
 Parallel Workers: 4
 Concurrent Workers: 1
 Concurrent Refinement Workers: 4
 Periodic GC: Disabled

Heap:
 garbage-first heap   total 126976K, used 58110K [0x0000000084c00000, 0x0000000100000000)
  region size 1024K, 56 young (57344K), 1 survivors (1024K)
 Metaspace       used 10547K, committed 10944K, reserved 1064960K
  class space    used 1360K, committed 1536K, reserved 1048576K

Heap Regions: E=young(eden), S=young(survivor), O=old, HS=humongous(starts), HC=humongous(continues), CS=collection set, F=free, OA=open archive, CA=closed archive, TAMS=top-at-mark-start (previous, next)
|   0|0x0000000084c00000, 0x0000000084d00000, 0x0000000084d00000|100%| O|  |TAMS 0x0000000084c00000, 0x0000000084c00000| Untracked 
|   1|0x0000000084d00000, 0x0000000084dbf800, 0x0000000084e00000| 74%| O|  |TAMS 0x0000000084d00000, 0x0000000084d00000| Untracked 
|   2|0x0000000084e00000, 0x0000000084e00000, 0x0000000084f00000|  0%| F|  |TAMS 0x0000000084e00000, 0x0000000084e00000| Untracked 
|   3|0x0000000084f00000, 0x0000000084f00000, 0x0000000085000000|  0%| F|  |TAMS 0x0000000084f00000, 0x0000000084f00000| Untracked 
|   4|0x0000000085000000, 0x0000000085000000, 0x0000000085100000|  0%| F|  |TAMS 0x0000000085000000, 0x0000000085000000| Untracked 
|   5|0x0000000085100000, 0x0000000085100000, 0x0000000085200000|  0%| F|  |TAMS 0x0000000085100000, 0x0000000085100000| Untracked 
|   6|0x0000000085200000, 0x0000000085200000, 0x0000000085300000|  0%| F|  |TAMS 0x0000000085200000, 0x0000000085200000| Untracked 
|   7|0x0000000085300000, 0x0000000085300000, 0x0000000085400000|  0%| F|  |TAMS 0x0000000085300000, 0x0000000085300000| Untracked 
|   8|0x0000000085400000, 0x0000000085400000, 0x0000000085500000|  0%| F|  |TAMS 0x0000000085400000, 0x0000000085400000| Untracked 
|   9|0x0000000085500000, 0x0000000085500000, 0x0000000085600000|  0%| F|  |TAMS 0x0000000085500000, 0x0000000085500000| Untracked 
|  10|0x0000000085600000, 0x0000000085600000, 0x0000000085700000|  0%| F|  |TAMS 0x0000000085600000, 0x0000000085600000| Untracked 
|  11|0x0000000085700000, 0x0000000085700000, 0x0000000085800000|  0%| F|  |TAMS 0x0000000085700000, 0x0000000085700000| Untracked 
|  12|0x0000000085800000, 0x0000000085800000, 0x0000000085900000|  0%| F|  |TAMS 0x0000000085800000, 0x0000000085800000| Untracked 
|  13|0x0000000085900000, 0x0000000085900000, 0x0000000085a00000|  0%| F|  |TAMS 0x0000000085900000, 0x0000000085900000| Untracked 
|  14|0x0000000085a00000, 0x0000000085a00000, 0x0000000085b00000|  0%| F|  |TAMS 0x0000000085a00000, 0x0000000085a00000| Untracked 
|  15|0x0000000085b00000, 0x0000000085b00000, 0x0000000085c00000|  0%| F|  |TAMS 0x0000000085b00000, 0x0000000085b00000| Untracked 
|  16|0x0000000085c00000, 0x0000000085c00000, 0x0000000085d00000|  0%| F|  |TAMS 0x0000000085c00000, 0x0000000085c00000| Untracked 
|  17|0x0000000085d00000, 0x0000000085d00000, 0x0000000085e00000|  0%| F|  |TAMS 0x0000000085d00000, 0x0000000085d00000| Untracked 
|  18|0x0000000085e00000, 0x0000000085e00000, 0x0000000085f00000|  0%| F|  |TAMS 0x0000000085e00000, 0x0000000085e00000| Untracked 
|  19|0x0000000085f00000, 0x0000000085f00000, 0x0000000086000000|  0%| F|  |TAMS 0x0000000085f00000, 0x0000000085f00000| Untracked 
|  20|0x0000000086000000, 0x0000000086000000, 0x0000000086100000|  0%| F|  |TAMS 0x0000000086000000, 0x0000000086000000| Untracked 
|  21|0x0000000086100000, 0x0000000086100000, 0x0000000086200000|  0%| F|  |TAMS 0x0000000086100000, 0x0000000086100000| Untracked 
|  22|0x0000000086200000, 0x0000000086200000, 0x0000000086300000|  0%| F|  |TAMS 0x0000000086200000, 0x0000000086200000| Untracked 
|  23|0x0000000086300000, 0x0000000086300000, 0x0000000086400000|  0%| F|  |TAMS 0x0000000086300000, 0x0000000086300000| Untracked 
|  24|0x0000000086400000, 0x0000000086400000, 0x0000000086500000|  0%| F|  |TAMS 0x0000000086400000, 0x0000000086400000| Untracked 
|  25|0x0000000086500000, 0x0000000086500000, 0x0000000086600000|  0%| F|  |TAMS 0x0000000086500000, 0x0000000086500000| Untracked 
|  26|0x0000000086600000, 0x0000000086600000, 0x0000000086700000|  0%| F|  |TAMS 0x0000000086600000, 0x0000000086600000| Untracked 
|  27|0x0000000086700000, 0x0000000086700000, 0x0000000086800000|  0%| F|  |TAMS 0x0000000086700000, 0x0000000086700000| Untracked 
|  28|0x0000000086800000, 0x0000000086800000, 0x0000000086900000|  0%| F|  |TAMS 0x0000000086800000, 0x0000000086800000| Untracked 
|  29|0x0000000086900000, 0x0000000086900000, 0x0000000086a00000|  0%| F|  |TAMS 0x0000000086900000, 0x0000000086900000| Untracked 
|  30|0x0000000086a00000, 0x0000000086a00000, 0x0000000086b00000|  0%| F|  |TAMS 0x0000000086a00000, 0x0000000086a00000| Untracked 
|  31|0x0000000086b00000, 0x0000000086b00000, 0x0000000086c00000|  0%| F|  |TAMS 0x0000000086b00000, 0x0000000086b00000| Untracked 
|  32|0x0000000086c00000, 0x0000000086c00000, 0x0000000086d00000|  0%| F|  |TAMS 0x0000000086c00000, 0x0000000086c00000| Untracked 
|  33|0x0000000086d00000, 0x0000000086d00000, 0x0000000086e00000|  0%| F|  |TAMS 0x0000000086d00000, 0x0000000086d00000| Untracked 
|  34|0x0000000086e00000, 0x0000000086e00000, 0x0000000086f00000|  0%| F|  |TAMS 0x0000000086e00000, 0x0000000086e00000| Untracked 
|  35|0x0000000086f00000, 0x0000000086f00000, 0x0000000087000000|  0%| F|  |TAMS 0x0000000086f00000, 0x0000000086f00000| Untracked 
|  36|0x0000000087000000, 0x0000000087000000, 0x0000000087100000|  0%| F|  |TAMS 0x0000000087000000, 0x0000000087000000| Untracked 
|  37|0x0000000087100000, 0x0000000087100000, 0x0000000087200000|  0%| F|  |TAMS 0x0000000087100000, 0x0000000087100000| Untracked 
|  38|0x0000000087200000, 0x0000000087200000, 0x0000000087300000|  0%| F|  |TAMS 0x0000000087200000, 0x0000000087200000| Untracked 
|  39|0x0000000087300000, 0x0000000087300000, 0x0000000087400000|  0%| F|  |TAMS 0x0000000087300000, 0x0000000087300000| Untracked 
|  40|0x0000000087400000, 0x0000000087400000, 0x0000000087500000|  0%| F|  |TAMS 0x0000000087400000, 0x0000000087400000| Untracked 
|  41|0x0000000087500000, 0x0000000087500000, 0x0000000087600000|  0%| F|  |TAMS 0x0000000087500000, 0x0000000087500000| Untracked 
|  42|0x0000000087600000, 0x0000000087600000, 0x0000000087700000|  0%| F|  |TAMS 0x0000000087600000, 0x0000000087600000| Untracked 
|  43|0x0000000087700000, 0x0000000087700000, 0x0000000087800000|  0%| F|  |TAMS 0x0000000087700000, 0x0000000087700000| Untracked 
|  44|0x0000000087800000, 0x0000000087800000, 0x0000000087900000|  0%| F|  |TAMS 0x0000000087800000, 0x0000000087800000| Untracked 
|  45|0x0000000087900000, 0x0000000087900000, 0x0000000087a00000|  0%| F|  |TAMS 0x0000000087900000, 0x0000000087900000| Untracked 
|  46|0x0000000087a00000, 0x0000000087a00000, 0x0000000087b00000|  0%| F|  |TAMS 0x0000000087a00000, 0x0000000087a00000| Untracked 
|  47|0x0000000087b00000, 0x0000000087b00000, 0x0000000087c00000|  0%| F|  |TAMS 0x0000000087b00000, 0x0000000087b00000| Untracked 
|  48|0x0000000087c00000, 0x0000000087c00000, 0x0000000087d00000|  0%| F|  |TAMS 0x0000000087c00000, 0x0000000087c00000| Untracked 
|  49|0x0000000087d00000, 0x0000000087d00000, 0x0000000087e00000|  0%| F|  |TAMS 0x0000000087d00000, 0x0000000087d00000| Untracked 
|  50|0x0000000087e00000, 0x0000000087e00000, 0x0000000087f00000|  0%| F|  |TAMS 0x0000000087e00000, 0x0000000087e00000| Untracked 
|  51|0x0000000087f00000, 0x0000000087f00000, 0x0000000088000000|  0%| F|  |TAMS 0x0000000087f00000, 0x0000000087f00000| Untracked 
|  52|0x0000000088000000, 0x0000000088000000, 0x0000000088100000|  0%| F|  |TAMS 0x0000000088000000, 0x0000000088000000| Untracked 
|  53|0x0000000088100000, 0x0000000088100000, 0x0000000088200000|  0%| F|  |TAMS 0x0000000088100000, 0x0000000088100000| Untracked 
|  54|0x0000000088200000, 0x0000000088200000, 0x0000000088300000|  0%| F|  |TAMS 0x0000000088200000, 0x0000000088200000| Untracked 
|  55|0x0000000088300000, 0x0000000088300000, 0x0000000088400000|  0%| F|  |TAMS 0x0000000088300000, 0x0000000088300000| Untracked 
|  56|0x0000000088400000, 0x0000000088400000, 0x0000000088500000|  0%| F|  |TAMS 0x0000000088400000, 0x0000000088400000| Untracked 
|  57|0x0000000088500000, 0x0000000088500000, 0x0000000088600000|  0%| F|  |TAMS 0x0000000088500000, 0x0000000088500000| Untracked 
|  58|0x0000000088600000, 0x0000000088600000, 0x0000000088700000|  0%| F|  |TAMS 0x0000000088600000, 0x0000000088600000| Untracked 
|  59|0x0000000088700000, 0x0000000088700000, 0x0000000088800000|  0%| F|  |TAMS 0x0000000088700000, 0x0000000088700000| Untracked 
|  60|0x0000000088800000, 0x0000000088800000, 0x0000000088900000|  0%| F|  |TAMS 0x0000000088800000, 0x0000000088800000| Untracked 
|  61|0x0000000088900000, 0x0000000088900000, 0x0000000088a00000|  0%| F|  |TAMS 0x0000000088900000, 0x0000000088900000| Untracked 
|  62|0x0000000088a00000, 0x0000000088a00000, 0x0000000088b00000|  0%| F|  |TAMS 0x0000000088a00000, 0x0000000088a00000| Untracked 
|  63|0x0000000088b00000, 0x0000000088b00000, 0x0000000088c00000|  0%| F|  |TAMS 0x0000000088b00000, 0x0000000088b00000| Untracked 
|  64|0x0000000088c00000, 0x0000000088c00000, 0x0000000088d00000|  0%| F|  |TAMS 0x0000000088c00000, 0x0000000088c00000| Untracked 
|  65|0x0000000088d00000, 0x0000000088d00000, 0x0000000088e00000|  0%| F|  |TAMS 0x0000000088d00000, 0x0000000088d00000| Untracked 
|  66|0x0000000088e00000, 0x0000000088e00000, 0x0000000088f00000|  0%| F|  |TAMS 0x0000000088e00000, 0x0000000088e00000| Untracked 
|  67|0x0000000088f00000, 0x0000000088f00000, 0x0000000089000000|  0%| F|  |TAMS 0x0000000088f00000, 0x0000000088f00000| Untracked 
|  68|0x0000000089000000, 0x0000000089100000, 0x0000000089100000|100%| E|  |TAMS 0x0000000089000000, 0x0000000089000000| Complete 
|  69|0x0000000089100000, 0x0000000089200000, 0x0000000089200000|100%| E|CS|TAMS 0x0000000089100000, 0x0000000089100000| Complete 
|  70|0x0000000089200000, 0x0000000089300000, 0x0000000089300000|100%| E|CS|TAMS 0x0000000089200000, 0x0000000089200000| Complete 
|  71|0x0000000089300000, 0x0000000089400000, 0x0000000089400000|100%| E|CS|TAMS 0x0000000089300000, 0x0000000089300000| Complete 
|  72|0x0000000089400000, 0x0000000089500000, 0x0000000089500000|100%| E|CS|TAMS 0x0000000089400000, 0x0000000089400000| Complete 
|  73|0x0000000089500000, 0x0000000089600000, 0x0000000089600000|100%| E|CS|TAMS 0x0000000089500000, 0x0000000089500000| Complete 
|  74|0x0000000089600000, 0x0000000089700000, 0x0000000089700000|100%| E|CS|TAMS 0x0000000089600000, 0x0000000089600000| Complete 
|  75|0x0000000089700000, 0x0000000089800000, 0x0000000089800000|100%| E|CS|TAMS 0x0000000089700000, 0x0000000089700000| Complete 
|  76|0x0000000089800000, 0x0000000089900000, 0x0000000089900000|100%| E|CS|TAMS 0x0000000089800000, 0x0000000089800000| Complete 
|  77|0x0000000089900000, 0x0000000089a00000, 0x0000000089a00000|100%| E|CS|TAMS 0x0000000089900000, 0x0000000089900000| Complete 
|  78|0x0000000089a00000, 0x0000000089b00000, 0x0000000089b00000|100%| E|CS|TAMS 0x0000000089a00000, 0x0000000089a00000| Complete 
|  79|0x0000000089b00000, 0x0000000089c00000, 0x0000000089c00000|100%| E|CS|TAMS 0x0000000089b00000, 0x0000000089b00000| Complete 
|  80|0x0000000089c00000, 0x0000000089d00000, 0x0000000089d00000|100%| E|CS|TAMS 0x0000000089c00000, 0x0000000089c00000| Complete 
|  81|0x0000000089d00000, 0x0000000089e00000, 0x0000000089e00000|100%| E|CS|TAMS 0x0000000089d00000, 0x0000000089d00000| Complete 
|  82|0x0000000089e00000, 0x0000000089f00000, 0x0000000089f00000|100%| E|CS|TAMS 0x0000000089e00000, 0x0000000089e00000| Complete 
|  83|0x0000000089f00000, 0x000000008a000000, 0x000000008a000000|100%| E|CS|TAMS 0x0000000089f00000, 0x0000000089f00000| Complete 
|  84|0x000000008a000000, 0x000000008a100000, 0x000000008a100000|100%| E|CS|TAMS 0x000000008a000000, 0x000000008a000000| Complete 
|  85|0x000000008a100000, 0x000000008a200000, 0x000000008a200000|100%| E|CS|TAMS 0x000000008a100000, 0x000000008a100000| Complete 
|  86|0x000000008a200000, 0x000000008a300000, 0x000000008a300000|100%| E|CS|TAMS 0x000000008a200000, 0x000000008a200000| Complete 
|  87|0x000000008a300000, 0x000000008a400000, 0x000000008a400000|100%| E|CS|TAMS 0x000000008a300000, 0x000000008a300000| Complete 
|  88|0x000000008a400000, 0x000000008a500000, 0x000000008a500000|100%| E|CS|TAMS 0x000000008a400000, 0x000000008a400000| Complete 
|  89|0x000000008a500000, 0x000000008a600000, 0x000000008a600000|100%| E|CS|TAMS 0x000000008a500000, 0x000000008a500000| Complete 
|  90|0x000000008a600000, 0x000000008a700000, 0x000000008a700000|100%| E|CS|TAMS 0x000000008a600000, 0x000000008a600000| Complete 
|  91|0x000000008a700000, 0x000000008a800000, 0x000000008a800000|100%| E|CS|TAMS 0x000000008a700000, 0x000000008a700000| Complete 
|  92|0x000000008a800000, 0x000000008a900000, 0x000000008a900000|100%| E|CS|TAMS 0x000000008a800000, 0x000000008a800000| Complete 
|  93|0x000000008a900000, 0x000000008aa00000, 0x000000008aa00000|100%| E|CS|TAMS 0x000000008a900000, 0x000000008a900000| Complete 
|  94|0x000000008aa00000, 0x000000008ab00000, 0x000000008ab00000|100%| E|CS|TAMS 0x000000008aa00000, 0x000000008aa00000| Complete 
|  95|0x000000008ab00000, 0x000000008ac00000, 0x000000008ac00000|100%| E|CS|TAMS 0x000000008ab00000, 0x000000008ab00000| Complete 
|  96|0x000000008ac00000, 0x000000008ad00000, 0x000000008ad00000|100%| E|CS|TAMS 0x000000008ac00000, 0x000000008ac00000| Complete 
|  97|0x000000008ad00000, 0x000000008ae00000, 0x000000008ae00000|100%| E|CS|TAMS 0x000000008ad00000, 0x000000008ad00000| Complete 
|  98|0x000000008ae00000, 0x000000008af00000, 0x000000008af00000|100%| E|CS|TAMS 0x000000008ae00000, 0x000000008ae00000| Complete 
|  99|0x000000008af00000, 0x000000008b000000, 0x000000008b000000|100%| E|CS|TAMS 0x000000008af00000, 0x000000008af00000| Complete 
| 100|0x000000008b000000, 0x000000008b100000, 0x000000008b100000|100%| E|CS|TAMS 0x000000008b000000, 0x000000008b000000| Complete 
| 101|0x000000008b100000, 0x000000008b200000, 0x000000008b200000|100%| E|CS|TAMS 0x000000008b100000, 0x000000008b100000| Complete 
| 102|0x000000008b200000, 0x000000008b300000, 0x000000008b300000|100%| E|CS|TAMS 0x000000008b200000, 0x000000008b200000| Complete 
| 103|0x000000008b300000, 0x000000008b400000, 0x000000008b400000|100%| E|CS|TAMS 0x000000008b300000, 0x000000008b300000| Complete 
| 104|0x000000008b400000, 0x000000008b500000, 0x000000008b500000|100%| S|CS|TAMS 0x000000008b400000, 0x000000008b400000| Complete 
| 105|0x000000008b500000, 0x000000008b600000, 0x000000008b600000|100%| E|CS|TAMS 0x000000008b500000, 0x000000008b500000| Complete 
| 106|0x000000008b600000, 0x000000008b700000, 0x000000008b700000|100%| E|CS|TAMS 0x000000008b600000, 0x000000008b600000| Complete 
| 107|0x000000008b700000, 0x000000008b800000, 0x000000008b800000|100%| E|CS|TAMS 0x000000008b700000, 0x000000008b700000| Complete 
| 108|0x000000008b800000, 0x000000008b900000, 0x000000008b900000|100%| E|CS|TAMS 0x000000008b800000, 0x000000008b800000| Complete 
| 109|0x000000008b900000, 0x000000008ba00000, 0x000000008ba00000|100%| E|CS|TAMS 0x000000008b900000, 0x000000008b900000| Complete 
| 110|0x000000008ba00000, 0x000000008bb00000, 0x000000008bb00000|100%| E|CS|TAMS 0x000000008ba00000, 0x000000008ba00000| Complete 
| 111|0x000000008bb00000, 0x000000008bc00000, 0x000000008bc00000|100%| E|CS|TAMS 0x000000008bb00000, 0x000000008bb00000| Complete 
| 112|0x000000008bc00000, 0x000000008bd00000, 0x000000008bd00000|100%| E|CS|TAMS 0x000000008bc00000, 0x000000008bc00000| Complete 
| 113|0x000000008bd00000, 0x000000008be00000, 0x000000008be00000|100%| E|CS|TAMS 0x000000008bd00000, 0x000000008bd00000| Complete 
| 114|0x000000008be00000, 0x000000008bf00000, 0x000000008bf00000|100%| E|CS|TAMS 0x000000008be00000, 0x000000008be00000| Complete 
| 115|0x000000008bf00000, 0x000000008c000000, 0x000000008c000000|100%| E|CS|TAMS 0x000000008bf00000, 0x000000008bf00000| Complete 
| 116|0x000000008c000000, 0x000000008c100000, 0x000000008c100000|100%| E|CS|TAMS 0x000000008c000000, 0x000000008c000000| Complete 
| 117|0x000000008c100000, 0x000000008c200000, 0x000000008c200000|100%| E|CS|TAMS 0x000000008c100000, 0x000000008c100000| Complete 
| 118|0x000000008c200000, 0x000000008c300000, 0x000000008c300000|100%| E|CS|TAMS 0x000000008c200000, 0x000000008c200000| Complete 
| 119|0x000000008c300000, 0x000000008c400000, 0x000000008c400000|100%| E|CS|TAMS 0x000000008c300000, 0x000000008c300000| Complete 
| 120|0x000000008c400000, 0x000000008c500000, 0x000000008c500000|100%| E|CS|TAMS 0x000000008c400000, 0x000000008c400000| Complete 
| 121|0x000000008c500000, 0x000000008c600000, 0x000000008c600000|100%| E|CS|TAMS 0x000000008c500000, 0x000000008c500000| Complete 
| 122|0x000000008c600000, 0x000000008c700000, 0x000000008c700000|100%| E|CS|TAMS 0x000000008c600000, 0x000000008c600000| Complete 
| 123|0x000000008c700000, 0x000000008c800000, 0x000000008c800000|100%| E|CS|TAMS 0x000000008c700000, 0x000000008c700000| Complete 

Card table byte_map: [0x000001e9f8050000,0x000001e9f8430000] _byte_map_base: 0x000001e9f7c2a000

Marking Bits (Prev, Next): (CMBitMap*) 0x000001e9e149af60, (CMBitMap*) 0x000001e9e149afa0
 Prev Bits: [0x000001e9f8810000, 0x000001e9fa6e0000)
 Next Bits: [0x000001e9fa6e0000, 0x000001e9fc5b0000)

Polling page: 0x000001e9df600000

Metaspace:

Usage:
  Non-class:      8.99 MB used.
      Class:      1.33 MB used.
       Both:     10.32 MB used.

Virtual space:
  Non-class space:       16.00 MB reserved,       9.19 MB ( 57%) committed,  2 nodes.
      Class space:        1.00 GB reserved,       1.50 MB ( <1%) committed,  1 nodes.
             Both:        1.02 GB reserved,      10.69 MB (  1%) committed. 

Chunk freelists:
   Non-Class:  2.09 MB
       Class:  2.54 MB
        Both:  4.63 MB

MaxMetaspaceSize: unlimited
CompressedClassSpaceSize: 1.00 GB
Initial GC threshold: 21.00 MB
Current GC threshold: 21.00 MB
CDS: on
MetaspaceReclaimPolicy: balanced
 - commit_granule_bytes: 65536.
 - commit_granule_words: 8192.
 - virtual_space_node_default_size: 1048576.
 - enlarge_chunks_in_place: 1.
 - new_chunks_are_fully_committed: 0.
 - uncommit_free_chunks: 1.
 - use_allocation_guard: 0.
 - handle_deallocations: 1.


Internal statistics:

num_allocs_failed_limit: 0.
num_arena_births: 284.
num_arena_deaths: 0.
num_vsnodes_births: 3.
num_vsnodes_deaths: 0.
num_space_committed: 171.
num_space_uncommitted: 0.
num_chunks_returned_to_freelist: 0.
num_chunks_taken_from_freelist: 644.
num_chunk_merges: 0.
num_chunk_splits: 415.
num_chunks_enlarged: 290.
num_purges: 0.
num_inconsistent_stats: 0.

CodeHeap 'non-profiled nmethods': size=120000Kb used=1077Kb max_used=1077Kb free=118922Kb
 bounds [0x000001e9f0740000, 0x000001e9f09b0000, 0x000001e9f7c70000]
CodeHeap 'profiled nmethods': size=120000Kb used=3809Kb max_used=3809Kb free=116190Kb
 bounds [0x000001e9e9210000, 0x000001e9e95d0000, 0x000001e9f0740000]
CodeHeap 'non-nmethods': size=5760Kb used=1193Kb max_used=1209Kb free=4566Kb
 bounds [0x000001e9e8c70000, 0x000001e9e8ee0000, 0x000001e9e9210000]
 total_blobs=2530 nmethods=2055 adapters=387
 compilation: enabled
              stopped_count=0, restarted_count=0
 full_count=0

Compilation events (20 events):
Event: 4.595 Thread 0x000001e9fea947c0 2039       3       sun.reflect.annotation.AnnotationInvocationHandler::invoke (178 bytes)
Event: 4.595 Thread 0x000001e9fea947c0 nmethod 2039 0x000001e9e95b5590 code [0x000001e9e95b58a0, 0x000001e9e95b69e8]
Event: 4.596 Thread 0x000001e9fea947c0 2040       3       java.util.ArrayList::contains (14 bytes)
Event: 4.596 Thread 0x000001e9fea947c0 nmethod 2040 0x000001e9e95b6f10 code [0x000001e9e95b70c0, 0x000001e9e95b72e8]
Event: 4.598 Thread 0x000001e9fea947c0 2041       1       java.util.Collections$SingletonList::size (2 bytes)
Event: 4.598 Thread 0x000001e9fea947c0 nmethod 2041 0x000001e9f084b690 code [0x000001e9f084b820, 0x000001e9f084b8f8]
Event: 4.598 Thread 0x000001e9fea947c0 2042       3       java.util.Arrays::asList (9 bytes)
Event: 4.598 Thread 0x000001e9fea947c0 nmethod 2042 0x000001e9e95b7410 code [0x000001e9e95b75e0, 0x000001e9e95b7a68]
Event: 4.598 Thread 0x000001e9fea947c0 2045       3       java.util.ArrayList::indexOfRange (71 bytes)
Event: 4.598 Thread 0x000001e9fea947c0 nmethod 2045 0x000001e9e95b7c10 code [0x000001e9e95b7de0, 0x000001e9e95b82a8]
Event: 4.598 Thread 0x000001e9fea947c0 2044       3       java.lang.reflect.Method::hashCode (19 bytes)
Event: 4.599 Thread 0x000001e9fea947c0 nmethod 2044 0x000001e9e95b8490 code [0x000001e9e95b8660, 0x000001e9e95b8908]
Event: 4.599 Thread 0x000001e9fea947c0 2043       3       java.util.Arrays$ArrayList::<init> (16 bytes)
Event: 4.599 Thread 0x000001e9fea947c0 nmethod 2043 0x000001e9e95b8a90 code [0x000001e9e95b8c60, 0x000001e9e95b9048]
Event: 4.599 Thread 0x000001e9fea947c0 2046       1       org.springframework.core.annotation.AnnotationTypeMapping::getAttributes (5 bytes)
Event: 4.599 Thread 0x000001e9fea947c0 nmethod 2046 0x000001e9f084b990 code [0x000001e9f084bb20, 0x000001e9f084bbf8]
Event: 4.599 Thread 0x000001e9fea947c0 2047       3       java.util.Collections::emptySet (4 bytes)
Event: 4.599 Thread 0x000001e9fea947c0 nmethod 2047 0x000001e9e95b9210 code [0x000001e9e95b93a0, 0x000001e9e95b9498]
Event: 4.599 Thread 0x000001e9fea947c0 2048       3       java.util.concurrent.locks.ReentrantLock$NonfairSync::initialTryLock (58 bytes)
Event: 4.599 Thread 0x000001e9fea947c0 nmethod 2048 0x000001e9e95b9510 code [0x000001e9e95b96e0, 0x000001e9e95b9af8]

GC Heap History (4 events):
Event: 1.319 GC heap before
{Heap before GC invocations=0 (full 0):
 garbage-first heap   total 126976K, used 13312K [0x0000000084c00000, 0x0000000100000000)
  region size 1024K, 13 young (13312K), 0 survivors (0K)
 Metaspace       used 1881K, committed 2112K, reserved 1056768K
  class space    used 189K, committed 320K, reserved 1048576K
}
Event: 1.557 GC heap after
{Heap after GC invocations=1 (full 0):
 garbage-first heap   total 126976K, used 1792K [0x0000000084c00000, 0x0000000100000000)
  region size 1024K, 2 young (2048K), 2 survivors (2048K)
 Metaspace       used 1881K, committed 2112K, reserved 1056768K
  class space    used 189K, committed 320K, reserved 1048576K
}
Event: 3.081 GC heap before
{Heap before GC invocations=1 (full 0):
 garbage-first heap   total 126976K, used 19200K [0x0000000084c00000, 0x0000000100000000)
  region size 1024K, 19 young (19456K), 2 survivors (2048K)
 Metaspace       used 4450K, committed 4736K, reserved 1056768K
  class space    used 490K, committed 640K, reserved 1048576K
}
Event: 3.086 GC heap after
{Heap after GC invocations=2 (full 0):
 garbage-first heap   total 126976K, used 2814K [0x0000000084c00000, 0x0000000100000000)
  region size 1024K, 1 young (1024K), 1 survivors (1024K)
 Metaspace       used 4450K, committed 4736K, reserved 1056768K
  class space    used 490K, committed 640K, reserved 1048576K
}

Deoptimization events (20 events):
Event: 3.959 Thread 0x000001e9e145c4e0 Uncommon trap: trap_request=0xffffff45 fr.pc=0x000001e9f078df30 relative=0x0000000000000190
Event: 3.959 Thread 0x000001e9e145c4e0 Uncommon trap: reason=unstable_if action=reinterpret pc=0x000001e9f078df30 method=java.lang.String.startsWith(Ljava/lang/String;I)Z @ 1 c2
Event: 3.959 Thread 0x000001e9e145c4e0 DEOPT PACKING pc=0x000001e9f078df30 sp=0x00000001005fde40
Event: 3.959 Thread 0x000001e9e145c4e0 DEOPT UNPACKING pc=0x000001e9e8cc5c23 sp=0x00000001005fdda8 mode 2
Event: 4.218 Thread 0x000001e9e145c4e0 Uncommon trap: trap_request=0xffffff45 fr.pc=0x000001e9f07c6a8c relative=0x0000000000002b4c
Event: 4.218 Thread 0x000001e9e145c4e0 Uncommon trap: reason=unstable_if action=reinterpret pc=0x000001e9f07c6a8c method=java.net.URL.<init>(Ljava/net/URL;Ljava/lang/String;Ljava/net/URLStreamHandler;)V @ 347 c2
Event: 4.218 Thread 0x000001e9e145c4e0 DEOPT PACKING pc=0x000001e9f07c6a8c sp=0x00000001005fe760
Event: 4.218 Thread 0x000001e9e145c4e0 DEOPT UNPACKING pc=0x000001e9e8cc5c23 sp=0x00000001005fe720 mode 2
Event: 4.494 Thread 0x000001e9e145c4e0 Uncommon trap: trap_request=0xffffff45 fr.pc=0x000001e9f07b5d48 relative=0x0000000000000108
Event: 4.494 Thread 0x000001e9e145c4e0 Uncommon trap: reason=unstable_if action=reinterpret pc=0x000001e9f07b5d48 method=java.lang.ThreadLocal$ThreadLocalMap.getEntry(Ljava/lang/ThreadLocal;)Ljava/lang/ThreadLocal$ThreadLocalMap$Entry; @ 29 c2
Event: 4.494 Thread 0x000001e9e145c4e0 DEOPT PACKING pc=0x000001e9f07b5d48 sp=0x00000001005fe590
Event: 4.494 Thread 0x000001e9e145c4e0 DEOPT UNPACKING pc=0x000001e9e8cc5c23 sp=0x00000001005fe4a8 mode 2
Event: 4.500 Thread 0x000001e9e145c4e0 Uncommon trap: trap_request=0xffffffde fr.pc=0x000001e9f0849ee8 relative=0x0000000000000068
Event: 4.500 Thread 0x000001e9e145c4e0 Uncommon trap: reason=class_check action=maybe_recompile pc=0x000001e9f0849ee8 method=java.util.LinkedHashMap.afterNodeInsertion(Z)V @ 15 c2
Event: 4.500 Thread 0x000001e9e145c4e0 DEOPT PACKING pc=0x000001e9f0849ee8 sp=0x00000001005fdec0
Event: 4.500 Thread 0x000001e9e145c4e0 DEOPT UNPACKING pc=0x000001e9e8cc5c23 sp=0x00000001005fde38 mode 2
Event: 4.560 Thread 0x000001e9e145c4e0 Uncommon trap: trap_request=0xffffff45 fr.pc=0x000001e9f0809ee0 relative=0x00000000000002c0
Event: 4.560 Thread 0x000001e9e145c4e0 Uncommon trap: reason=unstable_if action=reinterpret pc=0x000001e9f0809ee0 method=jdk.internal.org.objectweb.asm.SymbolTable.put(Ljdk/internal/org/objectweb/asm/SymbolTable$Entry;)Ljdk/internal/org/objectweb/asm/SymbolTable$Entry; @ 13 c2
Event: 4.560 Thread 0x000001e9e145c4e0 DEOPT PACKING pc=0x000001e9f0809ee0 sp=0x00000001005fce20
Event: 4.560 Thread 0x000001e9e145c4e0 DEOPT UNPACKING pc=0x000001e9e8cc5c23 sp=0x00000001005fcda0 mode 2

Classes unloaded (0 events):
No events

Classes redefined (0 events):
No events

Internal exceptions (20 events):
Event: 3.694 Thread 0x000001e9e145c4e0 Exception <a 'java/lang/NoSuchMethodError'{0x000000008b1bbba8}: 'java.lang.Object java.lang.invoke.DirectMethodHandle$Holder.invokeSpecial(java.lang.Object, java.lang.Object, java.lang.Object, java.lang.Object, java.lang.Object, java.lang.Object, java.lang.Object, int)'> (0x000000008b1bbba8) 
thrown [t:\workspace\open\src\hotspot\share\interpreter\linkResolver.cpp, line 766]
Event: 3.756 Thread 0x000001e9e145c4e0 Exception <a 'java/lang/NoSuchMethodError'{0x000000008ae02560}: 'int java.lang.invoke.DirectMethodHandle$Holder.invokeInterface(java.lang.Object, java.lang.Object)'> (0x000000008ae02560) 
thrown [t:\workspace\open\src\hotspot\share\interpreter\linkResolver.cpp, line 766]
Event: 3.907 Thread 0x000001e9e145c4e0 Exception <a 'java/lang/NoSuchMethodError'{0x000000008a8e3248}: 'void java.lang.invoke.DirectMethodHandle$Holder.invokeSpecial(java.lang.Object, java.lang.Object, java.lang.Object, java.lang.Object, java.lang.Object, java.lang.Object)'> (0x000000008a8e3248) 
thrown [t:\workspace\open\src\hotspot\share\interpreter\linkResolver.cpp, line 766]
Event: 3.943 Thread 0x000001e9e145c4e0 Exception <a 'java/lang/NoSuchMethodError'{0x000000008a60d0c0}: 'java.lang.Object java.lang.invoke.DirectMethodHandle$Holder.invokeSpecial(java.lang.Object, java.lang.Object, java.lang.Object, int, java.lang.Object)'> (0x000000008a60d0c0) 
thrown [t:\workspace\open\src\hotspot\share\interpreter\linkResolver.cpp, line 766]
Event: 3.943 Thread 0x000001e9e145c4e0 Exception <a 'java/lang/NoSuchMethodError'{0x000000008a615628}: 'java.lang.Object java.lang.invoke.DirectMethodHandle$Holder.newInvokeSpecial(java.lang.Object, java.lang.Object, java.lang.Object, int, java.lang.Object)'> (0x000000008a615628) 
thrown [t:\workspace\open\src\hotspot\share\interpreter\linkResolver.cpp, line 766]
Event: 3.944 Thread 0x000001e9e145c4e0 Exception <a 'java/lang/NoSuchMethodError'{0x000000008a61cff8}: 'java.lang.Object java.lang.invoke.Invokers$Holder.linkToTargetMethod(java.lang.Object, java.lang.Object, int, java.lang.Object, java.lang.Object)'> (0x000000008a61cff8) 
thrown [t:\workspace\open\src\hotspot\share\interpreter\linkResolver.cpp, line 766]
Event: 3.946 Thread 0x000001e9e145c4e0 Exception <a 'java/lang/NoSuchMethodError'{0x000000008a633378}: 'java.lang.Object java.lang.invoke.DirectMethodHandle$Holder.newInvokeSpecial(java.lang.Object, int, java.lang.Object)'> (0x000000008a633378) 
thrown [t:\workspace\open\src\hotspot\share\interpreter\linkResolver.cpp, line 766]
Event: 3.946 Thread 0x000001e9e145c4e0 Exception <a 'java/lang/NoSuchMethodError'{0x000000008a637e48}: 'int java.lang.invoke.DirectMethodHandle$Holder.invokeSpecialIFC(java.lang.Object, java.lang.Object, java.lang.Object, java.lang.Object)'> (0x000000008a637e48) 
thrown [t:\workspace\open\src\hotspot\share\interpreter\linkResolver.cpp, line 766]
Event: 3.984 Thread 0x000001e9e145c4e0 Exception <a 'java/lang/NoSuchMethodError'{0x000000008a528890}: 'void java.lang.invoke.DirectMethodHandle$Holder.invokeInterface(java.lang.Object, java.lang.Object, java.lang.Object)'> (0x000000008a528890) 
thrown [t:\workspace\open\src\hotspot\share\interpreter\linkResolver.cpp, line 766]
Event: 4.027 Thread 0x000001e9e145c4e0 Exception <a 'java/lang/NoSuchMethodError'{0x000000008a46f288}: 'void java.lang.invoke.DirectMethodHandle$Holder.invokeStaticInit(java.lang.Object, java.lang.Object, java.lang.Object)'> (0x000000008a46f288) 
thrown [t:\workspace\open\src\hotspot\share\interpreter\linkResolver.cpp, line 766]
Event: 4.036 Thread 0x000001e9e145c4e0 Exception <a 'java/lang/NoSuchMethodError'{0x000000008a4a1098}: 'java.lang.Object java.lang.invoke.DirectMethodHandle$Holder.invokeStatic(java.lang.Object, java.lang.Object, long, java.lang.Object)'> (0x000000008a4a1098) 
thrown [t:\workspace\open\src\hotspot\share\interpreter\linkResolver.cpp, line 766]
Event: 4.036 Thread 0x000001e9e145c4e0 Exception <a 'java/lang/NoSuchMethodError'{0x000000008a4a4b30}: 'java.lang.Object java.lang.invoke.DirectMethodHandle$Holder.invokeStaticInit(java.lang.Object, java.lang.Object, long, java.lang.Object)'> (0x000000008a4a4b30) 
thrown [t:\workspace\open\src\hotspot\share\interpreter\linkResolver.cpp, line 766]
Event: 4.036 Thread 0x000001e9e145c4e0 Exception <a 'java/lang/NoSuchMethodError'{0x000000008a4ab270}: 'java.lang.Object java.lang.invoke.DirectMethodHandle$Holder.newInvokeSpecial(java.lang.Object, java.lang.Object, long)'> (0x000000008a4ab270) 
thrown [t:\workspace\open\src\hotspot\share\interpreter\linkResolver.cpp, line 766]
Event: 4.037 Thread 0x000001e9e145c4e0 Exception <a 'java/lang/NoSuchMethodError'{0x000000008a4aede0}: 'java.lang.Object java.lang.invoke.Invokers$Holder.linkToTargetMethod(java.lang.Object, long, java.lang.Object)'> (0x000000008a4aede0) 
thrown [t:\workspace\open\src\hotspot\share\interpreter\linkResolver.cpp, line 766]
Event: 4.076 Thread 0x000001e9e145c4e0 Exception <a 'java/lang/NoSuchMethodError'{0x000000008a39f218}: 'void java.lang.invoke.DirectMethodHandle$Holder.invokeVirtual(java.lang.Object, java.lang.Object, java.lang.Object, java.lang.Object)'> (0x000000008a39f218) 
thrown [t:\workspace\open\src\hotspot\share\interpreter\linkResolver.cpp, line 766]
Event: 4.215 Thread 0x000001e9e145c4e0 Exception <a 'java/lang/IncompatibleClassChangeError'{0x0000000089e91848}: Found class java.lang.Object, but interface was expected> (0x0000000089e91848) 
thrown [t:\workspace\open\src\hotspot\share\interpreter\linkResolver.cpp, line 833]
Event: 4.296 Thread 0x000001e9811b0400 Exception <a 'java/lang/NoClassDefFoundError'{0x0000000089cae330}: jakarta/validation/Validation> (0x0000000089cae330) 
thrown [t:\workspace\open\src\hotspot\share\classfile\systemDictionary.cpp, line 245]
Event: 4.298 Thread 0x000001e9811b0400 Exception <a 'java/lang/NoClassDefFoundError'{0x0000000089cc2ec0}: org/springframework/http/converter/support/AllEncompassingFormHttpMessageConverter> (0x0000000089cc2ec0) 
thrown [t:\workspace\open\src\hotspot\share\classfile\systemDictionary.cpp, line 245]
Event: 4.298 Thread 0x000001e9811b0400 Exception <a 'java/lang/NoClassDefFoundError'{0x0000000089cd7330}: org/springframework/http/converter/json/Jackson2ObjectMapperBuilder> (0x0000000089cd7330) 
thrown [t:\workspace\open\src\hotspot\share\classfile\systemDictionary.cpp, line 245]
Event: 4.300 Thread 0x000001e9811b0400 Exception <a 'java/lang/NoClassDefFoundError'{0x0000000089cf3f28}: org/apache/tomcat/util/http/Rfc6265CookieProcessor> (0x0000000089cf3f28) 
thrown [t:\workspace\open\src\hotspot\share\classfile\systemDictionary.cpp, line 245]

VM Operations (20 events):
Event: 0.195 Executing VM operation: HandshakeAllThreads
Event: 0.195 Executing VM operation: HandshakeAllThreads done
Event: 1.201 Executing VM operation: Cleanup
Event: 1.293 Executing VM operation: Cleanup done
Event: 1.319 Executing VM operation: G1CollectForAllocation
Event: 1.557 Executing VM operation: G1CollectForAllocation done
Event: 2.002 Executing VM operation: HandshakeAllThreads
Event: 2.002 Executing VM operation: HandshakeAllThreads done
Event: 2.489 Executing VM operation: HandshakeAllThreads
Event: 2.489 Executing VM operation: HandshakeAllThreads done
Event: 3.081 Executing VM operation: G1CollectForAllocation
Event: 3.086 Executing VM operation: G1CollectForAllocation done
Event: 3.381 Executing VM operation: HandshakeAllThreads
Event: 3.382 Executing VM operation: HandshakeAllThreads done
Event: 4.001 Executing VM operation: ICBufferFull
Event: 4.001 Executing VM operation: ICBufferFull done
Event: 4.203 Executing VM operation: HandshakeAllThreads
Event: 4.203 Executing VM operation: HandshakeAllThreads done
Event: 4.203 Executing VM operation: HandshakeAllThreads
Event: 4.203 Executing VM operation: HandshakeAllThreads done

Events (20 events):
Event: 4.550 loading class jdk/internal/reflect/ByteVectorImpl done
Event: 4.550 loading class jdk/internal/reflect/ClassFileAssembler
Event: 4.551 loading class jdk/internal/reflect/ClassFileAssembler done
Event: 4.551 loading class jdk/internal/reflect/UTF8
Event: 4.551 loading class jdk/internal/reflect/UTF8 done
Event: 4.552 loading class jdk/internal/reflect/Label
Event: 4.555 loading class jdk/internal/reflect/Label done
Event: 4.555 loading class jdk/internal/reflect/Label$PatchInfo
Event: 4.555 loading class jdk/internal/reflect/Label$PatchInfo done
Event: 4.556 loading class jdk/internal/reflect/MethodAccessorGenerator$1
Event: 4.556 loading class jdk/internal/reflect/MethodAccessorGenerator$1 done
Event: 4.556 loading class jdk/internal/reflect/ClassDefiner
Event: 4.556 loading class jdk/internal/reflect/ClassDefiner done
Event: 4.556 loading class jdk/internal/reflect/ClassDefiner$1
Event: 4.556 loading class jdk/internal/reflect/ClassDefiner$1 done
Event: 4.556 loading class jdk/internal/reflect/BootstrapConstructorAccessorImpl
Event: 4.556 loading class jdk/internal/reflect/BootstrapConstructorAccessorImpl done
Event: 4.556 loading class java/lang/annotation/Repeatable
Event: 4.556 loading class java/lang/annotation/Repeatable done
Event: 4.570 Thread 0x000001e9812942c0 Thread added: 0x000001e9812942c0


Dynamic libraries:
0x00007ff6dda90000 - 0x00007ff6ddaa0000 	C:\Program Files\Java\jdk-17.0.1\bin\java.exe
0x00007ffca3950000 - 0x00007ffca3b45000 	C:\Windows\SYSTEM32\ntdll.dll
0x00007ffca2e50000 - 0x00007ffca2f0e000 	C:\Windows\System32\KERNEL32.DLL
0x00007ffca11a0000 - 0x00007ffca1468000 	C:\Windows\System32\KERNELBASE.dll
0x00007ffca1760000 - 0x00007ffca1860000 	C:\Windows\System32\ucrtbase.dll
0x00007ffc8f790000 - 0x00007ffc8f7a8000 	C:\Program Files\Java\jdk-17.0.1\bin\jli.dll
0x00007ffca1c40000 - 0x00007ffca1cee000 	C:\Windows\System32\ADVAPI32.dll
0x00007ffca1fb0000 - 0x00007ffca204e000 	C:\Windows\System32\msvcrt.dll
0x00007ffca1cf0000 - 0x00007ffca1d8c000 	C:\Windows\System32\sechost.dll
0x00007ffca3770000 - 0x00007ffca3895000 	C:\Windows\System32\RPCRT4.dll
0x00007ffca2f20000 - 0x00007ffca30c0000 	C:\Windows\System32\USER32.dll
0x00007ffca1970000 - 0x00007ffca1992000 	C:\Windows\System32\win32u.dll
0x00007ffca2e00000 - 0x00007ffca2e2b000 	C:\Windows\System32\GDI32.dll
0x00007ffca15d0000 - 0x00007ffca16dd000 	C:\Windows\System32\gdi32full.dll
0x00007ffca18d0000 - 0x00007ffca196d000 	C:\Windows\System32\msvcp_win.dll
0x00007ffc8edd0000 - 0x00007ffc8edea000 	C:\Program Files\Java\jdk-17.0.1\bin\VCRUNTIME140.dll
0x00007ffc8a220000 - 0x00007ffc8a4ba000 	C:\Windows\WinSxS\amd64_microsoft.windows.common-controls_6595b64144ccf1df_6.0.19041.1110_none_60b5254171f9507e\COMCTL32.dll
0x00007ffc90920000 - 0x00007ffc9092a000 	C:\Windows\SYSTEM32\VERSION.dll
0x00007ffca2050000 - 0x00007ffca2080000 	C:\Windows\System32\IMM32.DLL
0x00007ffc99c60000 - 0x00007ffc99c6c000 	C:\Program Files\Java\jdk-17.0.1\bin\vcruntime140_1.dll
0x00007ffc72660000 - 0x00007ffc726ed000 	C:\Program Files\Java\jdk-17.0.1\bin\msvcp140.dll
0x00007ffc39150000 - 0x00007ffc39d0e000 	C:\Program Files\Java\jdk-17.0.1\bin\server\jvm.dll
0x00007ffca1fa0000 - 0x00007ffca1fa8000 	C:\Windows\System32\PSAPI.DLL
0x00007ffc99d40000 - 0x00007ffc99d49000 	C:\Windows\SYSTEM32\WSOCK32.dll
0x00007ffca38a0000 - 0x00007ffca390b000 	C:\Windows\System32\WS2_32.dll
0x00007ffc89f40000 - 0x00007ffc89f67000 	C:\Windows\SYSTEM32\WINMM.dll
0x00007ffc9f8e0000 - 0x00007ffc9f8f2000 	C:\Windows\SYSTEM32\kernel.appcore.dll
0x00007ffc971d0000 - 0x00007ffc971da000 	C:\Program Files\Java\jdk-17.0.1\bin\jimage.dll
0x00007ffc9ee40000 - 0x00007ffc9f024000 	C:\Windows\SYSTEM32\DBGHELP.DLL
0x00007ffc86b20000 - 0x00007ffc86b4c000 	C:\Windows\SYSTEM32\dbgcore.DLL
0x00007ffca1110000 - 0x00007ffca1192000 	C:\Windows\System32\bcryptPrimitives.dll
0x00007ffc8c180000 - 0x00007ffc8c1a5000 	C:\Program Files\Java\jdk-17.0.1\bin\java.dll
0x00007ffc6e4b0000 - 0x00007ffc6e586000 	C:\Program Files\Java\jdk-17.0.1\bin\svml.dll
0x00007ffca2590000 - 0x00007ffca2cd4000 	C:\Windows\System32\SHELL32.dll
0x00007ffc9f130000 - 0x00007ffc9f8c4000 	C:\Windows\SYSTEM32\windows.storage.dll
0x00007ffca30c0000 - 0x00007ffca3415000 	C:\Windows\System32\combase.dll
0x00007ffca0ab0000 - 0x00007ffca0ade000 	C:\Windows\SYSTEM32\Wldp.dll
0x00007ffca1a70000 - 0x00007ffca1b1d000 	C:\Windows\System32\SHCORE.dll
0x00007ffca2d90000 - 0x00007ffca2de5000 	C:\Windows\System32\shlwapi.dll
0x00007ffca0fa0000 - 0x00007ffca0fbf000 	C:\Windows\SYSTEM32\profapi.dll
0x00007ffc8c2c0000 - 0x00007ffc8c2d9000 	C:\Program Files\Java\jdk-17.0.1\bin\net.dll
0x00007ffc982a0000 - 0x00007ffc983ac000 	C:\Windows\SYSTEM32\WINHTTP.dll
0x00007ffca0810000 - 0x00007ffca087a000 	C:\Windows\system32\mswsock.dll
0x00007ffc8c130000 - 0x00007ffc8c145000 	C:\Program Files\Java\jdk-17.0.1\bin\nio.dll
0x00007ffc8c110000 - 0x00007ffc8c128000 	C:\Program Files\Java\jdk-17.0.1\bin\zip.dll
0x00007ffc95880000 - 0x00007ffc95890000 	C:\Program Files\Java\jdk-17.0.1\bin\verify.dll

dbghelp: loaded successfully - version: 4.0.5 - missing functions: none
symbol engine: initialized successfully - sym options: 0x614 - pdb path: .;C:\Program Files\Java\jdk-17.0.1\bin;C:\Windows\SYSTEM32;C:\Windows\WinSxS\amd64_microsoft.windows.common-controls_6595b64144ccf1df_6.0.19041.1110_none_60b5254171f9507e;C:\Program Files\Java\jdk-17.0.1\bin\server

VM Arguments:
java_command: c:\Users\shiks\.vscode\extensions\salesforce.salesforce-vscode-slds-2.0.12\lsp-2.0.12-executable.jar --PORT=52166
java_class_path (initial): c:\Users\shiks\.vscode\extensions\salesforce.salesforce-vscode-slds-2.0.12\lsp-2.0.12-executable.jar
Launcher Type: SUN_STANDARD

[Global flags]
     intx CICompilerCount                          = 3                                         {product} {ergonomic}
     uint ConcGCThreads                            = 1                                         {product} {ergonomic}
     uint G1ConcRefinementThreads                  = 4                                         {product} {ergonomic}
   size_t G1HeapRegionSize                         = 1048576                                   {product} {ergonomic}
    uintx GCDrainStackTargetSize                   = 64                                        {product} {ergonomic}
   size_t InitialHeapSize                          = 130023424                                 {product} {ergonomic}
   size_t MarkStackSize                            = 4194304                                   {product} {ergonomic}
   size_t MaxHeapSize                              = 2067791872                                {product} {ergonomic}
   size_t MaxNewSize                               = 1240465408                                {product} {ergonomic}
   size_t MinHeapDeltaBytes                        = 1048576                                   {product} {ergonomic}
   size_t MinHeapSize                              = 8388608                                   {product} {ergonomic}
    uintx NonNMethodCodeHeapSize                   = 5832780                                {pd product} {ergonomic}
    uintx NonProfiledCodeHeapSize                  = 122912730                              {pd product} {ergonomic}
    uintx ProfiledCodeHeapSize                     = 122912730                              {pd product} {ergonomic}
    uintx ReservedCodeCacheSize                    = 251658240                              {pd product} {ergonomic}
     bool SegmentedCodeCache                       = true                                      {product} {ergonomic}
   size_t SoftMaxHeapSize                          = 2067791872                             {manageable} {ergonomic}
     bool UseCompressedClassPointers               = true                           {product lp64_product} {ergonomic}
     bool UseCompressedOops                        = true                           {product lp64_product} {ergonomic}
     bool UseG1GC                                  = true                                      {product} {ergonomic}
     bool UseLargePagesIndividualAllocation        = false                                  {pd product} {ergonomic}

Logging:
Log output configuration:
 #0: stdout all=warning uptime,level,tags
 #1: stderr all=off uptime,level,tags

Environment Variables:
JAVA_HOME=C:\Program Files\Java\jdk-17.0.1
PATH=C:\Program Files\Common Files\Oracle\Java\javapath;C:\Program Files (x86)\Common Files\Oracle\Java\java8path;C:\Program Files (x86)\Common Files\Oracle\Java\javapath;C:\Windows\system32;C:\Windows;C:\Windows\System32\Wbem;C:\Windows\System32\WindowsPowerShell\v1.0\;C:\Windows\System32\OpenSSH\;C:\apache-tomcat-9.0.62\bin;C:\Program Files\Java\jdk-17.0.1\bin;C:\Program Files\Java\jdk-17.0.1\bin;C:\Program Files\Git\cmd;C:\Users\shiks\AppData\Roaming\npm;C:\Program Files\MySQL\MySQL Server 8.0\bin;C:\Users\shiks\AppData\Local\nvm;C:\nvm4w\nodejs;C:\Program Files\MySQL\MySQL Shell 8.0\bin\;C:\Users\shiks\AppData\Local\Microsoft\WindowsApps;C:\Users\shiks\AppData\Local\Programs\Microsoft VS Code\bin;C:\Program Files\sfdx\bin;C:\MinGW\bin;C:\Users\shiks\AppData\Local\GitHubDesktop\bin;C:\Program Files\MySQL\MySQL Server 8.0\bin;C:\Program Files\JetBrains\IntelliJ IDEA Community Edition 2025.2\bin;C:\Users\shiks\AppData\Roaming\npm;C:\Users\shiks\AppData\Local\nvm;C:\nvm4w\nodejs
USERNAME=shiks
OS=Windows_NT
PROCESSOR_IDENTIFIER=Intel64 Family 6 Model 140 Stepping 1, GenuineIntel



---------------  S Y S T E M  ---------------

OS:
 Windows 10 , 64 bit Build 19041 (10.0.19041.1503)
OS uptime: 0 days 9:54 hours

CPU: total 4 (initial active 4) (2 cores per cpu, 2 threads per core) family 6 model 140 stepping 1 microcode 0x86, cx8, cmov, fxsr, ht, mmx, 3dnowpref, sse, sse2, sse3, ssse3, sse4.1, sse4.2, popcnt, lzcnt, tsc, tscinvbit, avx, avx2, aes, erms, clmul, bmi1, bmi2, adx, avx512f, avx512dq, avx512cd, avx512bw, avx512vl, sha, fma, vzeroupper, avx512_vpopcntdq, avx512_vpclmulqdq, avx512_vaes, avx512_vnni, clflush, clflushopt, clwb, avx512_vbmi2, avx512_vbmi

Memory: 4k page, system-wide physical 7886M (433M free)
TotalPageFile size 10602M (AvailPageFile size 3M)
current process WorkingSet (physical memory assigned to process): 150M, peak: 150M
current process commit charge ("private bytes"): 254M, peak: 256M

vm_info: Java HotSpot(TM) 64-Bit Server VM (17.0.1+12-LTS-39) for windows-amd64 JRE (17.0.1+12-LTS-39), built on Sep 27 2021 18:41:35 by "mach5one" with MS VC++ 16.8 (VS2019)

END.
