#
# There is insufficient memory for the Java Runtime Environment to continue.
# Native memory allocation (malloc) failed to allocate 1047696 bytes for Chunk::new
# Possible reasons:
#   The system is out of physical RAM or swap space
#   The process is running with CompressedOops enabled, and the Java Heap may be blocking the growth of the native heap
# Possible solutions:
#   Reduce memory load on the system
#   Increase physical memory or swap space
#   Check if swap backing store is full
#   Decrease Java heap size (-Xmx/-Xms)
#   Decrease number of Java threads
#   Decrease Java thread stack sizes (-Xss)
#   Set larger code cache with -XX:ReservedCodeCacheSize=
#   JVM is running with Unscaled Compressed Oops mode in which the Java heap is
#     placed in the first 4GB address space. The Java Heap base address is the
#     maximum limit for the native heap growth. Please use -XX:HeapBaseMinAddress
#     to set the Java Heap base and to place the Java Heap above 4GB virtual address.
# This output file may be truncated or incomplete.
#
#  Out of Memory Error (arena.cpp:189), pid=7980, tid=7888
#
# JRE version: Java(TM) SE Runtime Environment (17.0.1+12) (build 17.0.1+12-LTS-39)
# Java VM: Java HotSpot(TM) 64-Bit Server VM (17.0.1+12-LTS-39, mixed mode, sharing, tiered, compressed oops, compressed class ptrs, g1 gc, windows-amd64)
# No core dump will be written. Minidumps are not enabled by default on client versions of Windows
#

---------------  S U M M A R Y ------------

Command Line: c:\Users\shiks\.vscode\extensions\salesforce.salesforce-vscode-slds-2.0.12\lsp-2.0.12-executable.jar --PORT=64014

Host: 11th Gen Intel(R) Core(TM) i3-1115G4 @ 3.00GHz, 4 cores, 7G,  Windows 10 , 64 bit Build 19041 (10.0.19041.1503)
Time: Tue Oct  7 20:47:04 2025 India Standard Time elapsed time: 9.396768 seconds (0d 0h 0m 9s)

---------------  T H R E A D  ---------------

Current thread (0x0000015b462fd240):  JavaThread "C2 CompilerThread0" daemon [_thread_in_native, id=7888, stack(0x0000004d77b00000,0x0000004d77c00000)]


Current CompileTask:
C2:   9396 4780       4       com.opencsv.CSVParser::parseLine (476 bytes)

Stack: [0x0000004d77b00000,0x0000004d77c00000]
Native frames: (J=compiled Java code, j=interpreted, Vv=VM code, C=native code)
V  [jvm.dll+0x66fa1a]
V  [jvm.dll+0x7ce5a4]
V  [jvm.dll+0x7cfd4e]
V  [jvm.dll+0x7d03b3]
V  [jvm.dll+0x242b05]
V  [jvm.dll+0xaa05b]
V  [jvm.dll+0xaa5ec]
V  [jvm.dll+0x35f9b2]
V  [jvm.dll+0x1b9732]
V  [jvm.dll+0x215d49]
V  [jvm.dll+0x215011]
V  [jvm.dll+0x1a168d]
V  [jvm.dll+0x224848]
V  [jvm.dll+0x2229ac]
V  [jvm.dll+0x78435b]
V  [jvm.dll+0x77e91a]
V  [jvm.dll+0x66e845]
C  [ucrtbase.dll+0x21bb2]
C  [KERNEL32.DLL+0x17034]
C  [ntdll.dll+0x52651]


---------------  P R O C E S S  ---------------

Threads class SMR info:
_java_thread_list=0x0000015b474e3e00, length=14, elements={
0x0000015b28d2ccc0, 0x0000015b462df150, 0x0000015b462e1b10, 0x0000015b462f80e0,
0x0000015b462f89a0, 0x0000015b462fb360, 0x0000015b462fc4b0, 0x0000015b462fd240,
0x0000015b4630d8d0, 0x0000015b4631deb0, 0x0000015b46d83db0, 0x0000015b46d88520,
0x0000015b46f47250, 0x0000015b4926fcc0
}

Java Threads: ( => current thread )
  0x0000015b28d2ccc0 JavaThread "main" [_thread_blocked, id=9040, stack(0x0000004d76e00000,0x0000004d76f00000)]
  0x0000015b462df150 JavaThread "Reference Handler" daemon [_thread_blocked, id=9100, stack(0x0000004d77500000,0x0000004d77600000)]
  0x0000015b462e1b10 JavaThread "Finalizer" daemon [_thread_blocked, id=8240, stack(0x0000004d77600000,0x0000004d77700000)]
  0x0000015b462f80e0 JavaThread "Signal Dispatcher" daemon [_thread_blocked, id=17044, stack(0x0000004d77700000,0x0000004d77800000)]
  0x0000015b462f89a0 JavaThread "Attach Listener" daemon [_thread_blocked, id=4104, stack(0x0000004d77800000,0x0000004d77900000)]
  0x0000015b462fb360 JavaThread "Service Thread" daemon [_thread_blocked, id=14448, stack(0x0000004d77900000,0x0000004d77a00000)]
  0x0000015b462fc4b0 JavaThread "Monitor Deflation Thread" daemon [_thread_blocked, id=10896, stack(0x0000004d77a00000,0x0000004d77b00000)]
=>0x0000015b462fd240 JavaThread "C2 CompilerThread0" daemon [_thread_in_native, id=7888, stack(0x0000004d77b00000,0x0000004d77c00000)]
  0x0000015b4630d8d0 JavaThread "C1 CompilerThread0" daemon [_thread_blocked, id=9160, stack(0x0000004d77c00000,0x0000004d77d00000)]
  0x0000015b4631deb0 JavaThread "Sweeper thread" daemon [_thread_blocked, id=16820, stack(0x0000004d77d00000,0x0000004d77e00000)]
  0x0000015b46d83db0 JavaThread "Notification Thread" daemon [_thread_blocked, id=8888, stack(0x0000004d77e00000,0x0000004d77f00000)]
  0x0000015b46d88520 JavaThread "Common-Cleaner" daemon [_thread_blocked, id=4168, stack(0x0000004d78000000,0x0000004d78100000)]
  0x0000015b46f47250 JavaThread "Cleaner-0" daemon [_thread_blocked, id=11528, stack(0x0000004d78100000,0x0000004d78200000)]
  0x0000015b4926fcc0 JavaThread "pool-2-thread-1" [_thread_in_Java, id=6588, stack(0x0000004d78200000,0x0000004d78300000)]

Other Threads:
  0x0000015b462d6300 VMThread "VM Thread" [stack: 0x0000004d77400000,0x0000004d77500000] [id=10344]
  0x0000015b46d88290 WatcherThread [stack: 0x0000004d77f00000,0x0000004d78000000] [id=12680]
  0x0000015b28d6a120 GCTaskThread "GC Thread#0" [stack: 0x0000004d76f00000,0x0000004d77000000] [id=3852]
  0x0000015b46fea3a0 GCTaskThread "GC Thread#1" [stack: 0x0000004d78300000,0x0000004d78400000] [id=1448]
  0x0000015b46faa5e0 GCTaskThread "GC Thread#2" [stack: 0x0000004d78400000,0x0000004d78500000] [id=10132]
  0x0000015b47085bc0 GCTaskThread "GC Thread#3" [stack: 0x0000004d78500000,0x0000004d78600000] [id=16796]
  0x0000015b28d7a6e0 ConcurrentGCThread "G1 Main Marker" [stack: 0x0000004d77000000,0x0000004d77100000] [id=12556]
  0x0000015b28d7b0f0 ConcurrentGCThread "G1 Conc#0" [stack: 0x0000004d77100000,0x0000004d77200000] [id=17232]
  0x0000015b28de05f0 ConcurrentGCThread "G1 Refine#0" [stack: 0x0000004d77200000,0x0000004d77300000] [id=17276]
  0x0000015b28de1010 ConcurrentGCThread "G1 Service" [stack: 0x0000004d77300000,0x0000004d77400000] [id=6696]

Threads with active compile tasks:
C2 CompilerThread0     9414 4780       4       com.opencsv.CSVParser::parseLine (476 bytes)

VM state: not at safepoint (normal execution)

VM Mutex/Monitor currently owned by a thread:  ([mutex/lock_event])
[0x0000015b28d27430] CompiledIC_lock - owner thread: 0x0000015b4926fcc0
[0x0000015b28d27550] MethodCompileQueue_lock - owner thread: 0x0000015b4630d8d0

Heap address: 0x0000000084c00000, size: 1972 MB, Compressed Oops mode: 32-bit

CDS archive(s) mapped at: [0x0000000800000000-0x0000000800bc0000-0x0000000800bc0000), size 12320768, SharedBaseAddress: 0x0000000800000000, ArchiveRelocationMode: 0.
Compressed class space mapped at: 0x0000000800c00000-0x0000000840c00000, reserved size: 1073741824
Narrow klass base: 0x0000000800000000, Narrow klass shift: 0, Narrow klass range: 0x100000000

GC Precious Log:
 CPUs: 4 total, 4 available
 Memory: 7886M
 Large Page Support: Disabled
 NUMA Support: Disabled
 Compressed Oops: Enabled (32-bit)
 Heap Region Size: 1M
 Heap Min Capacity: 8M
 Heap Initial Capacity: 124M
 Heap Max Capacity: 1972M
 Pre-touch: Disabled
 Parallel Workers: 4
 Concurrent Workers: 1
 Concurrent Refinement Workers: 4
 Periodic GC: Disabled

Heap:
 garbage-first heap   total 86016K, used 35734K [0x0000000084c00000, 0x0000000100000000)
  region size 1024K, 27 young (27648K), 3 survivors (3072K)
 Metaspace       used 27548K, committed 27968K, reserved 1073152K
  class space    used 3309K, committed 3520K, reserved 1048576K

Heap Regions: E=young(eden), S=young(survivor), O=old, HS=humongous(starts), HC=humongous(continues), CS=collection set, F=free, OA=open archive, CA=closed archive, TAMS=top-at-mark-start (previous, next)
|   0|0x0000000084c00000, 0x0000000084d00000, 0x0000000084d00000|100%| O|  |TAMS 0x0000000084d00000, 0x0000000084c00000| Untracked 
|   1|0x0000000084d00000, 0x0000000084e00000, 0x0000000084e00000|100%| O|  |TAMS 0x0000000084dc0000, 0x0000000084d00000| Untracked 
|   2|0x0000000084e00000, 0x0000000084f00000, 0x0000000084f00000|100%| O|  |TAMS 0x0000000084e00000, 0x0000000084e00000| Untracked 
|   3|0x0000000084f00000, 0x0000000085000000, 0x0000000085000000|100%| O|  |TAMS 0x0000000084f00000, 0x0000000084f00000| Untracked 
|   4|0x0000000085000000, 0x0000000085100000, 0x0000000085100000|100%| O|  |TAMS 0x0000000085000000, 0x0000000085000000| Untracked 
|   5|0x0000000085100000, 0x0000000085100000, 0x0000000085200000|  0%| F|  |TAMS 0x0000000085100000, 0x0000000085100000| Untracked 
|   6|0x0000000085200000, 0x0000000085300000, 0x0000000085300000|100%| O|  |TAMS 0x0000000085200000, 0x0000000085200000| Untracked 
|   7|0x0000000085300000, 0x0000000085400000, 0x0000000085400000|100%| O|  |TAMS 0x0000000085300000, 0x0000000085300000| Untracked 
|   8|0x0000000085400000, 0x0000000085400000, 0x0000000085500000|  0%| F|  |TAMS 0x0000000085400000, 0x0000000085400000| Untracked 
|   9|0x0000000085500000, 0x0000000085500000, 0x0000000085600000|  0%| F|  |TAMS 0x0000000085500000, 0x0000000085500000| Untracked 
|  10|0x0000000085600000, 0x0000000085600000, 0x0000000085700000|  0%| F|  |TAMS 0x0000000085600000, 0x0000000085600000| Untracked 
|  11|0x0000000085700000, 0x0000000085700000, 0x0000000085800000|  0%| F|  |TAMS 0x0000000085700000, 0x0000000085700000| Untracked 
|  12|0x0000000085800000, 0x0000000085800000, 0x0000000085900000|  0%| F|  |TAMS 0x0000000085800000, 0x0000000085800000| Untracked 
|  13|0x0000000085900000, 0x0000000085a00000, 0x0000000085a00000|100%| O|  |TAMS 0x0000000085900000, 0x0000000085900000| Untracked 
|  14|0x0000000085a00000, 0x0000000085b00000, 0x0000000085b00000|100%| O|  |TAMS 0x0000000085a00000, 0x0000000085a00000| Untracked 
|  15|0x0000000085b00000, 0x0000000085b92800, 0x0000000085c00000| 57%| O|  |TAMS 0x0000000085b00000, 0x0000000085b00000| Untracked 
|  16|0x0000000085c00000, 0x0000000085c00000, 0x0000000085d00000|  0%| F|  |TAMS 0x0000000085c00000, 0x0000000085c00000| Untracked 
|  17|0x0000000085d00000, 0x0000000085d00000, 0x0000000085e00000|  0%| F|  |TAMS 0x0000000085d00000, 0x0000000085d00000| Untracked 
|  18|0x0000000085e00000, 0x0000000085e00000, 0x0000000085f00000|  0%| F|  |TAMS 0x0000000085e00000, 0x0000000085e00000| Untracked 
|  19|0x0000000085f00000, 0x0000000085f00000, 0x0000000086000000|  0%| F|  |TAMS 0x0000000085f00000, 0x0000000085f00000| Untracked 
|  20|0x0000000086000000, 0x0000000086000000, 0x0000000086100000|  0%| F|  |TAMS 0x0000000086000000, 0x0000000086000000| Untracked 
|  21|0x0000000086100000, 0x0000000086100000, 0x0000000086200000|  0%| F|  |TAMS 0x0000000086100000, 0x0000000086100000| Untracked 
|  22|0x0000000086200000, 0x0000000086200000, 0x0000000086300000|  0%| F|  |TAMS 0x0000000086200000, 0x0000000086200000| Untracked 
|  23|0x0000000086300000, 0x0000000086300000, 0x0000000086400000|  0%| F|  |TAMS 0x0000000086300000, 0x0000000086300000| Untracked 
|  24|0x0000000086400000, 0x0000000086400000, 0x0000000086500000|  0%| F|  |TAMS 0x0000000086400000, 0x0000000086400000| Untracked 
|  25|0x0000000086500000, 0x0000000086500000, 0x0000000086600000|  0%| F|  |TAMS 0x0000000086500000, 0x0000000086500000| Untracked 
|  26|0x0000000086600000, 0x0000000086600000, 0x0000000086700000|  0%| F|  |TAMS 0x0000000086600000, 0x0000000086600000| Untracked 
|  27|0x0000000086700000, 0x0000000086700000, 0x0000000086800000|  0%| F|  |TAMS 0x0000000086700000, 0x0000000086700000| Untracked 
|  28|0x0000000086800000, 0x0000000086800000, 0x0000000086900000|  0%| F|  |TAMS 0x0000000086800000, 0x0000000086800000| Untracked 
|  29|0x0000000086900000, 0x0000000086900000, 0x0000000086a00000|  0%| F|  |TAMS 0x0000000086900000, 0x0000000086900000| Untracked 
|  30|0x0000000086a00000, 0x0000000086a00000, 0x0000000086b00000|  0%| F|  |TAMS 0x0000000086a00000, 0x0000000086a00000| Untracked 
|  31|0x0000000086b00000, 0x0000000086b00000, 0x0000000086c00000|  0%| F|  |TAMS 0x0000000086b00000, 0x0000000086b00000| Untracked 
|  32|0x0000000086c00000, 0x0000000086c53070, 0x0000000086d00000| 32%| S|CS|TAMS 0x0000000086c00000, 0x0000000086c00000| Complete 
|  33|0x0000000086d00000, 0x0000000086e00000, 0x0000000086e00000|100%| S|CS|TAMS 0x0000000086d00000, 0x0000000086d00000| Complete 
|  34|0x0000000086e00000, 0x0000000086f00000, 0x0000000086f00000|100%| S|CS|TAMS 0x0000000086e00000, 0x0000000086e00000| Complete 
|  35|0x0000000086f00000, 0x0000000086f00000, 0x0000000087000000|  0%| F|  |TAMS 0x0000000086f00000, 0x0000000086f00000| Untracked 
|  36|0x0000000087000000, 0x0000000087000000, 0x0000000087100000|  0%| F|  |TAMS 0x0000000087000000, 0x0000000087000000| Untracked 
|  37|0x0000000087100000, 0x0000000087100000, 0x0000000087200000|  0%| F|  |TAMS 0x0000000087100000, 0x0000000087100000| Untracked 
|  38|0x0000000087200000, 0x0000000087200000, 0x0000000087300000|  0%| F|  |TAMS 0x0000000087200000, 0x0000000087200000| Untracked 
|  39|0x0000000087300000, 0x0000000087300000, 0x0000000087400000|  0%| F|  |TAMS 0x0000000087300000, 0x0000000087300000| Untracked 
|  40|0x0000000087400000, 0x0000000087400000, 0x0000000087500000|  0%| F|  |TAMS 0x0000000087400000, 0x0000000087400000| Untracked 
|  41|0x0000000087500000, 0x0000000087500000, 0x0000000087600000|  0%| F|  |TAMS 0x0000000087500000, 0x0000000087500000| Untracked 
|  42|0x0000000087600000, 0x0000000087600000, 0x0000000087700000|  0%| F|  |TAMS 0x0000000087600000, 0x0000000087600000| Untracked 
|  43|0x0000000087700000, 0x0000000087700000, 0x0000000087800000|  0%| F|  |TAMS 0x0000000087700000, 0x0000000087700000| Untracked 
|  44|0x0000000087800000, 0x0000000087800000, 0x0000000087900000|  0%| F|  |TAMS 0x0000000087800000, 0x0000000087800000| Untracked 
|  45|0x0000000087900000, 0x0000000087900000, 0x0000000087a00000|  0%| F|  |TAMS 0x0000000087900000, 0x0000000087900000| Untracked 
|  46|0x0000000087a00000, 0x0000000087a00000, 0x0000000087b00000|  0%| F|  |TAMS 0x0000000087a00000, 0x0000000087a00000| Untracked 
|  47|0x0000000087b00000, 0x0000000087b00000, 0x0000000087c00000|  0%| F|  |TAMS 0x0000000087b00000, 0x0000000087b00000| Untracked 
|  48|0x0000000087c00000, 0x0000000087c00000, 0x0000000087d00000|  0%| F|  |TAMS 0x0000000087c00000, 0x0000000087c00000| Untracked 
|  49|0x0000000087d00000, 0x0000000087d00000, 0x0000000087e00000|  0%| F|  |TAMS 0x0000000087d00000, 0x0000000087d00000| Untracked 
|  50|0x0000000087e00000, 0x0000000087e00000, 0x0000000087f00000|  0%| F|  |TAMS 0x0000000087e00000, 0x0000000087e00000| Untracked 
|  51|0x0000000087f00000, 0x0000000087f00000, 0x0000000088000000|  0%| F|  |TAMS 0x0000000087f00000, 0x0000000087f00000| Untracked 
|  52|0x0000000088000000, 0x0000000088000000, 0x0000000088100000|  0%| F|  |TAMS 0x0000000088000000, 0x0000000088000000| Untracked 
|  53|0x0000000088100000, 0x0000000088100000, 0x0000000088200000|  0%| F|  |TAMS 0x0000000088100000, 0x0000000088100000| Untracked 
|  54|0x0000000088200000, 0x0000000088200000, 0x0000000088300000|  0%| F|  |TAMS 0x0000000088200000, 0x0000000088200000| Untracked 
|  55|0x0000000088300000, 0x0000000088300000, 0x0000000088400000|  0%| F|  |TAMS 0x0000000088300000, 0x0000000088300000| Untracked 
|  56|0x0000000088400000, 0x0000000088400000, 0x0000000088500000|  0%| F|  |TAMS 0x0000000088400000, 0x0000000088400000| Untracked 
|  57|0x0000000088500000, 0x0000000088500000, 0x0000000088600000|  0%| F|  |TAMS 0x0000000088500000, 0x0000000088500000| Untracked 
|  58|0x0000000088600000, 0x0000000088600000, 0x0000000088700000|  0%| F|  |TAMS 0x0000000088600000, 0x0000000088600000| Untracked 
|  59|0x0000000088700000, 0x0000000088700000, 0x0000000088800000|  0%| F|  |TAMS 0x0000000088700000, 0x0000000088700000| Untracked 
|  60|0x0000000088800000, 0x00000000888f1468, 0x0000000088900000| 94%| E|  |TAMS 0x0000000088800000, 0x0000000088800000| Complete 
|  61|0x0000000088900000, 0x0000000088a00000, 0x0000000088a00000|100%| E|CS|TAMS 0x0000000088900000, 0x0000000088900000| Complete 
|  62|0x0000000088a00000, 0x0000000088b00000, 0x0000000088b00000|100%| E|CS|TAMS 0x0000000088a00000, 0x0000000088a00000| Complete 
|  63|0x0000000088b00000, 0x0000000088c00000, 0x0000000088c00000|100%| E|CS|TAMS 0x0000000088b00000, 0x0000000088b00000| Complete 
|  64|0x0000000088c00000, 0x0000000088d00000, 0x0000000088d00000|100%| E|CS|TAMS 0x0000000088c00000, 0x0000000088c00000| Complete 
|  65|0x0000000088d00000, 0x0000000088e00000, 0x0000000088e00000|100%| E|CS|TAMS 0x0000000088d00000, 0x0000000088d00000| Complete 
|  66|0x0000000088e00000, 0x0000000088f00000, 0x0000000088f00000|100%| E|CS|TAMS 0x0000000088e00000, 0x0000000088e00000| Complete 
|  67|0x0000000088f00000, 0x0000000089000000, 0x0000000089000000|100%| E|CS|TAMS 0x0000000088f00000, 0x0000000088f00000| Complete 
|  68|0x0000000089000000, 0x0000000089100000, 0x0000000089100000|100%| E|CS|TAMS 0x0000000089000000, 0x0000000089000000| Complete 
|  69|0x0000000089100000, 0x0000000089200000, 0x0000000089200000|100%| E|CS|TAMS 0x0000000089100000, 0x0000000089100000| Complete 
|  70|0x0000000089200000, 0x0000000089300000, 0x0000000089300000|100%| E|CS|TAMS 0x0000000089200000, 0x0000000089200000| Complete 
|  71|0x0000000089300000, 0x0000000089400000, 0x0000000089400000|100%| E|CS|TAMS 0x0000000089300000, 0x0000000089300000| Complete 
|  72|0x0000000089400000, 0x0000000089500000, 0x0000000089500000|100%| E|CS|TAMS 0x0000000089400000, 0x0000000089400000| Complete 
|  73|0x0000000089500000, 0x0000000089600000, 0x0000000089600000|100%| E|CS|TAMS 0x0000000089500000, 0x0000000089500000| Complete 
|  74|0x0000000089600000, 0x0000000089700000, 0x0000000089700000|100%| E|CS|TAMS 0x0000000089600000, 0x0000000089600000| Complete 
|  75|0x0000000089700000, 0x0000000089800000, 0x0000000089800000|100%| E|CS|TAMS 0x0000000089700000, 0x0000000089700000| Complete 
|  76|0x0000000089800000, 0x0000000089900000, 0x0000000089900000|100%| E|CS|TAMS 0x0000000089800000, 0x0000000089800000| Complete 
|  77|0x0000000089900000, 0x0000000089a00000, 0x0000000089a00000|100%| E|CS|TAMS 0x0000000089900000, 0x0000000089900000| Complete 
|  78|0x0000000089a00000, 0x0000000089b00000, 0x0000000089b00000|100%| E|CS|TAMS 0x0000000089a00000, 0x0000000089a00000| Complete 
| 112|0x000000008bc00000, 0x000000008bd00000, 0x000000008bd00000|100%| E|CS|TAMS 0x000000008bc00000, 0x000000008bc00000| Complete 
| 113|0x000000008bd00000, 0x000000008be00000, 0x000000008be00000|100%| E|CS|TAMS 0x000000008bd00000, 0x000000008bd00000| Complete 
| 114|0x000000008be00000, 0x000000008bf00000, 0x000000008bf00000|100%| E|CS|TAMS 0x000000008be00000, 0x000000008be00000| Complete 
| 115|0x000000008bf00000, 0x000000008c000000, 0x000000008c000000|100%| E|CS|TAMS 0x000000008bf00000, 0x000000008bf00000| Complete 
| 123|0x000000008c700000, 0x000000008c800000, 0x000000008c800000|100%| E|CS|TAMS 0x000000008c700000, 0x000000008c700000| Complete 

Card table byte_map: [0x0000015b3f920000,0x0000015b3fd00000] _byte_map_base: 0x0000015b3f4fa000

Marking Bits (Prev, Next): (CMBitMap*) 0x0000015b28d6a770, (CMBitMap*) 0x0000015b28d6a730
 Prev Bits: [0x0000015b41fb0000, 0x0000015b43e80000)
 Next Bits: [0x0000015b400e0000, 0x0000015b41fb0000)

Polling page: 0x0000015b26c20000

Metaspace:

Usage:
  Non-class:     23.69 MB used.
      Class:      3.23 MB used.
       Both:     26.92 MB used.

Virtual space:
  Non-class space:       24.00 MB reserved,      23.94 MB (>99%) committed,  3 nodes.
      Class space:        1.00 GB reserved,       3.44 MB ( <1%) committed,  1 nodes.
             Both:        1.02 GB reserved,      27.38 MB (  3%) committed. 

Chunk freelists:
   Non-Class:  48.00 KB
       Class:  571.00 KB
        Both:  619.00 KB

MaxMetaspaceSize: unlimited
CompressedClassSpaceSize: 1.00 GB
Initial GC threshold: 21.00 MB
Current GC threshold: 35.12 MB
CDS: on
MetaspaceReclaimPolicy: balanced
 - commit_granule_bytes: 65536.
 - commit_granule_words: 8192.
 - virtual_space_node_default_size: 1048576.
 - enlarge_chunks_in_place: 1.
 - new_chunks_are_fully_committed: 0.
 - uncommit_free_chunks: 1.
 - use_allocation_guard: 0.
 - handle_deallocations: 1.


Internal statistics:

num_allocs_failed_limit: 3.
num_arena_births: 484.
num_arena_deaths: 0.
num_vsnodes_births: 4.
num_vsnodes_deaths: 0.
num_space_committed: 438.
num_space_uncommitted: 0.
num_chunks_returned_to_freelist: 3.
num_chunks_taken_from_freelist: 1541.
num_chunk_merges: 3.
num_chunk_splits: 1055.
num_chunks_enlarged: 751.
num_purges: 0.
num_inconsistent_stats: 0.

CodeHeap 'non-profiled nmethods': size=120000Kb used=2528Kb max_used=2528Kb free=117471Kb
 bounds [0x0000015b38010000, 0x0000015b38290000, 0x0000015b3f540000]
CodeHeap 'profiled nmethods': size=120000Kb used=9780Kb max_used=9780Kb free=110219Kb
 bounds [0x0000015b30ae0000, 0x0000015b31470000, 0x0000015b38010000]
CodeHeap 'non-nmethods': size=5760Kb used=1263Kb max_used=1299Kb free=4497Kb
 bounds [0x0000015b30540000, 0x0000015b307b0000, 0x0000015b30ae0000]
 total_blobs=5318 nmethods=4750 adapters=479
 compilation: enabled
              stopped_count=0, restarted_count=0
 full_count=0

Compilation events (20 events):
Event: 9.264 Thread 0x0000015b4630d8d0 4799       2       java.lang.String::startsWith (138 bytes)
Event: 9.265 Thread 0x0000015b4630d8d0 nmethod 4799 0x0000015b31463410 code [0x0000015b314635e0, 0x0000015b314639b8]
Event: 9.265 Thread 0x0000015b4630d8d0 4800       2       java.lang.String::indexOf (64 bytes)
Event: 9.265 Thread 0x0000015b4630d8d0 nmethod 4800 0x0000015b31463b90 code [0x0000015b31463d60, 0x0000015b31463f88]
Event: 9.265 Thread 0x0000015b4630d8d0 4801   !   2       jdk.internal.reflect.GeneratedMethodAccessor28::invoke (66 bytes)
Event: 9.265 Thread 0x0000015b4630d8d0 nmethod 4801 0x0000015b31464090 code [0x0000015b314642a0, 0x0000015b314647b8]
Event: 9.266 Thread 0x0000015b4630d8d0 4803       2       java.util.regex.Pattern::split (288 bytes)
Event: 9.267 Thread 0x0000015b4630d8d0 nmethod 4803 0x0000015b31464b10 code [0x0000015b31464ea0, 0x0000015b314662e8]
Event: 9.267 Thread 0x0000015b4630d8d0 4807       2       java.lang.String::equals (56 bytes)
Event: 9.268 Thread 0x0000015b4630d8d0 nmethod 4807 0x0000015b31466e10 code [0x0000015b31466fc0, 0x0000015b314671e8]
Event: 9.268 Thread 0x0000015b4630d8d0 4805       2       com.salesforce.slds.tokens.registry.DesignTokenStylingHookMapping$$Lambda$529/0x0000000800f6e1c0::test (12 bytes)
Event: 9.268 Thread 0x0000015b4630d8d0 nmethod 4805 0x0000015b31467310 code [0x0000015b314674c0, 0x0000015b31467628]
Event: 9.268 Thread 0x0000015b4630d8d0 4806       2       com.salesforce.slds.tokens.registry.DesignTokenStylingHookMapping::lambda$setStylingHookOrCssValue$0 (6 bytes)
Event: 9.268 Thread 0x0000015b4630d8d0 nmethod 4806 0x0000015b31467710 code [0x0000015b314678a0, 0x0000015b314679a8]
Event: 9.268 Thread 0x0000015b4630d8d0 4808       2       java.util.stream.MatchOps$1MatchSink::accept (44 bytes)
Event: 9.268 Thread 0x0000015b4630d8d0 nmethod 4808 0x0000015b31467a90 code [0x0000015b31467c20, 0x0000015b31467d88]
Event: 9.331 Thread 0x0000015b4630d8d0 4809       2       java.util.concurrent.ConcurrentSkipListMap::baseHead (21 bytes)
Event: 9.331 Thread 0x0000015b4630d8d0 nmethod 4809 0x0000015b31467e90 code [0x0000015b31468020, 0x0000015b31468178]
Event: 9.332 Thread 0x0000015b4630d8d0 4810       2       java.util.concurrent.ConcurrentSkipListMap::findFirst (37 bytes)
Event: 9.332 Thread 0x0000015b4630d8d0 nmethod 4810 0x0000015b31468210 code [0x0000015b314683c0, 0x0000015b314685c8]

GC Heap History (20 events):
Event: 1.259 GC heap before
{Heap before GC invocations=0 (full 0):
 garbage-first heap   total 126976K, used 13312K [0x0000000084c00000, 0x0000000100000000)
  region size 1024K, 13 young (13312K), 0 survivors (0K)
 Metaspace       used 1865K, committed 2112K, reserved 1056768K
  class space    used 189K, committed 320K, reserved 1048576K
}
Event: 1.307 GC heap after
{Heap after GC invocations=1 (full 0):
 garbage-first heap   total 126976K, used 1816K [0x0000000084c00000, 0x0000000100000000)
  region size 1024K, 2 young (2048K), 2 survivors (2048K)
 Metaspace       used 1865K, committed 2112K, reserved 1056768K
  class space    used 189K, committed 320K, reserved 1048576K
}
Event: 2.910 GC heap before
{Heap before GC invocations=1 (full 0):
 garbage-first heap   total 126976K, used 19224K [0x0000000084c00000, 0x0000000100000000)
  region size 1024K, 19 young (19456K), 2 survivors (2048K)
 Metaspace       used 4473K, committed 4736K, reserved 1056768K
  class space    used 492K, committed 640K, reserved 1048576K
}
Event: 2.915 GC heap after
{Heap after GC invocations=2 (full 0):
 garbage-first heap   total 126976K, used 2816K [0x0000000084c00000, 0x0000000100000000)
  region size 1024K, 1 young (1024K), 1 survivors (1024K)
 Metaspace       used 4473K, committed 4736K, reserved 1056768K
  class space    used 492K, committed 640K, reserved 1048576K
}
Event: 4.732 GC heap before
{Heap before GC invocations=2 (full 0):
 garbage-first heap   total 126976K, used 77568K [0x0000000084c00000, 0x0000000100000000)
  region size 1024K, 74 young (75776K), 1 survivors (1024K)
 Metaspace       used 12097K, committed 12416K, reserved 1064960K
  class space    used 1535K, committed 1664K, reserved 1048576K
}
Event: 4.742 GC heap after
{Heap after GC invocations=3 (full 0):
 garbage-first heap   total 126976K, used 5518K [0x0000000084c00000, 0x0000000100000000)
  region size 1024K, 4 young (4096K), 4 survivors (4096K)
 Metaspace       used 12097K, committed 12416K, reserved 1064960K
  class space    used 1535K, committed 1664K, reserved 1048576K
}
Event: 6.782 GC heap before
{Heap before GC invocations=3 (full 0):
 garbage-first heap   total 126976K, used 77198K [0x0000000084c00000, 0x0000000100000000)
  region size 1024K, 74 young (75776K), 4 survivors (4096K)
 Metaspace       used 19697K, committed 20096K, reserved 1073152K
  class space    used 2385K, committed 2560K, reserved 1048576K
}
Event: 6.798 GC heap after
{Heap after GC invocations=4 (full 0):
 garbage-first heap   total 126976K, used 8813K [0x0000000084c00000, 0x0000000100000000)
  region size 1024K, 7 young (7168K), 7 survivors (7168K)
 Metaspace       used 19697K, committed 20096K, reserved 1073152K
  class space    used 2385K, committed 2560K, reserved 1048576K
}
Event: 7.091 GC heap before
{Heap before GC invocations=4 (full 0):
 garbage-first heap   total 126976K, used 15981K [0x0000000084c00000, 0x0000000100000000)
  region size 1024K, 15 young (15360K), 7 survivors (7168K)
 Metaspace       used 21134K, committed 21504K, reserved 1073152K
  class space    used 2545K, committed 2752K, reserved 1048576K
}
Event: 7.101 GC heap after
{Heap after GC invocations=5 (full 0):
 garbage-first heap   total 126976K, used 9229K [0x0000000084c00000, 0x0000000100000000)
  region size 1024K, 4 young (4096K), 4 survivors (4096K)
 Metaspace       used 21134K, committed 21504K, reserved 1073152K
  class space    used 2545K, committed 2752K, reserved 1048576K
}
Event: 7.410 GC heap before
{Heap before GC invocations=6 (full 0):
 garbage-first heap   total 37888K, used 28685K [0x0000000084c00000, 0x0000000100000000)
  region size 1024K, 24 young (24576K), 4 survivors (4096K)
 Metaspace       used 21273K, committed 21632K, reserved 1073152K
  class space    used 2552K, committed 2752K, reserved 1048576K
}
Event: 7.418 GC heap after
{Heap after GC invocations=7 (full 0):
 garbage-first heap   total 37888K, used 9998K [0x0000000084c00000, 0x0000000100000000)
  region size 1024K, 5 young (5120K), 5 survivors (5120K)
 Metaspace       used 21273K, committed 21632K, reserved 1073152K
  class space    used 2552K, committed 2752K, reserved 1048576K
}
Event: 7.423 GC heap before
{Heap before GC invocations=7 (full 0):
 garbage-first heap   total 37888K, used 11022K [0x0000000084c00000, 0x0000000100000000)
  region size 1024K, 6 young (6144K), 5 survivors (5120K)
 Metaspace       used 21273K, committed 21632K, reserved 1073152K
  class space    used 2552K, committed 2752K, reserved 1048576K
}
Event: 7.429 GC heap after
{Heap after GC invocations=8 (full 0):
 garbage-first heap   total 37888K, used 10245K [0x0000000084c00000, 0x0000000100000000)
  region size 1024K, 1 young (1024K), 1 survivors (1024K)
 Metaspace       used 21273K, committed 21632K, reserved 1073152K
  class space    used 2552K, committed 2752K, reserved 1048576K
}
Event: 7.461 GC heap before
{Heap before GC invocations=8 (full 0):
 garbage-first heap   total 37888K, used 27653K [0x0000000084c00000, 0x0000000100000000)
  region size 1024K, 18 young (18432K), 1 survivors (1024K)
 Metaspace       used 21277K, committed 21632K, reserved 1073152K
  class space    used 2552K, committed 2752K, reserved 1048576K
}
Event: 7.461 GC heap after
{Heap after GC invocations=9 (full 0):
 garbage-first heap   total 37888K, used 10024K [0x0000000084c00000, 0x0000000100000000)
  region size 1024K, 1 young (1024K), 1 survivors (1024K)
 Metaspace       used 21277K, committed 21632K, reserved 1073152K
  class space    used 2552K, committed 2752K, reserved 1048576K
}
Event: 7.496 GC heap before
{Heap before GC invocations=9 (full 0):
 garbage-first heap   total 37888K, used 28456K [0x0000000084c00000, 0x0000000100000000)
  region size 1024K, 19 young (19456K), 1 survivors (1024K)
 Metaspace       used 21277K, committed 21632K, reserved 1073152K
  class space    used 2552K, committed 2752K, reserved 1048576K
}
Event: 7.497 GC heap after
{Heap after GC invocations=10 (full 0):
 garbage-first heap   total 86016K, used 9859K [0x0000000084c00000, 0x0000000100000000)
  region size 1024K, 1 young (1024K), 1 survivors (1024K)
 Metaspace       used 21277K, committed 21632K, reserved 1073152K
  class space    used 2552K, committed 2752K, reserved 1048576K
}
Event: 8.865 GC heap before
{Heap before GC invocations=10 (full 0):
 garbage-first heap   total 86016K, used 60035K [0x0000000084c00000, 0x0000000100000000)
  region size 1024K, 50 young (51200K), 1 survivors (1024K)
 Metaspace       used 26738K, committed 27136K, reserved 1073152K
  class space    used 3231K, committed 3392K, reserved 1048576K
}
Event: 8.869 GC heap after
{Heap after GC invocations=11 (full 0):
 garbage-first heap   total 86016K, used 12182K [0x0000000084c00000, 0x0000000100000000)
  region size 1024K, 3 young (3072K), 3 survivors (3072K)
 Metaspace       used 26738K, committed 27136K, reserved 1073152K
  class space    used 3231K, committed 3392K, reserved 1048576K
}

Deoptimization events (20 events):
Event: 9.258 Thread 0x0000015b4911e6f0 DEOPT PACKING pc=0x0000015b3144cc56 sp=0x0000004d78bfe950
Event: 9.258 Thread 0x0000015b4911e6f0 DEOPT UNPACKING pc=0x0000015b30596763 sp=0x0000004d78bfddd8 mode 0
Event: 9.260 Thread 0x0000015b4911e6f0 DEOPT PACKING pc=0x0000015b3144cc56 sp=0x0000004d78bfe950
Event: 9.260 Thread 0x0000015b4911e6f0 DEOPT UNPACKING pc=0x0000015b30596763 sp=0x0000004d78bfddd8 mode 0
Event: 9.264 Thread 0x0000015b4911d3b0 Uncommon trap: trap_request=0xffffff45 fr.pc=0x0000015b380a78d0 relative=0x00000000000001d0
Event: 9.264 Thread 0x0000015b4911d3b0 Uncommon trap: reason=unstable_if action=reinterpret pc=0x0000015b380a78d0 method=java.lang.String.indexOf(Ljava/lang/String;)I @ 10 c2
Event: 9.264 Thread 0x0000015b4911d3b0 DEOPT PACKING pc=0x0000015b380a78d0 sp=0x0000004d788fe8b0
Event: 9.264 Thread 0x0000015b4911d3b0 DEOPT UNPACKING pc=0x0000015b30595c23 sp=0x0000004d788fe840 mode 2
Event: 9.264 Thread 0x0000015b4911d3b0 Uncommon trap: trap_request=0xffffff45 fr.pc=0x0000015b3817758c relative=0x000000000000018c
Event: 9.264 Thread 0x0000015b4911d3b0 Uncommon trap: reason=unstable_if action=reinterpret pc=0x0000015b3817758c method=java.lang.String.equals(Ljava/lang/Object;)Z @ 33 c2
Event: 9.264 Thread 0x0000015b4911d3b0 DEOPT PACKING pc=0x0000015b3817758c sp=0x0000004d788fe8b0
Event: 9.264 Thread 0x0000015b4911d3b0 DEOPT UNPACKING pc=0x0000015b30595c23 sp=0x0000004d788fe840 mode 2
Event: 9.264 Thread 0x0000015b4911d3b0 Uncommon trap: trap_request=0xffffff45 fr.pc=0x0000015b38130e3c relative=0x000000000000019c
Event: 9.264 Thread 0x0000015b4911d3b0 Uncommon trap: reason=unstable_if action=reinterpret pc=0x0000015b38130e3c method=java.lang.String.startsWith(Ljava/lang/String;I)Z @ 50 c2
Event: 9.264 Thread 0x0000015b4911d3b0 DEOPT PACKING pc=0x0000015b38130e3c sp=0x0000004d788fe8b0
Event: 9.264 Thread 0x0000015b4911d3b0 DEOPT UNPACKING pc=0x0000015b30595c23 sp=0x0000004d788fe810 mode 2
Event: 9.264 Thread 0x0000015b4911d3b0 Uncommon trap: trap_request=0xffffff45 fr.pc=0x0000015b3811f004 relative=0x0000000000000164
Event: 9.264 Thread 0x0000015b4911d3b0 Uncommon trap: reason=unstable_if action=reinterpret pc=0x0000015b3811f004 method=java.lang.String.startsWith(Ljava/lang/String;I)Z @ 50 c2
Event: 9.264 Thread 0x0000015b4911d3b0 DEOPT PACKING pc=0x0000015b3811f004 sp=0x0000004d788fe500
Event: 9.264 Thread 0x0000015b4911d3b0 DEOPT UNPACKING pc=0x0000015b30595c23 sp=0x0000004d788fe408 mode 2

Classes unloaded (0 events):
No events

Classes redefined (0 events):
No events

Internal exceptions (20 events):
Event: 6.810 Thread 0x0000015b28d2ccc0 Exception <a 'java/lang/IncompatibleClassChangeError'{0x000000008c70cb60}: Found class java.lang.Object, but interface was expected> (0x000000008c70cb60) 
thrown [t:\workspace\open\src\hotspot\share\interpreter\linkResolver.cpp, line 833]
Event: 6.814 Thread 0x0000015b28d2ccc0 Exception <a 'java/lang/ClassNotFoundException'{0x000000008c735348}: com/salesforce/slds/tokens/models/styleHooks/StyleHookGroupCustomizer> (0x000000008c735348) 
thrown [t:\workspace\open\src\hotspot\share\classfile\systemDictionary.cpp, line 256]
Event: 6.878 Thread 0x0000015b28d2ccc0 Exception <a 'java/lang/ClassNotFoundException'{0x000000008c7a6c80}: com/salesforce/slds/tokens/models/styleHooks/StyleHookBeanInfo> (0x000000008c7a6c80) 
thrown [t:\workspace\open\src\hotspot\share\classfile\systemDictionary.cpp, line 256]
Event: 6.879 Thread 0x0000015b28d2ccc0 Exception <a 'java/lang/ClassNotFoundException'{0x000000008c7bfe70}: com/salesforce/slds/tokens/models/styleHooks/StyleHookCustomizer> (0x000000008c7bfe70) 
thrown [t:\workspace\open\src\hotspot\share\classfile\systemDictionary.cpp, line 256]
Event: 8.075 Thread 0x0000015b28d2ccc0 Exception <a 'java/lang/NoSuchMethodError'{0x0000000088646f78}: 'int java.lang.invoke.DirectMethodHandle$Holder.invokeStatic(java.lang.Object, java.lang.Object, int)'> (0x0000000088646f78) 
thrown [t:\workspace\open\src\hotspot\share\interpreter\linkResolver.cpp, line 766]
Event: 8.243 Thread 0x0000015b4926fcc0 Exception <a 'java/lang/NoSuchMethodError'{0x000000008803bf88}: 'void java.lang.invoke.DirectMethodHandle$Holder.invokeSpecial(java.lang.Object, java.lang.Object, int, java.lang.Object)'> (0x000000008803bf88) 
thrown [t:\workspace\open\src\hotspot\share\interpreter\linkResolver.cpp, line 766]
Event: 8.243 Thread 0x0000015b4926fcc0 Exception <a 'java/lang/NoSuchMethodError'{0x0000000088042d70}: 'java.lang.Object java.lang.invoke.DirectMethodHandle$Holder.newInvokeSpecial(java.lang.Object, java.lang.Object, int)'> (0x0000000088042d70) 
thrown [t:\workspace\open\src\hotspot\share\interpreter\linkResolver.cpp, line 766]
Event: 8.832 Thread 0x0000015b28d2ccc0 Implicit null exception at 0x0000015b3818e1eb to 0x0000015b3818e678
Event: 8.872 Thread 0x0000015b28d2ccc0 Exception <a 'java/lang/ClassNotFoundException'{0x000000008c72d198}: com/salesforce/slds/shared/converters/colors/ColorConfigBeanInfo> (0x000000008c72d198) 
thrown [t:\workspace\open\src\hotspot\share\classfile\systemDictionary.cpp, line 256]
Event: 8.872 Thread 0x0000015b28d2ccc0 Exception <a 'java/lang/ClassNotFoundException'{0x000000008c743ce0}: com/salesforce/slds/shared/converters/colors/ColorConfigCustomizer> (0x000000008c743ce0) 
thrown [t:\workspace\open\src\hotspot\share\classfile\systemDictionary.cpp, line 256]
Event: 8.877 Thread 0x0000015b28d2ccc0 Exception <a 'java/lang/ClassNotFoundException'{0x000000008c763458}: com/salesforce/slds/shared/converters/colors/ColorConfig$StaticMappingBeanInfo> (0x000000008c763458) 
thrown [t:\workspace\open\src\hotspot\share\classfile\systemDictionary.cpp, line 256]
Event: 8.877 Thread 0x0000015b28d2ccc0 Exception <a 'java/lang/ClassNotFoundException'{0x000000008c77aaa0}: com/salesforce/slds/shared/converters/colors/ColorConfig$StaticMappingCustomizer> (0x000000008c77aaa0) 
thrown [t:\workspace\open\src\hotspot\share\classfile\systemDictionary.cpp, line 256]
Event: 8.891 Thread 0x0000015b28d2ccc0 Implicit null exception at 0x0000015b381fbee8 to 0x0000015b381fc418
Event: 8.984 Thread 0x0000015b28d2ccc0 Exception <a 'java/lang/ClassNotFoundException'{0x0000000089905878}: com/salesforce/slds/validation/validators/models/PropertiesBeanInfo> (0x0000000089905878) 
thrown [t:\workspace\open\src\hotspot\share\classfile\systemDictionary.cpp, line 256]
Event: 8.985 Thread 0x0000015b28d2ccc0 Exception <a 'java/lang/ClassNotFoundException'{0x000000008991c770}: com/salesforce/slds/validation/validators/models/PropertiesCustomizer> (0x000000008991c770) 
thrown [t:\workspace\open\src\hotspot\share\classfile\systemDictionary.cpp, line 256]
Event: 8.986 Thread 0x0000015b28d2ccc0 Exception <a 'java/lang/ClassNotFoundException'{0x000000008993bfb8}: com/salesforce/slds/validation/validators/models/Properties$ItemBeanInfo> (0x000000008993bfb8) 
thrown [t:\workspace\open\src\hotspot\share\classfile\systemDictionary.cpp, line 256]
Event: 8.987 Thread 0x0000015b28d2ccc0 Exception <a 'java/lang/ClassNotFoundException'{0x0000000089953110}: com/salesforce/slds/validation/validators/models/Properties$ItemCustomizer> (0x0000000089953110) 
thrown [t:\workspace\open\src\hotspot\share\classfile\systemDictionary.cpp, line 256]
Event: 9.230 Thread 0x0000015b28d2ccc0 Exception <a 'java/lang/NoSuchMethodError'{0x0000000088c1fff0}: 'void java.lang.invoke.DirectMethodHandle$Holder.invokeStatic(java.lang.Object, int, java.lang.Object)'> (0x0000000088c1fff0) 
thrown [t:\workspace\open\src\hotspot\share\interpreter\linkResolver.cpp, line 766]
Event: 9.232 Thread 0x0000015b28d2ccc0 Implicit null exception at 0x0000015b3825c930 to 0x0000015b3825c974
Event: 9.245 Thread 0x0000015b28d2ccc0 Implicit null exception at 0x0000015b3825e1b0 to 0x0000015b3825e1ca

VM Operations (20 events):
Event: 8.944 Executing VM operation: ICBufferFull
Event: 8.944 Executing VM operation: ICBufferFull done
Event: 8.946 Executing VM operation: ICBufferFull
Event: 8.946 Executing VM operation: ICBufferFull done
Event: 8.947 Executing VM operation: ICBufferFull
Event: 8.947 Executing VM operation: ICBufferFull done
Event: 8.948 Executing VM operation: ICBufferFull
Event: 8.948 Executing VM operation: ICBufferFull done
Event: 8.949 Executing VM operation: ICBufferFull
Event: 8.949 Executing VM operation: ICBufferFull done
Event: 8.950 Executing VM operation: ICBufferFull
Event: 8.950 Executing VM operation: ICBufferFull done
Event: 8.962 Executing VM operation: ICBufferFull
Event: 8.962 Executing VM operation: ICBufferFull done
Event: 9.218 Executing VM operation: HandshakeAllThreads
Event: 9.218 Executing VM operation: HandshakeAllThreads done
Event: 9.225 Executing VM operation: HandshakeAllThreads
Event: 9.225 Executing VM operation: HandshakeAllThreads done
Event: 9.226 Executing VM operation: HandshakeAllThreads
Event: 9.226 Executing VM operation: HandshakeAllThreads done

Events (20 events):
Event: 8.666 loading class java/util/concurrent/atomic/Striped64$Cell
Event: 8.666 loading class java/util/concurrent/atomic/Striped64$Cell done
Event: 8.764 Thread 0x0000015b4911d3b0 Thread exited: 0x0000015b4911d3b0
Event: 8.764 Thread 0x0000015b4911cee0 Thread exited: 0x0000015b4911cee0
Event: 8.876 loading class jdk/internal/math/FloatingDecimal$ASCIIToBinaryBuffer
Event: 8.876 loading class jdk/internal/math/FloatingDecimal$ASCIIToBinaryBuffer done
Event: 9.008 loading class java/util/stream/SpinedBuffer$1Splitr
Event: 9.008 loading class java/util/stream/SpinedBuffer$1Splitr done
Event: 9.231 Thread 0x0000015b4911d880 Thread added: 0x0000015b4911d880
Event: 9.231 Thread 0x0000015b4911dd50 Thread added: 0x0000015b4911dd50
Event: 9.231 Thread 0x0000015b4911d3b0 Thread added: 0x0000015b4911d3b0
Event: 9.231 Thread 0x0000015b4911e220 Thread added: 0x0000015b4911e220
Event: 9.232 Thread 0x0000015b4911f560 Thread added: 0x0000015b4911f560
Event: 9.232 Thread 0x0000015b4911e6f0 Thread added: 0x0000015b4911e6f0
Event: 9.267 Thread 0x0000015b4911d3b0 Thread exited: 0x0000015b4911d3b0
Event: 9.267 Thread 0x0000015b4911d880 Thread exited: 0x0000015b4911d880
Event: 9.271 Thread 0x0000015b4911e220 Thread exited: 0x0000015b4911e220
Event: 9.282 Thread 0x0000015b4911dd50 Thread exited: 0x0000015b4911dd50
Event: 9.376 Thread 0x0000015b4911f560 Thread exited: 0x0000015b4911f560
Event: 9.376 Thread 0x0000015b4911e6f0 Thread exited: 0x0000015b4911e6f0


Dynamic libraries:
0x00007ff737fb0000 - 0x00007ff737fc0000 	C:\Program Files\Java\jdk-17.0.1\bin\java.exe
0x00007ffca3950000 - 0x00007ffca3b45000 	C:\Windows\SYSTEM32\ntdll.dll
0x00007ffca2e50000 - 0x00007ffca2f0e000 	C:\Windows\System32\KERNEL32.DLL
0x00007ffca11a0000 - 0x00007ffca1468000 	C:\Windows\System32\KERNELBASE.dll
0x00007ffca1760000 - 0x00007ffca1860000 	C:\Windows\System32\ucrtbase.dll
0x00007ffc90080000 - 0x00007ffc90098000 	C:\Program Files\Java\jdk-17.0.1\bin\jli.dll
0x00007ffca1c40000 - 0x00007ffca1cee000 	C:\Windows\System32\ADVAPI32.dll
0x00007ffca1fb0000 - 0x00007ffca204e000 	C:\Windows\System32\msvcrt.dll
0x00007ffca1cf0000 - 0x00007ffca1d8c000 	C:\Windows\System32\sechost.dll
0x00007ffca3770000 - 0x00007ffca3895000 	C:\Windows\System32\RPCRT4.dll
0x00007ffca2f20000 - 0x00007ffca30c0000 	C:\Windows\System32\USER32.dll
0x00007ffca1970000 - 0x00007ffca1992000 	C:\Windows\System32\win32u.dll
0x00007ffca2e00000 - 0x00007ffca2e2b000 	C:\Windows\System32\GDI32.dll
0x00007ffca15d0000 - 0x00007ffca16dd000 	C:\Windows\System32\gdi32full.dll
0x00007ffca18d0000 - 0x00007ffca196d000 	C:\Windows\System32\msvcp_win.dll
0x00007ffc8ff00000 - 0x00007ffc8ff1a000 	C:\Program Files\Java\jdk-17.0.1\bin\VCRUNTIME140.dll
0x00007ffc8a220000 - 0x00007ffc8a4ba000 	C:\Windows\WinSxS\amd64_microsoft.windows.common-controls_6595b64144ccf1df_6.0.19041.1110_none_60b5254171f9507e\COMCTL32.dll
0x00007ffc90920000 - 0x00007ffc9092a000 	C:\Windows\SYSTEM32\VERSION.dll
0x00007ffca2050000 - 0x00007ffca2080000 	C:\Windows\System32\IMM32.DLL
0x00007ffc98650000 - 0x00007ffc9865c000 	C:\Program Files\Java\jdk-17.0.1\bin\vcruntime140_1.dll
0x00007ffc8e930000 - 0x00007ffc8e9bd000 	C:\Program Files\Java\jdk-17.0.1\bin\msvcp140.dll
0x00007ffc655a0000 - 0x00007ffc6615e000 	C:\Program Files\Java\jdk-17.0.1\bin\server\jvm.dll
0x00007ffca1fa0000 - 0x00007ffca1fa8000 	C:\Windows\System32\PSAPI.DLL
0x00007ffc8f950000 - 0x00007ffc8f959000 	C:\Windows\SYSTEM32\WSOCK32.dll
0x00007ffca38a0000 - 0x00007ffca390b000 	C:\Windows\System32\WS2_32.dll
0x00007ffc89f40000 - 0x00007ffc89f67000 	C:\Windows\SYSTEM32\WINMM.dll
0x00007ffc9f8e0000 - 0x00007ffc9f8f2000 	C:\Windows\SYSTEM32\kernel.appcore.dll
0x00007ffc8f810000 - 0x00007ffc8f81a000 	C:\Program Files\Java\jdk-17.0.1\bin\jimage.dll
0x00007ffc9ee40000 - 0x00007ffc9f024000 	C:\Windows\SYSTEM32\DBGHELP.DLL
0x00007ffc86b20000 - 0x00007ffc86b4c000 	C:\Windows\SYSTEM32\dbgcore.DLL
0x00007ffca1110000 - 0x00007ffca1192000 	C:\Windows\System32\bcryptPrimitives.dll
0x00007ffc8e900000 - 0x00007ffc8e925000 	C:\Program Files\Java\jdk-17.0.1\bin\java.dll
0x00007ffc7ea00000 - 0x00007ffc7ead6000 	C:\Program Files\Java\jdk-17.0.1\bin\svml.dll
0x00007ffca2590000 - 0x00007ffca2cd4000 	C:\Windows\System32\SHELL32.dll
0x00007ffc9f130000 - 0x00007ffc9f8c4000 	C:\Windows\SYSTEM32\windows.storage.dll
0x00007ffca30c0000 - 0x00007ffca3415000 	C:\Windows\System32\combase.dll
0x00007ffca0ab0000 - 0x00007ffca0ade000 	C:\Windows\SYSTEM32\Wldp.dll
0x00007ffca1a70000 - 0x00007ffca1b1d000 	C:\Windows\System32\SHCORE.dll
0x00007ffca2d90000 - 0x00007ffca2de5000 	C:\Windows\System32\shlwapi.dll
0x00007ffca0fa0000 - 0x00007ffca0fbf000 	C:\Windows\SYSTEM32\profapi.dll
0x00007ffc8f570000 - 0x00007ffc8f589000 	C:\Program Files\Java\jdk-17.0.1\bin\net.dll
0x00007ffc982a0000 - 0x00007ffc983ac000 	C:\Windows\SYSTEM32\WINHTTP.dll
0x00007ffca0810000 - 0x00007ffca087a000 	C:\Windows\system32\mswsock.dll
0x00007ffc8e8e0000 - 0x00007ffc8e8f5000 	C:\Program Files\Java\jdk-17.0.1\bin\nio.dll
0x00007ffc84fa0000 - 0x00007ffc84fb8000 	C:\Program Files\Java\jdk-17.0.1\bin\zip.dll
0x00007ffc8afe0000 - 0x00007ffc8aff0000 	C:\Program Files\Java\jdk-17.0.1\bin\verify.dll
0x00007ffca04f0000 - 0x00007ffca05bb000 	C:\Windows\SYSTEM32\DNSAPI.dll
0x00007ffca04b0000 - 0x00007ffca04eb000 	C:\Windows\SYSTEM32\IPHLPAPI.DLL
0x00007ffca2f10000 - 0x00007ffca2f18000 	C:\Windows\System32\NSI.dll
0x00007ffc93c10000 - 0x00007ffc93c1a000 	C:\Windows\System32\rasadhlp.dll
0x00007ffc8d810000 - 0x00007ffc8d88f000 	C:\Windows\System32\fwpuclnt.dll
0x00007ffca16e0000 - 0x00007ffca1707000 	C:\Windows\System32\bcrypt.dll

dbghelp: loaded successfully - version: 4.0.5 - missing functions: none
symbol engine: initialized successfully - sym options: 0x614 - pdb path: .;C:\Program Files\Java\jdk-17.0.1\bin;C:\Windows\SYSTEM32;C:\Windows\WinSxS\amd64_microsoft.windows.common-controls_6595b64144ccf1df_6.0.19041.1110_none_60b5254171f9507e;C:\Program Files\Java\jdk-17.0.1\bin\server

VM Arguments:
java_command: c:\Users\shiks\.vscode\extensions\salesforce.salesforce-vscode-slds-2.0.12\lsp-2.0.12-executable.jar --PORT=64014
java_class_path (initial): c:\Users\shiks\.vscode\extensions\salesforce.salesforce-vscode-slds-2.0.12\lsp-2.0.12-executable.jar
Launcher Type: SUN_STANDARD

[Global flags]
     intx CICompilerCount                          = 3                                         {product} {ergonomic}
     uint ConcGCThreads                            = 1                                         {product} {ergonomic}
     uint G1ConcRefinementThreads                  = 4                                         {product} {ergonomic}
   size_t G1HeapRegionSize                         = 1048576                                   {product} {ergonomic}
    uintx GCDrainStackTargetSize                   = 64                                        {product} {ergonomic}
   size_t InitialHeapSize                          = 130023424                                 {product} {ergonomic}
   size_t MarkStackSize                            = 4194304                                   {product} {ergonomic}
   size_t MaxHeapSize                              = 2067791872                                {product} {ergonomic}
   size_t MaxNewSize                               = 1240465408                                {product} {ergonomic}
   size_t MinHeapDeltaBytes                        = 1048576                                   {product} {ergonomic}
   size_t MinHeapSize                              = 8388608                                   {product} {ergonomic}
    uintx NonNMethodCodeHeapSize                   = 5832780                                {pd product} {ergonomic}
    uintx NonProfiledCodeHeapSize                  = 122912730                              {pd product} {ergonomic}
    uintx ProfiledCodeHeapSize                     = 122912730                              {pd product} {ergonomic}
    uintx ReservedCodeCacheSize                    = 251658240                              {pd product} {ergonomic}
     bool SegmentedCodeCache                       = true                                      {product} {ergonomic}
   size_t SoftMaxHeapSize                          = 2067791872                             {manageable} {ergonomic}
     bool UseCompressedClassPointers               = true                           {product lp64_product} {ergonomic}
     bool UseCompressedOops                        = true                           {product lp64_product} {ergonomic}
     bool UseG1GC                                  = true                                      {product} {ergonomic}
     bool UseLargePagesIndividualAllocation        = false                                  {pd product} {ergonomic}

Logging:
Log output configuration:
 #0: stdout all=warning uptime,level,tags
 #1: stderr all=off uptime,level,tags

Environment Variables:
JAVA_HOME=C:\Program Files\Java\jdk-17.0.1
PATH=C:\Program Files\Common Files\Oracle\Java\javapath;C:\Program Files (x86)\Common Files\Oracle\Java\java8path;C:\Program Files (x86)\Common Files\Oracle\Java\javapath;C:\Windows\system32;C:\Windows;C:\Windows\System32\Wbem;C:\Windows\System32\WindowsPowerShell\v1.0\;C:\Windows\System32\OpenSSH\;C:\apache-tomcat-9.0.62\bin;C:\Program Files\Java\jdk-17.0.1\bin;C:\Program Files\Java\jdk-17.0.1\bin;C:\Program Files\Git\cmd;C:\Users\shiks\AppData\Roaming\npm;C:\Program Files\MySQL\MySQL Server 8.0\bin;C:\Users\shiks\AppData\Local\nvm;C:\nvm4w\nodejs;C:\Program Files\MySQL\MySQL Shell 8.0\bin\;C:\Users\shiks\AppData\Local\Microsoft\WindowsApps;C:\Users\shiks\AppData\Local\Programs\Microsoft VS Code\bin;C:\Program Files\sfdx\bin;C:\MinGW\bin;C:\Users\shiks\AppData\Local\GitHubDesktop\bin;C:\Program Files\MySQL\MySQL Server 8.0\bin;C:\Program Files\JetBrains\IntelliJ IDEA Community Edition 2025.2\bin;C:\Users\shiks\AppData\Roaming\npm;C:\Users\shiks\AppData\Local\nvm;C:\nvm4w\nodejs
USERNAME=shiks
OS=Windows_NT
PROCESSOR_IDENTIFIER=Intel64 Family 6 Model 140 Stepping 1, GenuineIntel



---------------  S Y S T E M  ---------------

OS:
 Windows 10 , 64 bit Build 19041 (10.0.19041.1503)
OS uptime: 0 days 8:35 hours

CPU: total 4 (initial active 4) (2 cores per cpu, 2 threads per core) family 6 model 140 stepping 1 microcode 0x86, cx8, cmov, fxsr, ht, mmx, 3dnowpref, sse, sse2, sse3, ssse3, sse4.1, sse4.2, popcnt, lzcnt, tsc, tscinvbit, avx, avx2, aes, erms, clmul, bmi1, bmi2, adx, avx512f, avx512dq, avx512cd, avx512bw, avx512vl, sha, fma, vzeroupper, avx512_vpopcntdq, avx512_vpclmulqdq, avx512_vaes, avx512_vnni, clflush, clflushopt, clwb, avx512_vbmi2, avx512_vbmi

Memory: 4k page, system-wide physical 7886M (289M free)
TotalPageFile size 10602M (AvailPageFile size 18M)
current process WorkingSet (physical memory assigned to process): 188M, peak: 192M
current process commit charge ("private bytes"): 225M, peak: 257M

vm_info: Java HotSpot(TM) 64-Bit Server VM (17.0.1+12-LTS-39) for windows-amd64 JRE (17.0.1+12-LTS-39), built on Sep 27 2021 18:41:35 by "mach5one" with MS VC++ 16.8 (VS2019)

END.
