#
# There is insufficient memory for the Java Runtime Environment to continue.
# Native memory allocation (malloc) failed to allocate 65552 bytes for Chunk::new
# Possible reasons:
#   The system is out of physical RAM or swap space
#   The process is running with CompressedOops enabled, and the Java Heap may be blocking the growth of the native heap
# Possible solutions:
#   Reduce memory load on the system
#   Increase physical memory or swap space
#   Check if swap backing store is full
#   Decrease Java heap size (-Xmx/-Xms)
#   Decrease number of Java threads
#   Decrease Java thread stack sizes (-Xss)
#   Set larger code cache with -XX:ReservedCodeCacheSize=
#   JVM is running with Unscaled Compressed Oops mode in which the Java heap is
#     placed in the first 4GB address space. The Java Heap base address is the
#     maximum limit for the native heap growth. Please use -XX:HeapBaseMinAddress
#     to set the Java Heap base and to place the Java Heap above 4GB virtual address.
# This output file may be truncated or incomplete.
#
#  Out of Memory Error (arena.cpp:189), pid=2976, tid=260
#
# JRE version: Java(TM) SE Runtime Environment (17.0.1+12) (build 17.0.1+12-LTS-39)
# Java VM: Java HotSpot(TM) 64-Bit Server VM (17.0.1+12-LTS-39, mixed mode, sharing, tiered, compressed oops, compressed class ptrs, g1 gc, windows-amd64)
# No core dump will be written. Minidumps are not enabled by default on client versions of Windows
#

---------------  S U M M A R Y ------------

Command Line: c:\Users\shiks\.vscode\extensions\salesforce.salesforce-vscode-slds-2.0.12\lsp-2.0.12-executable.jar --PORT=64034

Host: 11th Gen Intel(R) Core(TM) i3-1115G4 @ 3.00GHz, 4 cores, 7G,  Windows 10 , 64 bit Build 19041 (10.0.19041.1503)
Time: Tue Oct  7 20:47:15 2025 India Standard Time elapsed time: 4.889774 seconds (0d 0h 0m 4s)

---------------  T H R E A D  ---------------

Current thread (0x000001afb4acd1c0):  JavaThread "C2 CompilerThread0" daemon [_thread_in_native, id=260, stack(0x00000079a8d00000,0x00000079a8e00000)]


Current CompileTask:
C2:   4889 1148   !   4       java.net.URL::<init> (543 bytes)

Stack: [0x00000079a8d00000,0x00000079a8e00000]
Native frames: (J=compiled Java code, j=interpreted, Vv=VM code, C=native code)
V  [jvm.dll+0x66fa1a]
V  [jvm.dll+0x7ce5a4]
V  [jvm.dll+0x7cfd4e]
V  [jvm.dll+0x7d03b3]
V  [jvm.dll+0x242b05]
V  [jvm.dll+0xaa05b]
V  [jvm.dll+0xaa5ec]
V  [jvm.dll+0xb5ccd]
V  [jvm.dll+0x578912]
V  [jvm.dll+0x21dd7d]
V  [jvm.dll+0x2176d9]
V  [jvm.dll+0x214f05]
V  [jvm.dll+0x1a168d]
V  [jvm.dll+0x224848]
V  [jvm.dll+0x2229ac]
V  [jvm.dll+0x78435b]
V  [jvm.dll+0x77e91a]
V  [jvm.dll+0x66e845]
C  [ucrtbase.dll+0x21bb2]
C  [KERNEL32.DLL+0x17034]
C  [ntdll.dll+0x52651]


---------------  P R O C E S S  ---------------

Threads class SMR info:
_java_thread_list=0x000001afb576f1a0, length=13, elements={
0x000001af974fc600, 0x000001afb4ab3790, 0x000001afb4ab4140, 0x000001afb4ac8710,
0x000001afb4ac90c0, 0x000001afb4acba80, 0x000001afb4acc430, 0x000001afb4acd1c0,
0x000001afb4acec10, 0x000001afb4b38530, 0x000001afb55834c0, 0x000001afb5587dd0,
0x000001afb5738ab0
}

Java Threads: ( => current thread )
  0x000001af974fc600 JavaThread "main" [_thread_in_native, id=12808, stack(0x00000079a8000000,0x00000079a8100000)]
  0x000001afb4ab3790 JavaThread "Reference Handler" daemon [_thread_blocked, id=10996, stack(0x00000079a8700000,0x00000079a8800000)]
  0x000001afb4ab4140 JavaThread "Finalizer" daemon [_thread_blocked, id=15892, stack(0x00000079a8800000,0x00000079a8900000)]
  0x000001afb4ac8710 JavaThread "Signal Dispatcher" daemon [_thread_blocked, id=4868, stack(0x00000079a8900000,0x00000079a8a00000)]
  0x000001afb4ac90c0 JavaThread "Attach Listener" daemon [_thread_blocked, id=15064, stack(0x00000079a8a00000,0x00000079a8b00000)]
  0x000001afb4acba80 JavaThread "Service Thread" daemon [_thread_blocked, id=4756, stack(0x00000079a8b00000,0x00000079a8c00000)]
  0x000001afb4acc430 JavaThread "Monitor Deflation Thread" daemon [_thread_blocked, id=2184, stack(0x00000079a8c00000,0x00000079a8d00000)]
=>0x000001afb4acd1c0 JavaThread "C2 CompilerThread0" daemon [_thread_in_native, id=260, stack(0x00000079a8d00000,0x00000079a8e00000)]
  0x000001afb4acec10 JavaThread "C1 CompilerThread0" daemon [_thread_blocked, id=7096, stack(0x00000079a8e00000,0x00000079a8f00000)]
  0x000001afb4b38530 JavaThread "Sweeper thread" daemon [_thread_blocked, id=3616, stack(0x00000079a8f00000,0x00000079a9000000)]
  0x000001afb55834c0 JavaThread "Notification Thread" daemon [_thread_blocked, id=12960, stack(0x00000079a9000000,0x00000079a9100000)]
  0x000001afb5587dd0 JavaThread "Common-Cleaner" daemon [_thread_blocked, id=3872, stack(0x00000079a9200000,0x00000079a9300000)]
  0x000001afb5738ab0 JavaThread "Cleaner-0" daemon [_thread_blocked, id=4408, stack(0x00000079a9300000,0x00000079a9400000)]

Other Threads:
  0x000001afb4aac980 VMThread "VM Thread" [stack: 0x00000079a8600000,0x00000079a8700000] [id=11644]
  0x000001afb55879a0 WatcherThread [stack: 0x00000079a9100000,0x00000079a9200000] [id=16136]
  0x000001af9753aa70 GCTaskThread "GC Thread#0" [stack: 0x00000079a8100000,0x00000079a8200000] [id=15440]
  0x000001afb5a75490 GCTaskThread "GC Thread#1" [stack: 0x00000079a9400000,0x00000079a9500000] [id=16756]
  0x000001afb5bd9260 GCTaskThread "GC Thread#2" [stack: 0x00000079a9500000,0x00000079a9600000] [id=7248]
  0x000001afb5bd9510 GCTaskThread "GC Thread#3" [stack: 0x00000079a9600000,0x00000079a9700000] [id=11632]
  0x000001af9754b030 ConcurrentGCThread "G1 Main Marker" [stack: 0x00000079a8200000,0x00000079a8300000] [id=16308]
  0x000001af9754ba40 ConcurrentGCThread "G1 Conc#0" [stack: 0x00000079a8300000,0x00000079a8400000] [id=7860]
  0x000001af975b1e70 ConcurrentGCThread "G1 Refine#0" [stack: 0x00000079a8400000,0x00000079a8500000] [id=2580]
  0x000001af975b2890 ConcurrentGCThread "G1 Service" [stack: 0x00000079a8500000,0x00000079a8600000] [id=11272]

Threads with active compile tasks:
C2 CompilerThread0     4909 1148   !   4       java.net.URL::<init> (543 bytes)

VM state: not at safepoint (normal execution)

VM Mutex/Monitor currently owned by a thread: None

Heap address: 0x0000000084c00000, size: 1972 MB, Compressed Oops mode: 32-bit

CDS archive(s) mapped at: [0x0000000800000000-0x0000000800bc0000-0x0000000800bc0000), size 12320768, SharedBaseAddress: 0x0000000800000000, ArchiveRelocationMode: 0.
Compressed class space mapped at: 0x0000000800c00000-0x0000000840c00000, reserved size: 1073741824
Narrow klass base: 0x0000000800000000, Narrow klass shift: 0, Narrow klass range: 0x100000000

GC Precious Log:
 CPUs: 4 total, 4 available
 Memory: 7886M
 Large Page Support: Disabled
 NUMA Support: Disabled
 Compressed Oops: Enabled (32-bit)
 Heap Region Size: 1M
 Heap Min Capacity: 8M
 Heap Initial Capacity: 124M
 Heap Max Capacity: 1972M
 Pre-touch: Disabled
 Parallel Workers: 4
 Concurrent Workers: 1
 Concurrent Refinement Workers: 4
 Periodic GC: Disabled

Heap:
 garbage-first heap   total 126976K, used 16160K [0x0000000084c00000, 0x0000000100000000)
  region size 1024K, 17 young (17408K), 2 survivors (2048K)
 Metaspace       used 3977K, committed 4224K, reserved 1056768K
  class space    used 429K, committed 512K, reserved 1048576K

Heap Regions: E=young(eden), S=young(survivor), O=old, HS=humongous(starts), HC=humongous(continues), CS=collection set, F=free, OA=open archive, CA=closed archive, TAMS=top-at-mark-start (previous, next)
|   0|0x0000000084c00000, 0x0000000084c00000, 0x0000000084d00000|  0%| F|  |TAMS 0x0000000084c00000, 0x0000000084c00000| Untracked 
|   1|0x0000000084d00000, 0x0000000084d00000, 0x0000000084e00000|  0%| F|  |TAMS 0x0000000084d00000, 0x0000000084d00000| Untracked 
|   2|0x0000000084e00000, 0x0000000084e00000, 0x0000000084f00000|  0%| F|  |TAMS 0x0000000084e00000, 0x0000000084e00000| Untracked 
|   3|0x0000000084f00000, 0x0000000084f00000, 0x0000000085000000|  0%| F|  |TAMS 0x0000000084f00000, 0x0000000084f00000| Untracked 
|   4|0x0000000085000000, 0x0000000085000000, 0x0000000085100000|  0%| F|  |TAMS 0x0000000085000000, 0x0000000085000000| Untracked 
|   5|0x0000000085100000, 0x0000000085100000, 0x0000000085200000|  0%| F|  |TAMS 0x0000000085100000, 0x0000000085100000| Untracked 
|   6|0x0000000085200000, 0x0000000085200000, 0x0000000085300000|  0%| F|  |TAMS 0x0000000085200000, 0x0000000085200000| Untracked 
|   7|0x0000000085300000, 0x0000000085300000, 0x0000000085400000|  0%| F|  |TAMS 0x0000000085300000, 0x0000000085300000| Untracked 
|   8|0x0000000085400000, 0x0000000085400000, 0x0000000085500000|  0%| F|  |TAMS 0x0000000085400000, 0x0000000085400000| Untracked 
|   9|0x0000000085500000, 0x0000000085500000, 0x0000000085600000|  0%| F|  |TAMS 0x0000000085500000, 0x0000000085500000| Untracked 
|  10|0x0000000085600000, 0x0000000085600000, 0x0000000085700000|  0%| F|  |TAMS 0x0000000085600000, 0x0000000085600000| Untracked 
|  11|0x0000000085700000, 0x0000000085700000, 0x0000000085800000|  0%| F|  |TAMS 0x0000000085700000, 0x0000000085700000| Untracked 
|  12|0x0000000085800000, 0x0000000085800000, 0x0000000085900000|  0%| F|  |TAMS 0x0000000085800000, 0x0000000085800000| Untracked 
|  13|0x0000000085900000, 0x0000000085900000, 0x0000000085a00000|  0%| F|  |TAMS 0x0000000085900000, 0x0000000085900000| Untracked 
|  14|0x0000000085a00000, 0x0000000085a00000, 0x0000000085b00000|  0%| F|  |TAMS 0x0000000085a00000, 0x0000000085a00000| Untracked 
|  15|0x0000000085b00000, 0x0000000085b00000, 0x0000000085c00000|  0%| F|  |TAMS 0x0000000085b00000, 0x0000000085b00000| Untracked 
|  16|0x0000000085c00000, 0x0000000085c00000, 0x0000000085d00000|  0%| F|  |TAMS 0x0000000085c00000, 0x0000000085c00000| Untracked 
|  17|0x0000000085d00000, 0x0000000085d00000, 0x0000000085e00000|  0%| F|  |TAMS 0x0000000085d00000, 0x0000000085d00000| Untracked 
|  18|0x0000000085e00000, 0x0000000085e00000, 0x0000000085f00000|  0%| F|  |TAMS 0x0000000085e00000, 0x0000000085e00000| Untracked 
|  19|0x0000000085f00000, 0x0000000085f00000, 0x0000000086000000|  0%| F|  |TAMS 0x0000000085f00000, 0x0000000085f00000| Untracked 
|  20|0x0000000086000000, 0x0000000086000000, 0x0000000086100000|  0%| F|  |TAMS 0x0000000086000000, 0x0000000086000000| Untracked 
|  21|0x0000000086100000, 0x0000000086100000, 0x0000000086200000|  0%| F|  |TAMS 0x0000000086100000, 0x0000000086100000| Untracked 
|  22|0x0000000086200000, 0x0000000086200000, 0x0000000086300000|  0%| F|  |TAMS 0x0000000086200000, 0x0000000086200000| Untracked 
|  23|0x0000000086300000, 0x0000000086300000, 0x0000000086400000|  0%| F|  |TAMS 0x0000000086300000, 0x0000000086300000| Untracked 
|  24|0x0000000086400000, 0x0000000086400000, 0x0000000086500000|  0%| F|  |TAMS 0x0000000086400000, 0x0000000086400000| Untracked 
|  25|0x0000000086500000, 0x0000000086500000, 0x0000000086600000|  0%| F|  |TAMS 0x0000000086500000, 0x0000000086500000| Untracked 
|  26|0x0000000086600000, 0x0000000086600000, 0x0000000086700000|  0%| F|  |TAMS 0x0000000086600000, 0x0000000086600000| Untracked 
|  27|0x0000000086700000, 0x0000000086700000, 0x0000000086800000|  0%| F|  |TAMS 0x0000000086700000, 0x0000000086700000| Untracked 
|  28|0x0000000086800000, 0x0000000086800000, 0x0000000086900000|  0%| F|  |TAMS 0x0000000086800000, 0x0000000086800000| Untracked 
|  29|0x0000000086900000, 0x0000000086900000, 0x0000000086a00000|  0%| F|  |TAMS 0x0000000086900000, 0x0000000086900000| Untracked 
|  30|0x0000000086a00000, 0x0000000086a00000, 0x0000000086b00000|  0%| F|  |TAMS 0x0000000086a00000, 0x0000000086a00000| Untracked 
|  31|0x0000000086b00000, 0x0000000086b00000, 0x0000000086c00000|  0%| F|  |TAMS 0x0000000086b00000, 0x0000000086b00000| Untracked 
|  32|0x0000000086c00000, 0x0000000086c00000, 0x0000000086d00000|  0%| F|  |TAMS 0x0000000086c00000, 0x0000000086c00000| Untracked 
|  33|0x0000000086d00000, 0x0000000086d00000, 0x0000000086e00000|  0%| F|  |TAMS 0x0000000086d00000, 0x0000000086d00000| Untracked 
|  34|0x0000000086e00000, 0x0000000086e00000, 0x0000000086f00000|  0%| F|  |TAMS 0x0000000086e00000, 0x0000000086e00000| Untracked 
|  35|0x0000000086f00000, 0x0000000086f00000, 0x0000000087000000|  0%| F|  |TAMS 0x0000000086f00000, 0x0000000086f00000| Untracked 
|  36|0x0000000087000000, 0x0000000087000000, 0x0000000087100000|  0%| F|  |TAMS 0x0000000087000000, 0x0000000087000000| Untracked 
|  37|0x0000000087100000, 0x0000000087100000, 0x0000000087200000|  0%| F|  |TAMS 0x0000000087100000, 0x0000000087100000| Untracked 
|  38|0x0000000087200000, 0x0000000087200000, 0x0000000087300000|  0%| F|  |TAMS 0x0000000087200000, 0x0000000087200000| Untracked 
|  39|0x0000000087300000, 0x0000000087300000, 0x0000000087400000|  0%| F|  |TAMS 0x0000000087300000, 0x0000000087300000| Untracked 
|  40|0x0000000087400000, 0x0000000087400000, 0x0000000087500000|  0%| F|  |TAMS 0x0000000087400000, 0x0000000087400000| Untracked 
|  41|0x0000000087500000, 0x0000000087500000, 0x0000000087600000|  0%| F|  |TAMS 0x0000000087500000, 0x0000000087500000| Untracked 
|  42|0x0000000087600000, 0x0000000087600000, 0x0000000087700000|  0%| F|  |TAMS 0x0000000087600000, 0x0000000087600000| Untracked 
|  43|0x0000000087700000, 0x0000000087700000, 0x0000000087800000|  0%| F|  |TAMS 0x0000000087700000, 0x0000000087700000| Untracked 
|  44|0x0000000087800000, 0x0000000087800000, 0x0000000087900000|  0%| F|  |TAMS 0x0000000087800000, 0x0000000087800000| Untracked 
|  45|0x0000000087900000, 0x0000000087900000, 0x0000000087a00000|  0%| F|  |TAMS 0x0000000087900000, 0x0000000087900000| Untracked 
|  46|0x0000000087a00000, 0x0000000087a00000, 0x0000000087b00000|  0%| F|  |TAMS 0x0000000087a00000, 0x0000000087a00000| Untracked 
|  47|0x0000000087b00000, 0x0000000087b00000, 0x0000000087c00000|  0%| F|  |TAMS 0x0000000087b00000, 0x0000000087b00000| Untracked 
|  48|0x0000000087c00000, 0x0000000087c00000, 0x0000000087d00000|  0%| F|  |TAMS 0x0000000087c00000, 0x0000000087c00000| Untracked 
|  49|0x0000000087d00000, 0x0000000087d00000, 0x0000000087e00000|  0%| F|  |TAMS 0x0000000087d00000, 0x0000000087d00000| Untracked 
|  50|0x0000000087e00000, 0x0000000087e00000, 0x0000000087f00000|  0%| F|  |TAMS 0x0000000087e00000, 0x0000000087e00000| Untracked 
|  51|0x0000000087f00000, 0x0000000087f00000, 0x0000000088000000|  0%| F|  |TAMS 0x0000000087f00000, 0x0000000087f00000| Untracked 
|  52|0x0000000088000000, 0x0000000088000000, 0x0000000088100000|  0%| F|  |TAMS 0x0000000088000000, 0x0000000088000000| Untracked 
|  53|0x0000000088100000, 0x0000000088100000, 0x0000000088200000|  0%| F|  |TAMS 0x0000000088100000, 0x0000000088100000| Untracked 
|  54|0x0000000088200000, 0x0000000088200000, 0x0000000088300000|  0%| F|  |TAMS 0x0000000088200000, 0x0000000088200000| Untracked 
|  55|0x0000000088300000, 0x0000000088300000, 0x0000000088400000|  0%| F|  |TAMS 0x0000000088300000, 0x0000000088300000| Untracked 
|  56|0x0000000088400000, 0x0000000088400000, 0x0000000088500000|  0%| F|  |TAMS 0x0000000088400000, 0x0000000088400000| Untracked 
|  57|0x0000000088500000, 0x0000000088500000, 0x0000000088600000|  0%| F|  |TAMS 0x0000000088500000, 0x0000000088500000| Untracked 
|  58|0x0000000088600000, 0x0000000088600000, 0x0000000088700000|  0%| F|  |TAMS 0x0000000088600000, 0x0000000088600000| Untracked 
|  59|0x0000000088700000, 0x0000000088700000, 0x0000000088800000|  0%| F|  |TAMS 0x0000000088700000, 0x0000000088700000| Untracked 
|  60|0x0000000088800000, 0x0000000088800000, 0x0000000088900000|  0%| F|  |TAMS 0x0000000088800000, 0x0000000088800000| Untracked 
|  61|0x0000000088900000, 0x0000000088900000, 0x0000000088a00000|  0%| F|  |TAMS 0x0000000088900000, 0x0000000088900000| Untracked 
|  62|0x0000000088a00000, 0x0000000088a00000, 0x0000000088b00000|  0%| F|  |TAMS 0x0000000088a00000, 0x0000000088a00000| Untracked 
|  63|0x0000000088b00000, 0x0000000088b00000, 0x0000000088c00000|  0%| F|  |TAMS 0x0000000088b00000, 0x0000000088b00000| Untracked 
|  64|0x0000000088c00000, 0x0000000088c00000, 0x0000000088d00000|  0%| F|  |TAMS 0x0000000088c00000, 0x0000000088c00000| Untracked 
|  65|0x0000000088d00000, 0x0000000088d00000, 0x0000000088e00000|  0%| F|  |TAMS 0x0000000088d00000, 0x0000000088d00000| Untracked 
|  66|0x0000000088e00000, 0x0000000088e00000, 0x0000000088f00000|  0%| F|  |TAMS 0x0000000088e00000, 0x0000000088e00000| Untracked 
|  67|0x0000000088f00000, 0x0000000088f00000, 0x0000000089000000|  0%| F|  |TAMS 0x0000000088f00000, 0x0000000088f00000| Untracked 
|  68|0x0000000089000000, 0x0000000089000000, 0x0000000089100000|  0%| F|  |TAMS 0x0000000089000000, 0x0000000089000000| Untracked 
|  69|0x0000000089100000, 0x0000000089100000, 0x0000000089200000|  0%| F|  |TAMS 0x0000000089100000, 0x0000000089100000| Untracked 
|  70|0x0000000089200000, 0x0000000089200000, 0x0000000089300000|  0%| F|  |TAMS 0x0000000089200000, 0x0000000089200000| Untracked 
|  71|0x0000000089300000, 0x0000000089300000, 0x0000000089400000|  0%| F|  |TAMS 0x0000000089300000, 0x0000000089300000| Untracked 
|  72|0x0000000089400000, 0x0000000089400000, 0x0000000089500000|  0%| F|  |TAMS 0x0000000089400000, 0x0000000089400000| Untracked 
|  73|0x0000000089500000, 0x0000000089500000, 0x0000000089600000|  0%| F|  |TAMS 0x0000000089500000, 0x0000000089500000| Untracked 
|  74|0x0000000089600000, 0x0000000089600000, 0x0000000089700000|  0%| F|  |TAMS 0x0000000089600000, 0x0000000089600000| Untracked 
|  75|0x0000000089700000, 0x0000000089700000, 0x0000000089800000|  0%| F|  |TAMS 0x0000000089700000, 0x0000000089700000| Untracked 
|  76|0x0000000089800000, 0x0000000089800000, 0x0000000089900000|  0%| F|  |TAMS 0x0000000089800000, 0x0000000089800000| Untracked 
|  77|0x0000000089900000, 0x0000000089900000, 0x0000000089a00000|  0%| F|  |TAMS 0x0000000089900000, 0x0000000089900000| Untracked 
|  78|0x0000000089a00000, 0x0000000089a00000, 0x0000000089b00000|  0%| F|  |TAMS 0x0000000089a00000, 0x0000000089a00000| Untracked 
|  79|0x0000000089b00000, 0x0000000089b00000, 0x0000000089c00000|  0%| F|  |TAMS 0x0000000089b00000, 0x0000000089b00000| Untracked 
|  80|0x0000000089c00000, 0x0000000089c00000, 0x0000000089d00000|  0%| F|  |TAMS 0x0000000089c00000, 0x0000000089c00000| Untracked 
|  81|0x0000000089d00000, 0x0000000089d00000, 0x0000000089e00000|  0%| F|  |TAMS 0x0000000089d00000, 0x0000000089d00000| Untracked 
|  82|0x0000000089e00000, 0x0000000089e00000, 0x0000000089f00000|  0%| F|  |TAMS 0x0000000089e00000, 0x0000000089e00000| Untracked 
|  83|0x0000000089f00000, 0x0000000089f00000, 0x000000008a000000|  0%| F|  |TAMS 0x0000000089f00000, 0x0000000089f00000| Untracked 
|  84|0x000000008a000000, 0x000000008a000000, 0x000000008a100000|  0%| F|  |TAMS 0x000000008a000000, 0x000000008a000000| Untracked 
|  85|0x000000008a100000, 0x000000008a100000, 0x000000008a200000|  0%| F|  |TAMS 0x000000008a100000, 0x000000008a100000| Untracked 
|  86|0x000000008a200000, 0x000000008a200000, 0x000000008a300000|  0%| F|  |TAMS 0x000000008a200000, 0x000000008a200000| Untracked 
|  87|0x000000008a300000, 0x000000008a300000, 0x000000008a400000|  0%| F|  |TAMS 0x000000008a300000, 0x000000008a300000| Untracked 
|  88|0x000000008a400000, 0x000000008a400000, 0x000000008a500000|  0%| F|  |TAMS 0x000000008a400000, 0x000000008a400000| Untracked 
|  89|0x000000008a500000, 0x000000008a500000, 0x000000008a600000|  0%| F|  |TAMS 0x000000008a500000, 0x000000008a500000| Untracked 
|  90|0x000000008a600000, 0x000000008a600000, 0x000000008a700000|  0%| F|  |TAMS 0x000000008a600000, 0x000000008a600000| Untracked 
|  91|0x000000008a700000, 0x000000008a700000, 0x000000008a800000|  0%| F|  |TAMS 0x000000008a700000, 0x000000008a700000| Untracked 
|  92|0x000000008a800000, 0x000000008a800000, 0x000000008a900000|  0%| F|  |TAMS 0x000000008a800000, 0x000000008a800000| Untracked 
|  93|0x000000008a900000, 0x000000008a900000, 0x000000008aa00000|  0%| F|  |TAMS 0x000000008a900000, 0x000000008a900000| Untracked 
|  94|0x000000008aa00000, 0x000000008aa00000, 0x000000008ab00000|  0%| F|  |TAMS 0x000000008aa00000, 0x000000008aa00000| Untracked 
|  95|0x000000008ab00000, 0x000000008ab00000, 0x000000008ac00000|  0%| F|  |TAMS 0x000000008ab00000, 0x000000008ab00000| Untracked 
|  96|0x000000008ac00000, 0x000000008ac00000, 0x000000008ad00000|  0%| F|  |TAMS 0x000000008ac00000, 0x000000008ac00000| Untracked 
|  97|0x000000008ad00000, 0x000000008ad00000, 0x000000008ae00000|  0%| F|  |TAMS 0x000000008ad00000, 0x000000008ad00000| Untracked 
|  98|0x000000008ae00000, 0x000000008ae00000, 0x000000008af00000|  0%| F|  |TAMS 0x000000008ae00000, 0x000000008ae00000| Untracked 
|  99|0x000000008af00000, 0x000000008af00000, 0x000000008b000000|  0%| F|  |TAMS 0x000000008af00000, 0x000000008af00000| Untracked 
| 100|0x000000008b000000, 0x000000008b000000, 0x000000008b100000|  0%| F|  |TAMS 0x000000008b000000, 0x000000008b000000| Untracked 
| 101|0x000000008b100000, 0x000000008b100000, 0x000000008b200000|  0%| F|  |TAMS 0x000000008b100000, 0x000000008b100000| Untracked 
| 102|0x000000008b200000, 0x000000008b200000, 0x000000008b300000|  0%| F|  |TAMS 0x000000008b200000, 0x000000008b200000| Untracked 
| 103|0x000000008b300000, 0x000000008b300000, 0x000000008b400000|  0%| F|  |TAMS 0x000000008b300000, 0x000000008b300000| Untracked 
| 104|0x000000008b400000, 0x000000008b400000, 0x000000008b500000|  0%| F|  |TAMS 0x000000008b400000, 0x000000008b400000| Untracked 
| 105|0x000000008b500000, 0x000000008b500000, 0x000000008b600000|  0%| F|  |TAMS 0x000000008b500000, 0x000000008b500000| Untracked 
| 106|0x000000008b600000, 0x000000008b600000, 0x000000008b700000|  0%| F|  |TAMS 0x000000008b600000, 0x000000008b600000| Untracked 
| 107|0x000000008b700000, 0x000000008b7ab178, 0x000000008b800000| 66%| E|  |TAMS 0x000000008b700000, 0x000000008b700000| Complete 
| 108|0x000000008b800000, 0x000000008b900000, 0x000000008b900000|100%| E|CS|TAMS 0x000000008b800000, 0x000000008b800000| Complete 
| 109|0x000000008b900000, 0x000000008b9c8030, 0x000000008ba00000| 78%| S|CS|TAMS 0x000000008b900000, 0x000000008b900000| Complete 
| 110|0x000000008ba00000, 0x000000008bb00000, 0x000000008bb00000|100%| S|CS|TAMS 0x000000008ba00000, 0x000000008ba00000| Complete 
| 111|0x000000008bb00000, 0x000000008bc00000, 0x000000008bc00000|100%| E|CS|TAMS 0x000000008bb00000, 0x000000008bb00000| Complete 
| 112|0x000000008bc00000, 0x000000008bd00000, 0x000000008bd00000|100%| E|CS|TAMS 0x000000008bc00000, 0x000000008bc00000| Complete 
| 113|0x000000008bd00000, 0x000000008be00000, 0x000000008be00000|100%| E|CS|TAMS 0x000000008bd00000, 0x000000008bd00000| Complete 
| 114|0x000000008be00000, 0x000000008bf00000, 0x000000008bf00000|100%| E|CS|TAMS 0x000000008be00000, 0x000000008be00000| Complete 
| 115|0x000000008bf00000, 0x000000008c000000, 0x000000008c000000|100%| E|CS|TAMS 0x000000008bf00000, 0x000000008bf00000| Complete 
| 116|0x000000008c000000, 0x000000008c100000, 0x000000008c100000|100%| E|CS|TAMS 0x000000008c000000, 0x000000008c000000| Complete 
| 117|0x000000008c100000, 0x000000008c200000, 0x000000008c200000|100%| E|CS|TAMS 0x000000008c100000, 0x000000008c100000| Complete 
| 118|0x000000008c200000, 0x000000008c300000, 0x000000008c300000|100%| E|CS|TAMS 0x000000008c200000, 0x000000008c200000| Complete 
| 119|0x000000008c300000, 0x000000008c400000, 0x000000008c400000|100%| E|CS|TAMS 0x000000008c300000, 0x000000008c300000| Complete 
| 120|0x000000008c400000, 0x000000008c500000, 0x000000008c500000|100%| E|CS|TAMS 0x000000008c400000, 0x000000008c400000| Complete 
| 121|0x000000008c500000, 0x000000008c600000, 0x000000008c600000|100%| E|CS|TAMS 0x000000008c500000, 0x000000008c500000| Complete 
| 122|0x000000008c600000, 0x000000008c700000, 0x000000008c700000|100%| E|CS|TAMS 0x000000008c600000, 0x000000008c600000| Complete 
| 123|0x000000008c700000, 0x000000008c800000, 0x000000008c800000|100%| E|CS|TAMS 0x000000008c700000, 0x000000008c700000| Complete 

Card table byte_map: [0x000001afae0f0000,0x000001afae4d0000] _byte_map_base: 0x000001afadcca000

Marking Bits (Prev, Next): (CMBitMap*) 0x000001af9753b080, (CMBitMap*) 0x000001af9753b0c0
 Prev Bits: [0x000001afae8b0000, 0x000001afb0780000)
 Next Bits: [0x000001afb0780000, 0x000001afb2650000)

Polling page: 0x000001af95460000

Metaspace:

Usage:
  Non-class:      3.47 MB used.
      Class:    429.18 KB used.
       Both:      3.88 MB used.

Virtual space:
  Non-class space:        8.00 MB reserved,       3.62 MB ( 45%) committed,  1 nodes.
      Class space:        1.00 GB reserved,     512.00 KB ( <1%) committed,  1 nodes.
             Both:        1.01 GB reserved,       4.12 MB ( <1%) committed. 

Chunk freelists:
   Non-Class:  2.23 MB
       Class:  3.44 MB
        Both:  5.67 MB

MaxMetaspaceSize: unlimited
CompressedClassSpaceSize: 1.00 GB
Initial GC threshold: 21.00 MB
Current GC threshold: 21.00 MB
CDS: on
MetaspaceReclaimPolicy: balanced
 - commit_granule_bytes: 65536.
 - commit_granule_words: 8192.
 - virtual_space_node_default_size: 1048576.
 - enlarge_chunks_in_place: 1.
 - new_chunks_are_fully_committed: 0.
 - uncommit_free_chunks: 1.
 - use_allocation_guard: 0.
 - handle_deallocations: 1.


Internal statistics:

num_allocs_failed_limit: 0.
num_arena_births: 192.
num_arena_deaths: 0.
num_vsnodes_births: 2.
num_vsnodes_deaths: 0.
num_space_committed: 66.
num_space_uncommitted: 0.
num_chunks_returned_to_freelist: 0.
num_chunks_taken_from_freelist: 327.
num_chunk_merges: 0.
num_chunk_splits: 201.
num_chunks_enlarged: 117.
num_purges: 0.
num_inconsistent_stats: 0.

CodeHeap 'non-profiled nmethods': size=120000Kb used=549Kb max_used=549Kb free=119450Kb
 bounds [0x000001afa67e0000, 0x000001afa6a50000, 0x000001afadd10000]
CodeHeap 'profiled nmethods': size=120000Kb used=2201Kb max_used=2201Kb free=117798Kb
 bounds [0x000001af9f2b0000, 0x000001af9f520000, 0x000001afa67e0000]
CodeHeap 'non-nmethods': size=5760Kb used=1160Kb max_used=1207Kb free=4599Kb
 bounds [0x000001af9ed10000, 0x000001af9ef80000, 0x000001af9f2b0000]
 total_blobs=1672 nmethods=1234 adapters=351
 compilation: enabled
              stopped_count=0, restarted_count=0
 full_count=0

Compilation events (20 events):
Event: 4.799 Thread 0x000001afb4acec10 1234       3       java.lang.invoke.MethodHandles$Lookup::checkAccess (232 bytes)
Event: 4.800 Thread 0x000001afb4acec10 nmethod 1234 0x000001af9f4cfb90 code [0x000001af9f4cfe80, 0x000001af9f4d0f18]
Event: 4.800 Thread 0x000001afb4acec10 1235       3       java.lang.invoke.DirectMethodHandle::<init> (148 bytes)
Event: 4.801 Thread 0x000001afb4acec10 nmethod 1235 0x000001af9f4d1390 code [0x000001af9f4d1640, 0x000001af9f4d2588]
Event: 4.801 Thread 0x000001afb4acec10 1236       1       java.util.concurrent.CopyOnWriteArrayList::setArray (6 bytes)
Event: 4.801 Thread 0x000001afb4acec10 nmethod 1236 0x000001afa685b710 code [0x000001afa685b8a0, 0x000001afa685b9b8]
Event: 4.806 Thread 0x000001afb4acec10 1237       3       java.nio.ByteBuffer::<init> (47 bytes)
Event: 4.807 Thread 0x000001afb4acec10 nmethod 1237 0x000001af9f4d2a90 code [0x000001af9f4d2c40, 0x000001af9f4d2e68]
Event: 4.807 Thread 0x000001afb4acec10 1238       3       java.net.JarURLConnection::<init> (11 bytes)
Event: 4.808 Thread 0x000001afb4acec10 nmethod 1238 0x000001af9f4d2f90 code [0x000001af9f4d3140, 0x000001af9f4d32b8]
Event: 4.808 Thread 0x000001afb4acec10 1239       3       java.net.JarURLConnection::parseSpecs (134 bytes)
Event: 4.809 Thread 0x000001afb4acec10 nmethod 1239 0x000001af9f4d3390 code [0x000001af9f4d36a0, 0x000001af9f4d45e8]
Event: 4.809 Thread 0x000001afb4acec10 1240       3       java.util.jar.Attributes::getValue (9 bytes)
Event: 4.809 Thread 0x000001afb4acec10 nmethod 1240 0x000001af9f4d4b90 code [0x000001af9f4d4d40, 0x000001af9f4d5068]
Event: 4.809 Thread 0x000001afb4acec10 1241   !   3       java.util.zip.Inflater::needsInput (55 bytes)
Event: 4.810 Thread 0x000001afb4acec10 nmethod 1241 0x000001af9f4d5190 code [0x000001af9f4d5340, 0x000001af9f4d56f8]
Event: 4.810 Thread 0x000001afb4acec10 1242   !   3       org.springframework.boot.loader.net.protocol.jar.JarUrlClassLoader::definePackageIfNecessary (55 bytes)
Event: 4.811 Thread 0x000001afb4acec10 nmethod 1242 0x000001af9f4d5810 code [0x000001af9f4d5a60, 0x000001af9f4d61c8]
Event: 4.868 Thread 0x000001afb4acd1c0 nmethod 1144 0x000001afa685ba10 code [0x000001afa685c100, 0x000001afa68647d8]
Event: 4.869 Thread 0x000001afb4acd1c0 1148   !   4       java.net.URL::<init> (543 bytes)

GC Heap History (2 events):
Event: 3.716 GC heap before
{Heap before GC invocations=0 (full 0):
 garbage-first heap   total 126976K, used 13312K [0x0000000084c00000, 0x0000000100000000)
  region size 1024K, 13 young (13312K), 0 survivors (0K)
 Metaspace       used 1879K, committed 2112K, reserved 1056768K
  class space    used 189K, committed 320K, reserved 1048576K
}
Event: 3.811 GC heap after
{Heap after GC invocations=1 (full 0):
 garbage-first heap   total 126976K, used 1824K [0x0000000084c00000, 0x0000000100000000)
  region size 1024K, 2 young (2048K), 2 survivors (2048K)
 Metaspace       used 1879K, committed 2112K, reserved 1056768K
  class space    used 189K, committed 320K, reserved 1048576K
}

Deoptimization events (20 events):
Event: 4.398 Thread 0x000001af974fc600 Uncommon trap: trap_request=0xffffffde fr.pc=0x000001afa683fecc relative=0x000000000000114c
Event: 4.398 Thread 0x000001af974fc600 Uncommon trap: reason=class_check action=maybe_recompile pc=0x000001afa683fecc method=java.net.URL.hashCode()I @ 19 c2
Event: 4.398 Thread 0x000001af974fc600 DEOPT PACKING pc=0x000001afa683fecc sp=0x00000079a80fc330
Event: 4.398 Thread 0x000001af974fc600 DEOPT UNPACKING pc=0x000001af9ed65c23 sp=0x00000079a80fc338 mode 2
Event: 4.399 Thread 0x000001af974fc600 Uncommon trap: trap_request=0xffffff66 fr.pc=0x000001afa683ca00 relative=0x0000000000000680
Event: 4.399 Thread 0x000001af974fc600 Uncommon trap: reason=speculate_class_check action=maybe_recompile pc=0x000001afa683ca00 method=java.net.URLStreamHandler.equals(Ljava/net/URL;Ljava/net/URL;)Z @ 17 c2
Event: 4.399 Thread 0x000001af974fc600 DEOPT PACKING pc=0x000001afa683ca00 sp=0x00000079a80fc480
Event: 4.399 Thread 0x000001af974fc600 DEOPT UNPACKING pc=0x000001af9ed65c23 sp=0x00000079a80fc3d8 mode 2
Event: 4.399 Thread 0x000001af974fc600 Uncommon trap: trap_request=0xffffff66 fr.pc=0x000001afa683ca00 relative=0x0000000000000680
Event: 4.399 Thread 0x000001af974fc600 Uncommon trap: reason=speculate_class_check action=maybe_recompile pc=0x000001afa683ca00 method=java.net.URLStreamHandler.equals(Ljava/net/URL;Ljava/net/URL;)Z @ 17 c2
Event: 4.399 Thread 0x000001af974fc600 DEOPT PACKING pc=0x000001afa683ca00 sp=0x00000079a80fc480
Event: 4.399 Thread 0x000001af974fc600 DEOPT UNPACKING pc=0x000001af9ed65c23 sp=0x00000079a80fc3d8 mode 2
Event: 4.399 Thread 0x000001af974fc600 Uncommon trap: trap_request=0xffffff66 fr.pc=0x000001afa683ca00 relative=0x0000000000000680
Event: 4.399 Thread 0x000001af974fc600 Uncommon trap: reason=speculate_class_check action=maybe_recompile pc=0x000001afa683ca00 method=java.net.URLStreamHandler.equals(Ljava/net/URL;Ljava/net/URL;)Z @ 17 c2
Event: 4.399 Thread 0x000001af974fc600 DEOPT PACKING pc=0x000001afa683ca00 sp=0x00000079a80fc480
Event: 4.399 Thread 0x000001af974fc600 DEOPT UNPACKING pc=0x000001af9ed65c23 sp=0x00000079a80fc3d8 mode 2
Event: 4.399 Thread 0x000001af974fc600 Uncommon trap: trap_request=0xffffff66 fr.pc=0x000001afa683ca00 relative=0x0000000000000680
Event: 4.399 Thread 0x000001af974fc600 Uncommon trap: reason=speculate_class_check action=maybe_recompile pc=0x000001afa683ca00 method=java.net.URLStreamHandler.equals(Ljava/net/URL;Ljava/net/URL;)Z @ 17 c2
Event: 4.399 Thread 0x000001af974fc600 DEOPT PACKING pc=0x000001afa683ca00 sp=0x00000079a80fc480
Event: 4.399 Thread 0x000001af974fc600 DEOPT UNPACKING pc=0x000001af9ed65c23 sp=0x00000079a80fc3d8 mode 2

Classes unloaded (0 events):
No events

Classes redefined (0 events):
No events

Internal exceptions (20 events):
Event: 2.761 Thread 0x000001af974fc600 Exception <a 'java/lang/NoSuchMethodError'{0x000000008c4261d8}: 'int java.lang.invoke.DirectMethodHandle$Holder.invokeVirtual(java.lang.Object, java.lang.Object)'> (0x000000008c4261d8) 
thrown [t:\workspace\open\src\hotspot\share\interpreter\linkResolver.cpp, line 766]
Event: 2.761 Thread 0x000001af974fc600 Exception <a 'java/lang/NoSuchMethodError'{0x000000008c42a950}: 'int java.lang.invoke.DirectMethodHandle$Holder.invokeStaticInit(java.lang.Object, java.lang.Object, java.lang.Object)'> (0x000000008c42a950) 
thrown [t:\workspace\open\src\hotspot\share\interpreter\linkResolver.cpp, line 766]
Event: 2.762 Thread 0x000001af974fc600 Exception <a 'java/lang/NoSuchMethodError'{0x000000008c42e948}: 'int java.lang.invoke.DirectMethodHandle$Holder.invokeStaticInit(java.lang.Object, int, int)'> (0x000000008c42e948) 
thrown [t:\workspace\open\src\hotspot\share\interpreter\linkResolver.cpp, line 766]
Event: 2.763 Thread 0x000001af974fc600 Exception <a 'java/lang/NoSuchMethodError'{0x000000008c4362b8}: 'int java.lang.invoke.DirectMethodHandle$Holder.invokeStaticInit(java.lang.Object, long, long)'> (0x000000008c4362b8) 
thrown [t:\workspace\open\src\hotspot\share\interpreter\linkResolver.cpp, line 766]
Event: 2.764 Thread 0x000001af974fc600 Exception <a 'java/lang/NoSuchMethodError'{0x000000008c43d108}: 'int java.lang.invoke.DirectMethodHandle$Holder.invokeStaticInit(java.lang.Object, float, float)'> (0x000000008c43d108) 
thrown [t:\workspace\open\src\hotspot\share\interpreter\linkResolver.cpp, line 766]
Event: 2.765 Thread 0x000001af974fc600 Exception <a 'java/lang/NoSuchMethodError'{0x000000008c4442d8}: 'int java.lang.invoke.DirectMethodHandle$Holder.invokeStaticInit(java.lang.Object, double, double)'> (0x000000008c4442d8) 
thrown [t:\workspace\open\src\hotspot\share\interpreter\linkResolver.cpp, line 766]
Event: 2.766 Thread 0x000001af974fc600 Exception <a 'java/lang/NoSuchMethodError'{0x000000008c448df0}: 'int java.lang.invoke.DirectMethodHandle$Holder.invokeStatic(java.lang.Object, long)'> (0x000000008c448df0) 
thrown [t:\workspace\open\src\hotspot\share\interpreter\linkResolver.cpp, line 766]
Event: 2.776 Thread 0x000001af974fc600 Exception <a 'java/lang/NoSuchMethodError'{0x000000008c46d328}: 'int java.lang.invoke.Invokers$Holder.linkToTargetMethod(java.lang.Object, java.lang.Object)'> (0x000000008c46d328) 
thrown [t:\workspace\open\src\hotspot\share\interpreter\linkResolver.cpp, line 766]
Event: 2.854 Thread 0x000001af974fc600 Exception <a 'java/lang/NoSuchMethodError'{0x000000008c4f5af8}: 'java.lang.Object java.lang.invoke.DirectMethodHandle$Holder.invokeSpecial(java.lang.Object, java.lang.Object, int, java.lang.Object, java.lang.Object)'> (0x000000008c4f5af8) 
thrown [t:\workspace\open\src\hotspot\share\interpreter\linkResolver.cpp, line 766]
Event: 2.855 Thread 0x000001af974fc600 Exception <a 'java/lang/NoSuchMethodError'{0x000000008c4f96e8}: 'java.lang.Object java.lang.invoke.DelegatingMethodHandle$Holder.delegate(java.lang.Object, int, java.lang.Object, java.lang.Object)'> (0x000000008c4f96e8) 
thrown [t:\workspace\open\src\hotspot\share\interpreter\linkResolver.cpp, line 766]
Event: 2.858 Thread 0x000001af974fc600 Exception <a 'java/lang/NoSuchMethodError'{0x000000008c30ab00}: 'int java.lang.invoke.Invokers$Holder.linkToTargetMethod(java.lang.Object, java.lang.Object, java.lang.Object)'> (0x000000008c30ab00) 
thrown [t:\workspace\open\src\hotspot\share\interpreter\linkResolver.cpp, line 766]
Event: 2.866 Thread 0x000001af974fc600 Exception <a 'java/lang/NoSuchMethodError'{0x000000008c331d20}: 'void java.lang.invoke.DirectMethodHandle$Holder.invokeSpecial(java.lang.Object, java.lang.Object, java.lang.Object, java.lang.Object, java.lang.Object)'> (0x000000008c331d20) 
thrown [t:\workspace\open\src\hotspot\share\interpreter\linkResolver.cpp, line 766]
Event: 2.913 Thread 0x000001af974fc600 Exception <a 'java/lang/NoSuchMethodError'{0x000000008c397f90}: 'java.lang.Object java.lang.invoke.DirectMethodHandle$Holder.invokeStaticInit(java.lang.Object, int)'> (0x000000008c397f90) 
thrown [t:\workspace\open\src\hotspot\share\interpreter\linkResolver.cpp, line 766]
Event: 4.158 Thread 0x000001af974fc600 Exception <a 'java/lang/NoSuchMethodError'{0x000000008c350310}: 'void java.lang.invoke.DirectMethodHandle$Holder.invokeVirtual(java.lang.Object, java.lang.Object)'> (0x000000008c350310) 
thrown [t:\workspace\open\src\hotspot\share\interpreter\linkResolver.cpp, line 766]
Event: 4.394 Thread 0x000001af974fc600 Exception <a 'java/lang/ClassNotFoundException'{0x000000008c107e80}: javax/smartcardio/CardPermission> (0x000000008c107e80) 
thrown [t:\workspace\open\src\hotspot\share\classfile\systemDictionary.cpp, line 256]
Event: 4.398 Thread 0x000001af974fc600 Exception <a 'java/io/FileNotFoundException'{0x000000008c116340}> (0x000000008c116340) 
thrown [t:\workspace\open\src\hotspot\share\prims\jni.cpp, line 516]
Event: 4.425 Thread 0x000001af974fc600 Exception <a 'java/lang/NoSuchMethodError'{0x000000008c1f5d60}: 'java.lang.Object java.lang.invoke.DirectMethodHandle$Holder.invokeSpecial(java.lang.Object, java.lang.Object, java.lang.Object, long, java.lang.Object)'> (0x000000008c1f5d60) 
thrown [t:\workspace\open\src\hotspot\share\interpreter\linkResolver.cpp, line 766]
Event: 4.425 Thread 0x000001af974fc600 Exception <a 'java/lang/NoSuchMethodError'{0x000000008c1f9930}: 'java.lang.Object java.lang.invoke.Invokers$Holder.linkToTargetMethod(java.lang.Object, long, java.lang.Object, java.lang.Object)'> (0x000000008c1f9930) 
thrown [t:\workspace\open\src\hotspot\share\interpreter\linkResolver.cpp, line 766]
Event: 4.628 Thread 0x000001af974fc600 Exception <a 'java/lang/NoSuchMethodError'{0x000000008bc4f5c8}: 'void java.lang.invoke.DirectMethodHandle$Holder.invokeStatic(java.lang.Object, java.lang.Object, java.lang.Object, java.lang.Object)'> (0x000000008bc4f5c8) 
thrown [t:\workspace\open\src\hotspot\share\interpreter\linkResolver.cpp, line 766]
Event: 4.798 Thread 0x000001af974fc600 Exception <a 'java/lang/NoSuchMethodError'{0x000000008b8c4370}: 'void java.lang.invoke.DirectMethodHandle$Holder.invokeInterface(java.lang.Object, java.lang.Object, java.lang.Object, java.lang.Object)'> (0x000000008b8c4370) 
thrown [t:\workspace\open\src\hotspot\share\interpreter\linkResolver.cpp, line 766]

VM Operations (12 events):
Event: 1.377 Executing VM operation: Cleanup
Event: 1.665 Executing VM operation: Cleanup done
Event: 1.832 Executing VM operation: HandshakeAllThreads
Event: 1.832 Executing VM operation: HandshakeAllThreads done
Event: 2.843 Executing VM operation: Cleanup
Event: 2.843 Executing VM operation: Cleanup done
Event: 3.715 Executing VM operation: G1CollectForAllocation
Event: 3.811 Executing VM operation: G1CollectForAllocation done
Event: 4.143 Executing VM operation: HandshakeAllThreads
Event: 4.143 Executing VM operation: HandshakeAllThreads done
Event: 4.546 Executing VM operation: HandshakeAllThreads
Event: 4.546 Executing VM operation: HandshakeAllThreads done

Events (20 events):
Event: 4.646 loading class java/nio/file/FileSystemException done
Event: 4.646 loading class java/nio/file/NoSuchFileException done
Event: 4.651 loading class java/net/URLDecoder
Event: 4.651 loading class java/net/URLDecoder done
Event: 4.652 loading class java/net/URLEncoder
Event: 4.652 loading class java/net/URLEncoder done
Event: 4.667 loading class java/util/ImmutableCollections$Access
Event: 4.668 loading class java/util/ImmutableCollections$Access done
Event: 4.668 loading class java/util/ImmutableCollections$Access$1
Event: 4.668 loading class jdk/internal/access/JavaUtilCollectionAccess
Event: 4.668 loading class jdk/internal/access/JavaUtilCollectionAccess done
Event: 4.668 loading class java/util/ImmutableCollections$Access$1 done
Event: 4.670 loading class java/util/stream/Nodes$SpinedNodeBuilder
Event: 4.672 loading class java/util/stream/SpinedBuffer
Event: 4.673 loading class java/util/stream/AbstractSpinedBuffer
Event: 4.675 loading class java/util/stream/AbstractSpinedBuffer done
Event: 4.675 loading class java/util/stream/SpinedBuffer done
Event: 4.675 loading class java/util/stream/Nodes$SpinedNodeBuilder done
Event: 4.792 loading class java/lang/reflect/UndeclaredThrowableException
Event: 4.793 loading class java/lang/reflect/UndeclaredThrowableException done


Dynamic libraries:
0x00007ff737fb0000 - 0x00007ff737fc0000 	C:\Program Files\Java\jdk-17.0.1\bin\java.exe
0x00007ffca3950000 - 0x00007ffca3b45000 	C:\Windows\SYSTEM32\ntdll.dll
0x00007ffca2e50000 - 0x00007ffca2f0e000 	C:\Windows\System32\KERNEL32.DLL
0x00007ffca11a0000 - 0x00007ffca1468000 	C:\Windows\System32\KERNELBASE.dll
0x00007ffca1760000 - 0x00007ffca1860000 	C:\Windows\System32\ucrtbase.dll
0x00007ffc95a40000 - 0x00007ffc95a58000 	C:\Program Files\Java\jdk-17.0.1\bin\jli.dll
0x00007ffca1c40000 - 0x00007ffca1cee000 	C:\Windows\System32\ADVAPI32.dll
0x00007ffca1fb0000 - 0x00007ffca204e000 	C:\Windows\System32\msvcrt.dll
0x00007ffca1cf0000 - 0x00007ffca1d8c000 	C:\Windows\System32\sechost.dll
0x00007ffca3770000 - 0x00007ffca3895000 	C:\Windows\System32\RPCRT4.dll
0x00007ffca2f20000 - 0x00007ffca30c0000 	C:\Windows\System32\USER32.dll
0x00007ffca1970000 - 0x00007ffca1992000 	C:\Windows\System32\win32u.dll
0x00007ffca2e00000 - 0x00007ffca2e2b000 	C:\Windows\System32\GDI32.dll
0x00007ffca15d0000 - 0x00007ffca16dd000 	C:\Windows\System32\gdi32full.dll
0x00007ffca18d0000 - 0x00007ffca196d000 	C:\Windows\System32\msvcp_win.dll
0x00007ffc93d80000 - 0x00007ffc93d9a000 	C:\Program Files\Java\jdk-17.0.1\bin\VCRUNTIME140.dll
0x00007ffc8a220000 - 0x00007ffc8a4ba000 	C:\Windows\WinSxS\amd64_microsoft.windows.common-controls_6595b64144ccf1df_6.0.19041.1110_none_60b5254171f9507e\COMCTL32.dll
0x00007ffc90920000 - 0x00007ffc9092a000 	C:\Windows\SYSTEM32\VERSION.dll
0x00007ffca2050000 - 0x00007ffca2080000 	C:\Windows\System32\IMM32.DLL
0x00007ffc99c20000 - 0x00007ffc99c2c000 	C:\Program Files\Java\jdk-17.0.1\bin\vcruntime140_1.dll
0x00007ffc8e930000 - 0x00007ffc8e9bd000 	C:\Program Files\Java\jdk-17.0.1\bin\msvcp140.dll
0x00007ffc61da0000 - 0x00007ffc6295e000 	C:\Program Files\Java\jdk-17.0.1\bin\server\jvm.dll
0x00007ffca1fa0000 - 0x00007ffca1fa8000 	C:\Windows\System32\PSAPI.DLL
0x00007ffc90090000 - 0x00007ffc90099000 	C:\Windows\SYSTEM32\WSOCK32.dll
0x00007ffca38a0000 - 0x00007ffca390b000 	C:\Windows\System32\WS2_32.dll
0x00007ffc89f40000 - 0x00007ffc89f67000 	C:\Windows\SYSTEM32\WINMM.dll
0x00007ffc9f8e0000 - 0x00007ffc9f8f2000 	C:\Windows\SYSTEM32\kernel.appcore.dll
0x00007ffc90080000 - 0x00007ffc9008a000 	C:\Program Files\Java\jdk-17.0.1\bin\jimage.dll
0x00007ffc9ee40000 - 0x00007ffc9f024000 	C:\Windows\SYSTEM32\DBGHELP.DLL
0x00007ffc86b20000 - 0x00007ffc86b4c000 	C:\Windows\SYSTEM32\dbgcore.DLL
0x00007ffca1110000 - 0x00007ffca1192000 	C:\Windows\System32\bcryptPrimitives.dll
0x00007ffc8f5b0000 - 0x00007ffc8f5d5000 	C:\Program Files\Java\jdk-17.0.1\bin\java.dll
0x00007ffc7ea00000 - 0x00007ffc7ead6000 	C:\Program Files\Java\jdk-17.0.1\bin\svml.dll
0x00007ffca2590000 - 0x00007ffca2cd4000 	C:\Windows\System32\SHELL32.dll
0x00007ffc9f130000 - 0x00007ffc9f8c4000 	C:\Windows\SYSTEM32\windows.storage.dll
0x00007ffca30c0000 - 0x00007ffca3415000 	C:\Windows\System32\combase.dll
0x00007ffca0ab0000 - 0x00007ffca0ade000 	C:\Windows\SYSTEM32\Wldp.dll
0x00007ffca1a70000 - 0x00007ffca1b1d000 	C:\Windows\System32\SHCORE.dll
0x00007ffca2d90000 - 0x00007ffca2de5000 	C:\Windows\System32\shlwapi.dll
0x00007ffca0fa0000 - 0x00007ffca0fbf000 	C:\Windows\SYSTEM32\profapi.dll
0x00007ffc8f570000 - 0x00007ffc8f589000 	C:\Program Files\Java\jdk-17.0.1\bin\net.dll
0x00007ffc982a0000 - 0x00007ffc983ac000 	C:\Windows\SYSTEM32\WINHTTP.dll
0x00007ffca0810000 - 0x00007ffca087a000 	C:\Windows\system32\mswsock.dll
0x00007ffc84fa0000 - 0x00007ffc84fb5000 	C:\Program Files\Java\jdk-17.0.1\bin\nio.dll
0x00007ffc84f80000 - 0x00007ffc84f98000 	C:\Program Files\Java\jdk-17.0.1\bin\zip.dll
0x00007ffc8f810000 - 0x00007ffc8f820000 	C:\Program Files\Java\jdk-17.0.1\bin\verify.dll

dbghelp: loaded successfully - version: 4.0.5 - missing functions: none
symbol engine: initialized successfully - sym options: 0x614 - pdb path: .;C:\Program Files\Java\jdk-17.0.1\bin;C:\Windows\SYSTEM32;C:\Windows\WinSxS\amd64_microsoft.windows.common-controls_6595b64144ccf1df_6.0.19041.1110_none_60b5254171f9507e;C:\Program Files\Java\jdk-17.0.1\bin\server

VM Arguments:
java_command: c:\Users\shiks\.vscode\extensions\salesforce.salesforce-vscode-slds-2.0.12\lsp-2.0.12-executable.jar --PORT=64034
java_class_path (initial): c:\Users\shiks\.vscode\extensions\salesforce.salesforce-vscode-slds-2.0.12\lsp-2.0.12-executable.jar
Launcher Type: SUN_STANDARD

[Global flags]
     intx CICompilerCount                          = 3                                         {product} {ergonomic}
     uint ConcGCThreads                            = 1                                         {product} {ergonomic}
     uint G1ConcRefinementThreads                  = 4                                         {product} {ergonomic}
   size_t G1HeapRegionSize                         = 1048576                                   {product} {ergonomic}
    uintx GCDrainStackTargetSize                   = 64                                        {product} {ergonomic}
   size_t InitialHeapSize                          = 130023424                                 {product} {ergonomic}
   size_t MarkStackSize                            = 4194304                                   {product} {ergonomic}
   size_t MaxHeapSize                              = 2067791872                                {product} {ergonomic}
   size_t MaxNewSize                               = 1240465408                                {product} {ergonomic}
   size_t MinHeapDeltaBytes                        = 1048576                                   {product} {ergonomic}
   size_t MinHeapSize                              = 8388608                                   {product} {ergonomic}
    uintx NonNMethodCodeHeapSize                   = 5832780                                {pd product} {ergonomic}
    uintx NonProfiledCodeHeapSize                  = 122912730                              {pd product} {ergonomic}
    uintx ProfiledCodeHeapSize                     = 122912730                              {pd product} {ergonomic}
    uintx ReservedCodeCacheSize                    = 251658240                              {pd product} {ergonomic}
     bool SegmentedCodeCache                       = true                                      {product} {ergonomic}
   size_t SoftMaxHeapSize                          = 2067791872                             {manageable} {ergonomic}
     bool UseCompressedClassPointers               = true                           {product lp64_product} {ergonomic}
     bool UseCompressedOops                        = true                           {product lp64_product} {ergonomic}
     bool UseG1GC                                  = true                                      {product} {ergonomic}
     bool UseLargePagesIndividualAllocation        = false                                  {pd product} {ergonomic}

Logging:
Log output configuration:
 #0: stdout all=warning uptime,level,tags
 #1: stderr all=off uptime,level,tags

Environment Variables:
JAVA_HOME=C:\Program Files\Java\jdk-17.0.1
PATH=C:\Program Files\Common Files\Oracle\Java\javapath;C:\Program Files (x86)\Common Files\Oracle\Java\java8path;C:\Program Files (x86)\Common Files\Oracle\Java\javapath;C:\Windows\system32;C:\Windows;C:\Windows\System32\Wbem;C:\Windows\System32\WindowsPowerShell\v1.0\;C:\Windows\System32\OpenSSH\;C:\apache-tomcat-9.0.62\bin;C:\Program Files\Java\jdk-17.0.1\bin;C:\Program Files\Java\jdk-17.0.1\bin;C:\Program Files\Git\cmd;C:\Users\shiks\AppData\Roaming\npm;C:\Program Files\MySQL\MySQL Server 8.0\bin;C:\Users\shiks\AppData\Local\nvm;C:\nvm4w\nodejs;C:\Program Files\MySQL\MySQL Shell 8.0\bin\;C:\Users\shiks\AppData\Local\Microsoft\WindowsApps;C:\Users\shiks\AppData\Local\Programs\Microsoft VS Code\bin;C:\Program Files\sfdx\bin;C:\MinGW\bin;C:\Users\shiks\AppData\Local\GitHubDesktop\bin;C:\Program Files\MySQL\MySQL Server 8.0\bin;C:\Program Files\JetBrains\IntelliJ IDEA Community Edition 2025.2\bin;C:\Users\shiks\AppData\Roaming\npm;C:\Users\shiks\AppData\Local\nvm;C:\nvm4w\nodejs
USERNAME=shiks
OS=Windows_NT
PROCESSOR_IDENTIFIER=Intel64 Family 6 Model 140 Stepping 1, GenuineIntel



---------------  S Y S T E M  ---------------

OS:
 Windows 10 , 64 bit Build 19041 (10.0.19041.1503)
OS uptime: 0 days 8:35 hours

CPU: total 4 (initial active 4) (2 cores per cpu, 2 threads per core) family 6 model 140 stepping 1 microcode 0x86, cx8, cmov, fxsr, ht, mmx, 3dnowpref, sse, sse2, sse3, ssse3, sse4.1, sse4.2, popcnt, lzcnt, tsc, tscinvbit, avx, avx2, aes, erms, clmul, bmi1, bmi2, adx, avx512f, avx512dq, avx512cd, avx512bw, avx512vl, sha, fma, vzeroupper, avx512_vpopcntdq, avx512_vpclmulqdq, avx512_vaes, avx512_vnni, clflush, clflushopt, clwb, avx512_vbmi2, avx512_vbmi

Memory: 4k page, system-wide physical 7886M (366M free)
TotalPageFile size 10602M (AvailPageFile size 2M)
current process WorkingSet (physical memory assigned to process): 75M, peak: 79M
current process commit charge ("private bytes"): 221M, peak: 227M

vm_info: Java HotSpot(TM) 64-Bit Server VM (17.0.1+12-LTS-39) for windows-amd64 JRE (17.0.1+12-LTS-39), built on Sep 27 2021 18:41:35 by "mach5one" with MS VC++ 16.8 (VS2019)

END.
